[21:17:29] Init Transporter
[21:17:29] Teleporter init ok 
[21:17:30] Init Transporter
[21:17:30] Teleporter init ok 
[21:17:30] Init Transporter
[21:17:30] Teleporter init ok 
[21:17:33] Teleporter init ok 
[21:17:46] Transporter First Static Start.
[21:17:46] Starting new session
[21:17:46] Transporter First Static Start.
[21:17:46] It's a Server. Loading Config.
[21:17:46] First Start.
[21:17:46] First Start.
[21:17:46] CreateUI()
[21:17:46] RemoveOreUI()
[21:17:46] First Start.
[21:17:46] First Start.
[21:17:46] CreateUI()
[21:17:46] RemoveOreUI()
[21:17:46] First Start.
[21:17:46] First Start.
[21:17:46] CreateUI()
[21:17:46] RemoveOreUI()
[21:17:46] First Start.
[21:17:46] First Start.
[21:17:46] CreateUI()
[21:17:46] RemoveOreUI()
