05-30-23_02-29-35-732 - Logging Started
05-30-23_02-29-57-616 - New Threat Detected:(NPC-AI) Research Base #42 (MyCubeGrid, 127380697273233969)
 - by: Static Grid 3247 (MyCubeGrid, 109115661215793247)Attacking Weapon:Artillery Turret [Weapon] Owner:144115188075856712 - Faction:i like pie(221006133931968295) - Neutrals:False - Friends:False - Unowned:False
[Ai] Owner:144115188075856712 - Faction:i like pie(221006133931968295) - Relationship:Enemies - ThreatLevel:0.7423757 - isFocus:False

05-30-23_02-29-57-766 - New Threat Detected:(NPC-RRP) Raider Pod (MyCubeGrid, 122608667835110008)
 - by: BOP Earth Base (MyCubeGrid, 99056042086003134)Attacking Weapon:Large Assault Cannon Turret [Weapon] Owner:144115188075855973 - Faction:Birds Of Prey(271115867468814982) - Neutrals:False - Friends:False - Unowned:False
[Ai] Owner:144115188075855973 - Faction:Birds Of Prey(271115867468814982) - Relationship:Enemies - ThreatLevel:0.0001 - isFocus:False

05-30-23_02-29-58-071 - New Threat Detected:(NPC-ACS) Gouramis-AT1 (MyCubeGrid, 137288849899229541)
 - by: (NPC-CCF) Alpha (B) (MyCubeGrid, 97967991540941361)Attacking Weapon:TopRetractPDC [Weapon] Owner:144115188075855982 - Faction:The Cult(223904366722494763) - Neutrals:False - Friends:False - Unowned:False
[Ai] Owner:144115188075855982 - Faction:The Cult(223904366722494763) - Relationship:Enemies - ThreatLevel:1 - isFocus:False

05-30-23_02-30-06-132 - New Threat Detected:Small Grid 7893 (MyCubeGrid, 95311678799327893)
 - by: BOP Earth Base (MyCubeGrid, 99056042086003134)Attacking Weapon:MCRN PDC [Weapon] Owner:144115188075855973 - Faction:Birds Of Prey(271115867468814982) - Neutrals:False - Friends:False - Unowned:False
[Ai] Owner:144115188075855973 - Faction:Birds Of Prey(271115867468814982) - Relationship:Enemies - ThreatLevel:0.0001 - isFocus:False

05-30-23_02-30-10-813 - New Threat Detected:Small Grid 2581 (MyCubeGrid, 106129262810772581)
 - by: BOP Earth Base (MyCubeGrid, 99056042086003134)Attacking Weapon:MCRN PDC [Weapon] Owner:144115188075855973 - Faction:Birds Of Prey(271115867468814982) - Neutrals:False - Friends:False - Unowned:False
[Ai] Owner:144115188075855973 - Faction:Birds Of Prey(271115867468814982) - Relationship:Enemies - ThreatLevel:0.0001 - isFocus:False

05-30-23_02-30-12-806 - New Threat Detected:Small Grid 5960 (MyCubeGrid, 139483700208285960)
 - by: BOP Earth Base (MyCubeGrid, 99056042086003134)Attacking Weapon:MCRN PDC [Weapon] Owner:144115188075855973 - Faction:Birds Of Prey(271115867468814982) - Neutrals:False - Friends:False - Unowned:False
[Ai] Owner:144115188075855973 - Faction:Birds Of Prey(271115867468814982) - Relationship:Enemies - ThreatLevel:0.0001 - isFocus:False

05-30-23_02-30-16-283 - New Threat Detected:Small Grid 1221 (MyCubeGrid, 130669921739011221)
 - by: BOP Earth Base (MyCubeGrid, 99056042086003134)Attacking Weapon:Large Assault Cannon Turret [Weapon] Owner:144115188075855973 - Faction:Birds Of Prey(271115867468814982) - Neutrals:False - Friends:False - Unowned:False
[Ai] Owner:144115188075855973 - Faction:Birds Of Prey(271115867468814982) - Relationship:Enemies - ThreatLevel:0.0001 - isFocus:False

05-30-23_02-36-17-792 - New Threat Detected:(NPC-CCF) Tear of the Sun (MyCubeGrid, 134339127063298130)
 - by: (NPC-ACS) JXS Chasqui 02-AT2 (MyCubeGrid, 117258133701355089)Attacking Weapon:Large Missile Turret [Weapon] Owner:144115188075855983 - Faction:Assert Inc(226583181264497071) - Neutrals:False - Friends:False - Unowned:False
[Ai] Owner:144115188075855983 - Faction:Assert Inc(226583181264497071) - Relationship:Enemies - ThreatLevel:0.0001 - isFocus:False

05-30-23_02-46-58-958 - New Threat Detected: (MyCharacter, 139179213283817070)
 - by: Developed Base - Grid 4718 (MyCubeGrid, 88227399907165439)Attacking Weapon:Interior Turret [Weapon] Owner:xXHolicsXx(144115188075856474) - Faction:Otaku Academy(218099087129700207) - Neutrals:False - Friends:False - Unowned:False
[Ai] Owner:xXHolicsXx(144115188075856474) - Faction:Otaku Academy(218099087129700207) - Relationship:Enemies - ThreatLevel:0.0001 - isFocus:False

05-30-23_03-06-21-737 - New Threat Detected: (MyCharacter, 84567908704303193)
 - by: Developed Base - Grid 4718 (MyCubeGrid, 88227399907165439)Attacking Weapon:Interior Turret [Weapon] Owner:xXHolicsXx(144115188075856474) - Faction:Otaku Academy(218099087129700207) - Neutrals:False - Friends:False - Unowned:False
[Ai] Owner:xXHolicsXx(144115188075856474) - Faction:Otaku Academy(218099087129700207) - Relationship:Enemies - ThreatLevel:0.0001 - isFocus:False

05-30-23_03-06-23-610 - New Threat Detected: (MyCharacter, 115190311938432440)
 - by: Developed Base - Grid 4718 (MyCubeGrid, 88227399907165439)Attacking Weapon:Interior Turret [Weapon] Owner:xXHolicsXx(144115188075856474) - Faction:Otaku Academy(218099087129700207) - Neutrals:False - Friends:False - Unowned:False
[Ai] Owner:xXHolicsXx(144115188075856474) - Faction:Otaku Academy(218099087129700207) - Relationship:Enemies - ThreatLevel:0.0001 - isFocus:False

05-30-23_03-06-24-777 - New Threat Detected: (MyCharacter, 112231209063910453)
 - by: Developed Base - Grid 4718 (MyCubeGrid, 88227399907165439)Attacking Weapon:Interior Turret [Weapon] Owner:xXHolicsXx(144115188075856474) - Faction:Otaku Academy(218099087129700207) - Neutrals:False - Friends:False - Unowned:False
[Ai] Owner:xXHolicsXx(144115188075856474) - Faction:Otaku Academy(218099087129700207) - Relationship:Enemies - ThreatLevel:0.0001 - isFocus:False

05-30-23_12-45-17-313 - New Threat Detected:(NPC-AI) Research Base #43 (MyCubeGrid, 72496164710516624)
 - by: (NPC-CCF) Carrier Wave (A) (MyCubeGrid, 102065382057264897)Attacking Weapon:Large Assault Cannon Turret [Weapon] Owner:144115188075855982 - Faction:The Cult(223904366722494763) - Neutrals:False - Friends:False - Unowned:False
[Ai] Owner:144115188075855982 - Faction:The Cult(223904366722494763) - Relationship:Enemies - ThreatLevel:0.4707832 - isFocus:False

05-30-23_13-00-56-454 - New Threat Detected:Small Grid 5893 (MyCubeGrid, 98576482719455893)
 - by: (NPC-AI) Research Base #43 (MyCubeGrid, 72496164710516624)Attacking Weapon:TopRetractPDC [Weapon] Owner:144115188075855983 - Faction:Assert Inc(226583181264497071) - Neutrals:False - Friends:False - Unowned:False
[Ai] Owner:144115188075855983 - Faction:Assert Inc(226583181264497071) - Relationship:Enemies - ThreatLevel:10 - isFocus:True

05-30-23_13-02-42-383 - New Threat Detected:Small Grid 7998 (MyCubeGrid, 91717930431557998)
 - by: (NPC-CCF) Alpha (C) (MyCubeGrid, 92136229632504261)Attacking Weapon:RightRetractPDC [Weapon] Owner:144115188075855982 - Faction:The Cult(223904366722494763) - Neutrals:False - Friends:False - Unowned:False
[Ai] Owner:144115188075855982 - Faction:The Cult(223904366722494763) - Relationship:Enemies - ThreatLevel:1.770013 - isFocus:True

05-30-23_13-03-58-597 - New Threat Detected:Small Grid 2721 (MyCubeGrid, 138771199594112721)
 - by: (NPC-CCF) Alpha (C) (MyCubeGrid, 92136229632504261)Attacking Weapon:TopRetractPDC [Weapon] Owner:144115188075855982 - Faction:The Cult(223904366722494763) - Neutrals:False - Friends:False - Unowned:False
[Ai] Owner:144115188075855982 - Faction:The Cult(223904366722494763) - Relationship:Enemies - ThreatLevel:0.964788 - isFocus:True

05-30-23_13-21-30-834 - New Threat Detected: (MyCharacter, 121326500247216811)
 - by: Developed Base - Grid 4718 (MyCubeGrid, 88227399907165439)Attacking Weapon:Interior Turret [Weapon] Owner:xXHolicsXx(144115188075856474) - Faction:Otaku Academy(218099087129700207) - Neutrals:False - Friends:False - Unowned:False
[Ai] Owner:xXHolicsXx(144115188075856474) - Faction:Otaku Academy(218099087129700207) - Relationship:Enemies - ThreatLevel:0.0001 - isFocus:False

05-30-23_13-21-31-542 - New Threat Detected: (MyCharacter, 122809460693531661)
 - by: Developed Base - Grid 4718 (MyCubeGrid, 88227399907165439)Attacking Weapon:Interior Turret [Weapon] Owner:xXHolicsXx(144115188075856474) - Faction:Otaku Academy(218099087129700207) - Neutrals:False - Friends:False - Unowned:False
[Ai] Owner:xXHolicsXx(144115188075856474) - Faction:Otaku Academy(218099087129700207) - Relationship:Enemies - ThreatLevel:0.0001 - isFocus:False

05-30-23_13-21-32-602 - New Threat Detected: (MyCharacter, 72097294039666265)
 - by: Developed Base - Grid 4718 (MyCubeGrid, 88227399907165439)Attacking Weapon:Interior Turret [Weapon] Owner:xXHolicsXx(144115188075856474) - Faction:Otaku Academy(218099087129700207) - Neutrals:False - Friends:False - Unowned:False
[Ai] Owner:xXHolicsXx(144115188075856474) - Faction:Otaku Academy(218099087129700207) - Relationship:Enemies - ThreatLevel:0.0001 - isFocus:False

05-30-23_13-21-34-667 - New Threat Detected: (MyCharacter, 109608624495471198)
 - by: Developed Base - Grid 4718 (MyCubeGrid, 88227399907165439)Attacking Weapon:Interior Turret [Weapon] Owner:xXHolicsXx(144115188075856474) - Faction:Otaku Academy(218099087129700207) - Neutrals:False - Friends:False - Unowned:False
[Ai] Owner:xXHolicsXx(144115188075856474) - Faction:Otaku Academy(218099087129700207) - Relationship:Enemies - ThreatLevel:0.0001 - isFocus:False

05-30-23_13-21-36-617 - New Threat Detected: (MyCharacter, 88483734542915663)
 - by: Developed Base - Grid 4718 (MyCubeGrid, 88227399907165439)Attacking Weapon:Interior Turret [Weapon] Owner:xXHolicsXx(144115188075856474) - Faction:Otaku Academy(218099087129700207) - Neutrals:False - Friends:False - Unowned:False
[Ai] Owner:xXHolicsXx(144115188075856474) - Faction:Otaku Academy(218099087129700207) - Relationship:Enemies - ThreatLevel:0.0001 - isFocus:False

05-30-23_13-21-37-700 - New Threat Detected: (MyCharacter, 131118550633181823)
 - by: Developed Base - Grid 4718 (MyCubeGrid, 88227399907165439)Attacking Weapon:Interior Turret [Weapon] Owner:xXHolicsXx(144115188075856474) - Faction:Otaku Academy(218099087129700207) - Neutrals:False - Friends:False - Unowned:False
[Ai] Owner:xXHolicsXx(144115188075856474) - Faction:Otaku Academy(218099087129700207) - Relationship:Enemies - ThreatLevel:0.0001 - isFocus:False

05-30-23_13-21-39-517 - New Threat Detected: (MyCharacter, 121020039509277606)
 - by: Developed Base - Grid 4718 (MyCubeGrid, 88227399907165439)Attacking Weapon:Interior Turret [Weapon] Owner:xXHolicsXx(144115188075856474) - Faction:Otaku Academy(218099087129700207) - Neutrals:False - Friends:False - Unowned:False
[Ai] Owner:xXHolicsXx(144115188075856474) - Faction:Otaku Academy(218099087129700207) - Relationship:Enemies - ThreatLevel:0.0001 - isFocus:False

05-30-23_13-21-41-101 - New Threat Detected: (MyCharacter, 121882969942512939)
 - by: Developed Base - Grid 4718 (MyCubeGrid, 88227399907165439)Attacking Weapon:Interior Turret [Weapon] Owner:xXHolicsXx(144115188075856474) - Faction:Otaku Academy(218099087129700207) - Neutrals:False - Friends:False - Unowned:False
[Ai] Owner:xXHolicsXx(144115188075856474) - Faction:Otaku Academy(218099087129700207) - Relationship:Enemies - ThreatLevel:0.0001 - isFocus:False

05-30-23_13-21-43-117 - New Threat Detected: (MyCharacter, 87432228582509734)
 - by: Developed Base - Grid 4718 (MyCubeGrid, 88227399907165439)Attacking Weapon:Interior Turret [Weapon] Owner:xXHolicsXx(144115188075856474) - Faction:Otaku Academy(218099087129700207) - Neutrals:False - Friends:False - Unowned:False
[Ai] Owner:xXHolicsXx(144115188075856474) - Faction:Otaku Academy(218099087129700207) - Relationship:Enemies - ThreatLevel:0.0001 - isFocus:False

05-30-23_13-21-44-355 - New Threat Detected: (MyCharacter, 140226281838313547)
 - by: Developed Base - Grid 4718 (MyCubeGrid, 88227399907165439)Attacking Weapon:Interior Turret [Weapon] Owner:xXHolicsXx(144115188075856474) - Faction:Otaku Academy(218099087129700207) - Neutrals:False - Friends:False - Unowned:False
[Ai] Owner:xXHolicsXx(144115188075856474) - Faction:Otaku Academy(218099087129700207) - Relationship:Enemies - ThreatLevel:0.0001 - isFocus:False

05-30-23_13-21-46-417 - New Threat Detected: (MyCharacter, 85735642060858182)
 - by: Developed Base - Grid 4718 (MyCubeGrid, 88227399907165439)Attacking Weapon:Interior Turret [Weapon] Owner:xXHolicsXx(144115188075856474) - Faction:Otaku Academy(218099087129700207) - Neutrals:False - Friends:False - Unowned:False
[Ai] Owner:xXHolicsXx(144115188075856474) - Faction:Otaku Academy(218099087129700207) - Relationship:Enemies - ThreatLevel:0.0001 - isFocus:False

05-30-23_13-21-47-836 - New Threat Detected: (MyCharacter, 130957443985531319)
 - by: Developed Base - Grid 4718 (MyCubeGrid, 88227399907165439)Attacking Weapon:Interior Turret [Weapon] Owner:xXHolicsXx(144115188075856474) - Faction:Otaku Academy(218099087129700207) - Neutrals:False - Friends:False - Unowned:False
[Ai] Owner:xXHolicsXx(144115188075856474) - Faction:Otaku Academy(218099087129700207) - Relationship:Enemies - ThreatLevel:0.0001 - isFocus:False

05-30-23_13-21-49-419 - New Threat Detected: (MyCharacter, 130388662500737282)
 - by: Developed Base - Grid 4718 (MyCubeGrid, 88227399907165439)Attacking Weapon:Interior Turret [Weapon] Owner:xXHolicsXx(144115188075856474) - Faction:Otaku Academy(218099087129700207) - Neutrals:False - Friends:False - Unowned:False
[Ai] Owner:xXHolicsXx(144115188075856474) - Faction:Otaku Academy(218099087129700207) - Relationship:Enemies - ThreatLevel:0.0001 - isFocus:False

05-30-23_13-21-51-087 - New Threat Detected: (MyCharacter, 117579653743989348)
 - by: Developed Base - Grid 4718 (MyCubeGrid, 88227399907165439)Attacking Weapon:Interior Turret [Weapon] Owner:xXHolicsXx(144115188075856474) - Faction:Otaku Academy(218099087129700207) - Neutrals:False - Friends:False - Unowned:False
[Ai] Owner:xXHolicsXx(144115188075856474) - Faction:Otaku Academy(218099087129700207) - Relationship:Enemies - ThreatLevel:0.0001 - isFocus:False

05-30-23_13-21-53-102 - New Threat Detected: (MyCharacter, 121361703735090841)
 - by: Developed Base - Grid 4718 (MyCubeGrid, 88227399907165439)Attacking Weapon:Interior Turret [Weapon] Owner:xXHolicsXx(144115188075856474) - Faction:Otaku Academy(218099087129700207) - Neutrals:False - Friends:False - Unowned:False
[Ai] Owner:xXHolicsXx(144115188075856474) - Faction:Otaku Academy(218099087129700207) - Relationship:Enemies - ThreatLevel:0.0001 - isFocus:False

05-30-23_13-21-54-968 - New Threat Detected: (MyCharacter, 83821473372283121)
 - by: Developed Base - Grid 4718 (MyCubeGrid, 88227399907165439)Attacking Weapon:Interior Turret [Weapon] Owner:xXHolicsXx(144115188075856474) - Faction:Otaku Academy(218099087129700207) - Neutrals:False - Friends:False - Unowned:False
[Ai] Owner:xXHolicsXx(144115188075856474) - Faction:Otaku Academy(218099087129700207) - Relationship:Enemies - ThreatLevel:0.0001 - isFocus:False

05-30-23_13-27-48-465 - New Threat Detected:(NPC-CCF) Solar Carrier (A) (MyCubeGrid, 106546221198355336)
 - by: (NPC-ACS) Freshmaker 01-AT2 (MyCubeGrid, 140610394189602371)Attacking Weapon:Large Missile Turret [Weapon] Owner:144115188075855983 - Faction:Assert Inc(226583181264497071) - Neutrals:False - Friends:False - Unowned:False
[Ai] Owner:144115188075855983 - Faction:Assert Inc(226583181264497071) - Relationship:Enemies - ThreatLevel:0.2209828 - isFocus:True

05-30-23_13-37-09-818 - New Threat Detected: (MyCharacter, 122102037176886137)
 - by: Developed Base - Grid 4718 (MyCubeGrid, 88227399907165439)Attacking Weapon:Interior Turret [Weapon] Owner:xXHolicsXx(144115188075856474) - Faction:Otaku Academy(218099087129700207) - Neutrals:False - Friends:False - Unowned:False
[Ai] Owner:xXHolicsXx(144115188075856474) - Faction:Otaku Academy(218099087129700207) - Relationship:Enemies - ThreatLevel:0.0001 - isFocus:False

05-30-23_13-59-19-044 - New Threat Detected: (MyCharacter, 143645828011062853)
 - by: Developed Base - Grid 4718 (MyCubeGrid, 88227399907165439)Attacking Weapon:Interior Turret [Weapon] Owner:xXHolicsXx(144115188075856474) - Faction:Otaku Academy(218099087129700207) - Neutrals:False - Friends:False - Unowned:False
[Ai] Owner:xXHolicsXx(144115188075856474) - Faction:Otaku Academy(218099087129700207) - Relationship:Enemies - ThreatLevel:0.0001 - isFocus:False

05-30-23_13-59-22-474 - New Threat Detected: (MyCharacter, 119895194776311016)
 - by: Developed Base - Grid 4718 (MyCubeGrid, 88227399907165439)Attacking Weapon:Interior Turret [Weapon] Owner:xXHolicsXx(144115188075856474) - Faction:Otaku Academy(218099087129700207) - Neutrals:False - Friends:False - Unowned:False
[Ai] Owner:xXHolicsXx(144115188075856474) - Faction:Otaku Academy(218099087129700207) - Relationship:Enemies - ThreatLevel:0.0001 - isFocus:False

05-30-23_13-59-42-258 - New Threat Detected:Static Grid 2913 (MyCubeGrid, 119836863088212913)
 - by: (NPC-CMF) Heretics Bane (A) (MyCubeGrid, 122853297466061120)Attacking Weapon:Small Missile Launcher [Weapon] Owner:144115188075855982 - Faction:The Cult(223904366722494763) - Neutrals:False - Friends:False - Unowned:False
[Ai] Owner:144115188075855982 - Faction:The Cult(223904366722494763) - Relationship:Enemies - ThreatLevel:0.0001 - isFocus:True

05-30-23_13-59-43-942 - New Threat Detected: (MyCharacter, 141944611474799951)
 - by: Developed Base - Grid 4718 (MyCubeGrid, 88227399907165439)Attacking Weapon:Interior Turret [Weapon] Owner:xXHolicsXx(144115188075856474) - Faction:Otaku Academy(218099087129700207) - Neutrals:False - Friends:False - Unowned:False
[Ai] Owner:xXHolicsXx(144115188075856474) - Faction:Otaku Academy(218099087129700207) - Relationship:Enemies - ThreatLevel:0.0001 - isFocus:False

05-30-23_13-59-58-142 - New Threat Detected: (MyCharacter, 139208221465887244)
 - by: Developed Base - Grid 4718 (MyCubeGrid, 88227399907165439)Attacking Weapon:Interior Turret [Weapon] Owner:xXHolicsXx(144115188075856474) - Faction:Otaku Academy(218099087129700207) - Neutrals:False - Friends:False - Unowned:False
[Ai] Owner:xXHolicsXx(144115188075856474) - Faction:Otaku Academy(218099087129700207) - Relationship:Enemies - ThreatLevel:0.0001 - isFocus:False

05-30-23_14-00-47-443 - New Threat Detected:Developed Base - Grid 4718 (MyCubeGrid, 88227399907165439)
 - by: (NPC-CMF) Heretics Bane (A) (MyCubeGrid, 122853297466061120)Attacking Weapon:Small Missile Launcher [Weapon] Owner:144115188075855982 - Faction:The Cult(223904366722494763) - Neutrals:False - Friends:False - Unowned:False
[Ai] Owner:144115188075855982 - Faction:The Cult(223904366722494763) - Relationship:Enemies - ThreatLevel:0.1410736 - isFocus:True

05-30-23_14-00-52-944 - New Threat Detected:Small Grid 8103 (MyCubeGrid, 91705099943488103)
 - by: (NPC-CMF) Heretics Bane (A) (MyCubeGrid, 122853297466061120)Attacking Weapon:Autocannon Turret [Weapon] Owner:144115188075855982 - Faction:The Cult(223904366722494763) - Neutrals:False - Friends:False - Unowned:False
[Ai] Owner:144115188075855982 - Faction:The Cult(223904366722494763) - Relationship:Enemies - ThreatLevel:0.0001 - isFocus:True

05-30-23_14-01-03-225 - New Threat Detected:(NPC-CMF) Heretics Bane (A) (MyCubeGrid, 122853297466061120)
 - by: Developed Base - Grid 4718 (MyCubeGrid, 88227399907165439)Attacking Weapon:Interior Turret [Weapon] Owner:xXHolicsXx(144115188075856474) - Faction:Otaku Academy(218099087129700207) - Neutrals:False - Friends:False - Unowned:False
[Ai] Owner:xXHolicsXx(144115188075856474) - Faction:Otaku Academy(218099087129700207) - Relationship:Enemies - ThreatLevel:7.088499 - isFocus:False

05-30-23_14-04-59-898 - New Threat Detected:Small Grid 229 (MyCubeGrid, 115506817375930229)
 - by: (NPC-CD) Skiff Drone (MyCubeGrid, 106342115169382924)Attacking Weapon:TopRetractPDC [Weapon] Owner:144115188075855982 - Faction:The Cult(223904366722494763) - Neutrals:False - Friends:False - Unowned:False
[Ai] Owner:144115188075855982 - Faction:The Cult(223904366722494763) - Relationship:Enemies - ThreatLevel:0 - isFocus:True

05-30-23_14-04-59-964 - New Threat Detected:(NPC-CD) Skiff Drone (MyCubeGrid, 106342115169382924)
 - by: (NPC-AI) Research Base #43 (MyCubeGrid, 72496164710516624)Attacking Weapon:TopRetractPDC [Weapon] Owner:144115188075855983 - Faction:Assert Inc(226583181264497071) - Neutrals:False - Friends:False - Unowned:False
[Ai] Owner:144115188075855983 - Faction:Assert Inc(226583181264497071) - Relationship:Enemies - ThreatLevel:0.4999999 - isFocus:True

05-30-23_14-05-21-465 - New Threat Detected:Small Grid 4878 (MyCubeGrid, 120917769174344878)
 - by: (NPC-AI) Research Base #43 (MyCubeGrid, 72496164710516624)Attacking Weapon:RightRetractPDC [Weapon] Owner:144115188075855983 - Faction:Assert Inc(226583181264497071) - Neutrals:False - Friends:False - Unowned:False
[Ai] Owner:144115188075855983 - Faction:Assert Inc(226583181264497071) - Relationship:Enemies - ThreatLevel:10 - isFocus:True

05-30-23_14-10-30-075 - New Threat Detected: (MyCharacter, 82186093947832978)
 - by: Developed Base - Grid 4718 (MyCubeGrid, 88227399907165439)Attacking Weapon:Interior Turret [Weapon] Owner:xXHolicsXx(144115188075856474) - Faction:Otaku Academy(218099087129700207) - Neutrals:False - Friends:False - Unowned:False
[Ai] Owner:xXHolicsXx(144115188075856474) - Faction:Otaku Academy(218099087129700207) - Relationship:Enemies - ThreatLevel:0.0001 - isFocus:False

05-30-23_14-10-32-076 - New Threat Detected: (MyCharacter, 98757118892257343)
 - by: Developed Base - Grid 4718 (MyCubeGrid, 88227399907165439)Attacking Weapon:Interior Turret [Weapon] Owner:xXHolicsXx(144115188075856474) - Faction:Otaku Academy(218099087129700207) - Neutrals:False - Friends:False - Unowned:False
[Ai] Owner:xXHolicsXx(144115188075856474) - Faction:Otaku Academy(218099087129700207) - Relationship:Enemies - ThreatLevel:0.0001 - isFocus:False

05-30-23_14-12-54-841 - New Threat Detected:Small Grid 8482 (MyCubeGrid, 130242437516468482)
 - by: Developed Base - Grid 4718 (MyCubeGrid, 88227399907165439)Attacking Weapon:MCRN PDC [Weapon] Owner:xXHolicsXx(144115188075856474) - Faction:Otaku Academy(218099087129700207) - Neutrals:False - Friends:False - Unowned:False
[Ai] Owner:xXHolicsXx(144115188075856474) - Faction:Otaku Academy(218099087129700207) - Relationship:Enemies - ThreatLevel:0.0001 - isFocus:False

05-30-23_14-29-50-288 - New Threat Detected: (MyCharacter, 118086753001115984)
 - by: Developed Base - Grid 4718 (MyCubeGrid, 88227399907165439)Attacking Weapon:Interior Turret [Weapon] Owner:0 - Faction:NA - Neutrals:False - Friends:False - Unowned:False
[Ai] Owner:xXHolicsXx(144115188075856474) - Faction:Otaku Academy(218099087129700207) - Relationship:Enemies - ThreatLevel:0.0001 - isFocus:False

05-30-23_14-29-52-289 - New Threat Detected: (MyCharacter, 108206726978362390)
 - by: Developed Base - Grid 4718 (MyCubeGrid, 88227399907165439)Attacking Weapon:Interior Turret [Weapon] Owner:0 - Faction:NA - Neutrals:False - Friends:False - Unowned:False
[Ai] Owner:xXHolicsXx(144115188075856474) - Faction:Otaku Academy(218099087129700207) - Relationship:Enemies - ThreatLevel:0.0001 - isFocus:False

05-30-23_14-30-01-459 - New Threat Detected: (MyCharacter, 103645577605009499)
 - by: Developed Base - Grid 4718 (MyCubeGrid, 88227399907165439)Attacking Weapon:Interior Turret [Weapon] Owner:xXHolicsXx(144115188075856474) - Faction:Otaku Academy(218099087129700207) - Neutrals:False - Friends:False - Unowned:False
[Ai] Owner:xXHolicsXx(144115188075856474) - Faction:Otaku Academy(218099087129700207) - Relationship:Enemies - ThreatLevel:0.0001 - isFocus:False

05-30-23_14-44-40-082 - New Threat Detected:Small Grid 8490 (MyCubeGrid, 131585192576928490)
 - by: (NPC-ACS) Golden Spear 01-AT2 (MyCubeGrid, 82482469819617638)Attacking Weapon:Large Missile Turret [Weapon] Owner:144115188075855983 - Faction:Assert Inc(226583181264497071) - Neutrals:False - Friends:False - Unowned:False
[Ai] Owner:144115188075855983 - Faction:Assert Inc(226583181264497071) - Relationship:Enemies - ThreatLevel:0.0001 - isFocus:True

05-30-23_14-44-40-119 - New Threat Detected:(NPC-CCF) Alpha (C) (MyCubeGrid, 104838204705266607)
 - by: (NPC-ACS) Golden Spear 01-AT2 (MyCubeGrid, 82482469819617638)Attacking Weapon:Artillery Turret [Weapon] Owner:144115188075855983 - Faction:Assert Inc(226583181264497071) - Neutrals:False - Friends:False - Unowned:False
[Ai] Owner:144115188075855983 - Faction:Assert Inc(226583181264497071) - Relationship:Enemies - ThreatLevel:0.0001 - isFocus:True

05-30-23_15-19-02-742 - New Threat Detected: (MyCharacter, 116411545631256444)
 - by: Developed Base - Grid 4718 (MyCubeGrid, 88227399907165439)Attacking Weapon:Interior Turret [Weapon] Owner:xXHolicsXx(144115188075856474) - Faction:Otaku Academy(218099087129700207) - Neutrals:False - Friends:False - Unowned:False
[Ai] Owner:xXHolicsXx(144115188075856474) - Faction:Otaku Academy(218099087129700207) - Relationship:Enemies - ThreatLevel:0.0001 - isFocus:False

05-30-23_15-19-02-859 - New Threat Detected: (MyCharacter, 138863639214410875)
 - by: Developed Base - Grid 4718 (MyCubeGrid, 88227399907165439)Attacking Weapon:Interior Turret [Weapon] Owner:0 - Faction:NA - Neutrals:False - Friends:False - Unowned:False
[Ai] Owner:xXHolicsXx(144115188075856474) - Faction:Otaku Academy(218099087129700207) - Relationship:Enemies - ThreatLevel:0.0001 - isFocus:False

05-30-23_15-19-10-127 - New Threat Detected: (MyCharacter, 82438009939118798)
 - by: Developed Base - Grid 4718 (MyCubeGrid, 88227399907165439)Attacking Weapon:Interior Turret [Weapon] Owner:xXHolicsXx(144115188075856474) - Faction:Otaku Academy(218099087129700207) - Neutrals:False - Friends:False - Unowned:False
[Ai] Owner:xXHolicsXx(144115188075856474) - Faction:Otaku Academy(218099087129700207) - Relationship:Enemies - ThreatLevel:0.0001 - isFocus:False

05-30-23_15-55-43-297 - New Threat Detected: (MyCharacter, 97092187807014536)
 - by: Developed Base - Grid 4718 (MyCubeGrid, 88227399907165439)Attacking Weapon:Interior Turret [Weapon] Owner:0 - Faction:NA - Neutrals:False - Friends:False - Unowned:False
[Ai] Owner:xXHolicsXx(144115188075856474) - Faction:Otaku Academy(218099087129700207) - Relationship:Enemies - ThreatLevel:0.0001 - isFocus:False

05-30-23_15-55-45-716 - New Threat Detected: (MyCharacter, 110973610071782655)
 - by: Developed Base - Grid 4718 (MyCubeGrid, 88227399907165439)Attacking Weapon:Interior Turret [Weapon] Owner:xXHolicsXx(144115188075856474) - Faction:Otaku Academy(218099087129700207) - Neutrals:False - Friends:False - Unowned:False
[Ai] Owner:xXHolicsXx(144115188075856474) - Faction:Otaku Academy(218099087129700207) - Relationship:Enemies - ThreatLevel:0.0001 - isFocus:False

05-30-23_15-55-46-767 - New Threat Detected: (MyCharacter, 129460577385676231)
 - by: Developed Base - Grid 4718 (MyCubeGrid, 88227399907165439)Attacking Weapon:Interior Turret [Weapon] Owner:xXHolicsXx(144115188075856474) - Faction:Otaku Academy(218099087129700207) - Neutrals:False - Friends:False - Unowned:False
[Ai] Owner:xXHolicsXx(144115188075856474) - Faction:Otaku Academy(218099087129700207) - Relationship:Enemies - ThreatLevel:0.0001 - isFocus:False

05-30-23_16-13-13-102 - New Threat Detected: (MyCharacter, 134210471487694482)
 - by: Developed Base - Grid 4718 (MyCubeGrid, 88227399907165439)Attacking Weapon:Interior Turret [Weapon] Owner:xXHolicsXx(144115188075856474) - Faction:Otaku Academy(218099087129700207) - Neutrals:False - Friends:False - Unowned:False
[Ai] Owner:xXHolicsXx(144115188075856474) - Faction:Otaku Academy(218099087129700207) - Relationship:Enemies - ThreatLevel:0.0001 - isFocus:False

05-30-23_16-13-13-152 - New Threat Detected: (MyCharacter, 102832311745769872)
 - by: Developed Base - Grid 4718 (MyCubeGrid, 88227399907165439)Attacking Weapon:Interior Turret [Weapon] Owner:xXHolicsXx(144115188075856474) - Faction:Otaku Academy(218099087129700207) - Neutrals:False - Friends:False - Unowned:False
[Ai] Owner:xXHolicsXx(144115188075856474) - Faction:Otaku Academy(218099087129700207) - Relationship:Enemies - ThreatLevel:0.0001 - isFocus:False

05-30-23_16-13-13-203 - New Threat Detected: (MyCharacter, 116043189383167307)
 - by: Developed Base - Grid 4718 (MyCubeGrid, 88227399907165439)Attacking Weapon:Interior Turret [Weapon] Owner:xXHolicsXx(144115188075856474) - Faction:Otaku Academy(218099087129700207) - Neutrals:False - Friends:False - Unowned:False
[Ai] Owner:xXHolicsXx(144115188075856474) - Faction:Otaku Academy(218099087129700207) - Relationship:Enemies - ThreatLevel:0.0001 - isFocus:False

05-30-23_16-29-06-508 - New Threat Detected: (MyCharacter, 132092315697582719)
 - by: Developed Base - Grid 4718 (MyCubeGrid, 88227399907165439)Attacking Weapon:Interior Turret [Weapon] Owner:0 - Faction:NA - Neutrals:False - Friends:False - Unowned:False
[Ai] Owner:xXHolicsXx(144115188075856474) - Faction:Otaku Academy(218099087129700207) - Relationship:Enemies - ThreatLevel:0.0001 - isFocus:False

05-30-23_17-05-12-012 - New Threat Detected: (MyCharacter, 138468544743418112)
 - by: Developed Base - Grid 4718 (MyCubeGrid, 88227399907165439)Attacking Weapon:Interior Turret [Weapon] Owner:xXHolicsXx(144115188075856474) - Faction:Otaku Academy(218099087129700207) - Neutrals:False - Friends:False - Unowned:False
[Ai] Owner:xXHolicsXx(144115188075856474) - Faction:Otaku Academy(218099087129700207) - Relationship:Enemies - ThreatLevel:0.0001 - isFocus:False

05-30-23_17-28-51-413 - New Threat Detected:(NPC-ACS) Carryall 01-AT2 (MyCubeGrid, 86260379907618986)
 - by: Small Grid 5893 (MyCubeGrid, 98576482719455893)Attacking Weapon:MCRN PDC [Weapon] Owner:xXHolicsXx(144115188075856474) - Faction:Otaku Academy(218099087129700207) - Neutrals:False - Friends:False - Unowned:False
[Ai] Owner:xXHolicsXx(144115188075856474) - Faction:Otaku Academy(218099087129700207) - Relationship:Enemies - ThreatLevel:19.08174 - isFocus:False

05-30-23_17-37-17-211 - New Threat Detected: (MyCharacter, 128678820225990398)
 - by: Developed Base - Grid 4718 (MyCubeGrid, 88227399907165439)Attacking Weapon:Interior Turret [Weapon] Owner:xXHolicsXx(144115188075856474) - Faction:Otaku Academy(218099087129700207) - Neutrals:False - Friends:False - Unowned:False
[Ai] Owner:xXHolicsXx(144115188075856474) - Faction:Otaku Academy(218099087129700207) - Relationship:Enemies - ThreatLevel:0.0001 - isFocus:False

05-30-23_17-37-18-761 - New Threat Detected: (MyCharacter, 98702038934407194)
 - by: Developed Base - Grid 4718 (MyCubeGrid, 88227399907165439)Attacking Weapon:Interior Turret [Weapon] Owner:xXHolicsXx(144115188075856474) - Faction:Otaku Academy(218099087129700207) - Neutrals:False - Friends:False - Unowned:False
[Ai] Owner:xXHolicsXx(144115188075856474) - Faction:Otaku Academy(218099087129700207) - Relationship:Enemies - ThreatLevel:0.0001 - isFocus:False

05-30-23_17-53-38-441 - New Threat Detected: (MyCharacter, 82101698388108271)
 - by: Developed Base - Grid 4718 (MyCubeGrid, 88227399907165439)Attacking Weapon:Interior Turret [Weapon] Owner:xXHolicsXx(144115188075856474) - Faction:Otaku Academy(218099087129700207) - Neutrals:False - Friends:False - Unowned:False
[Ai] Owner:xXHolicsXx(144115188075856474) - Faction:Otaku Academy(218099087129700207) - Relationship:Enemies - ThreatLevel:0.0001 - isFocus:False

05-30-23_17-53-40-881 - New Threat Detected: (MyCharacter, 113352066975719668)
 - by: Developed Base - Grid 4718 (MyCubeGrid, 88227399907165439)Attacking Weapon:Interior Turret [Weapon] Owner:xXHolicsXx(144115188075856474) - Faction:Otaku Academy(218099087129700207) - Neutrals:False - Friends:False - Unowned:False
[Ai] Owner:xXHolicsXx(144115188075856474) - Faction:Otaku Academy(218099087129700207) - Relationship:Enemies - ThreatLevel:0.0001 - isFocus:False

05-30-23_18-13-38-820 - New Threat Detected:(NPC-AI) Research Base #43 (MyCubeGrid, 141449899332229335)
 - by: Steener Base (MyCubeGrid, 73343309258647233)Attacking Weapon:Large Assault Cannon Turret [Weapon] Owner:Steener(144115188075855932) - Faction:Manic Engineering Hacks(279640416068086632) - Neutrals:False - Friends:False - Unowned:False
[Ai] Owner:Steener(144115188075855932) - Faction:Manic Engineering Hacks(279640416068086632) - Relationship:Enemies - ThreatLevel:1.363064 - isFocus:False

05-30-23_18-17-15-385 - New Threat Detected:Small Grid 2323 (MyCubeGrid, 84453707373182323)
 - by: (NPC-AI) Research Base #43 (MyCubeGrid, 141449899332229335)Attacking Weapon:TopRetractPDC [Weapon] Owner:144115188075855983 - Faction:Assert Inc(226583181264497071) - Neutrals:False - Friends:False - Unowned:False
[Ai] Owner:144115188075855983 - Faction:Assert Inc(226583181264497071) - Relationship:Enemies - ThreatLevel:10 - isFocus:True

05-30-23_18-32-39-490 - New Threat Detected: (MyCharacter, 120991001820274017)
 - by: Steener Base (MyCubeGrid, 73343309258647233)Attacking Weapon:Interior Turret [Weapon] Owner:Steener(144115188075855932) - Faction:Manic Engineering Hacks(279640416068086632) - Neutrals:False - Friends:False - Unowned:False
[Ai] Owner:Steener(144115188075855932) - Faction:Manic Engineering Hacks(279640416068086632) - Relationship:Enemies - ThreatLevel:0.0001 - isFocus:False

05-30-23_18-32-41-623 - New Threat Detected: (MyCharacter, 98263925516198189)
 - by: Steener Base (MyCubeGrid, 73343309258647233)Attacking Weapon:Interior Turret [Weapon] Owner:Steener(144115188075855932) - Faction:Manic Engineering Hacks(279640416068086632) - Neutrals:False - Friends:False - Unowned:False
[Ai] Owner:Steener(144115188075855932) - Faction:Manic Engineering Hacks(279640416068086632) - Relationship:Enemies - ThreatLevel:0.0001 - isFocus:False

05-30-23_18-48-49-811 - New Threat Detected: (MyCharacter, 113331039479416569)
 - by: Steener Base (MyCubeGrid, 73343309258647233)Attacking Weapon:Interior Turret [Weapon] Owner:Steener(144115188075855932) - Faction:Manic Engineering Hacks(279640416068086632) - Neutrals:False - Friends:False - Unowned:False
[Ai] Owner:Steener(144115188075855932) - Faction:Manic Engineering Hacks(279640416068086632) - Relationship:Enemies - ThreatLevel:0.0001 - isFocus:False

05-30-23_18-48-51-378 - New Threat Detected: (MyCharacter, 116398745960718280)
 - by: Steener Base (MyCubeGrid, 73343309258647233)Attacking Weapon:Interior Turret [Weapon] Owner:Steener(144115188075855932) - Faction:Manic Engineering Hacks(279640416068086632) - Neutrals:False - Friends:False - Unowned:False
[Ai] Owner:Steener(144115188075855932) - Faction:Manic Engineering Hacks(279640416068086632) - Relationship:Enemies - ThreatLevel:0.0001 - isFocus:False

05-30-23_18-51-08-305 - New Threat Detected: (MyCharacter, 109875743170796389)
 - by: Developed Base - Grid 4718 (MyCubeGrid, 88227399907165439)Attacking Weapon:Interior Turret [Weapon] Owner:xXHolicsXx(144115188075856474) - Faction:Otaku Academy(218099087129700207) - Neutrals:False - Friends:False - Unowned:False
[Ai] Owner:xXHolicsXx(144115188075856474) - Faction:Otaku Academy(218099087129700207) - Relationship:Enemies - ThreatLevel:0.0001 - isFocus:False

05-30-23_19-09-58-254 - New Threat Detected:Small Grid 8490 (MyCubeGrid, 131585192576928490)
 - by: (NPC-ACS) Buzzard Mk.07-AT1 (MyCubeGrid, 141475362254625995)Attacking Weapon:Artillery Turret [Weapon] Owner:144115188075855983 - Faction:Assert Inc(226583181264497071) - Neutrals:False - Friends:False - Unowned:False
[Ai] Owner:144115188075855983 - Faction:Assert Inc(226583181264497071) - Relationship:Enemies - ThreatLevel:0.0001 - isFocus:True

05-30-23_19-11-01-215 - New Threat Detected: (MyCharacter, 78575439103947193)
 - by: Developed Base - Grid 4718 (MyCubeGrid, 88227399907165439)Attacking Weapon:Interior Turret [Weapon] Owner:xXHolicsXx(144115188075856474) - Faction:Otaku Academy(218099087129700207) - Neutrals:False - Friends:False - Unowned:False
[Ai] Owner:xXHolicsXx(144115188075856474) - Faction:Otaku Academy(218099087129700207) - Relationship:Enemies - ThreatLevel:0.0001 - isFocus:False

05-30-23_19-11-02-745 - New Threat Detected: (MyCharacter, 87443986632132569)
 - by: Developed Base - Grid 4718 (MyCubeGrid, 88227399907165439)Attacking Weapon:Interior Turret [Weapon] Owner:xXHolicsXx(144115188075856474) - Faction:Otaku Academy(218099087129700207) - Neutrals:False - Friends:False - Unowned:False
[Ai] Owner:xXHolicsXx(144115188075856474) - Faction:Otaku Academy(218099087129700207) - Relationship:Enemies - ThreatLevel:0.0001 - isFocus:False

05-30-23_19-11-04-263 - New Threat Detected: (MyCharacter, 97990951010109913)
 - by: Developed Base - Grid 4718 (MyCubeGrid, 88227399907165439)Attacking Weapon:Interior Turret [Weapon] Owner:xXHolicsXx(144115188075856474) - Faction:Otaku Academy(218099087129700207) - Neutrals:False - Friends:False - Unowned:False
[Ai] Owner:xXHolicsXx(144115188075856474) - Faction:Otaku Academy(218099087129700207) - Relationship:Enemies - ThreatLevel:0.0001 - isFocus:False

05-30-23_20-48-03-239 - New Threat Detected:(NPC-CD) Trident Drone (H) (MyCubeGrid, 83946996880245154)
 - by: (NPC-ACS) The Stingray 01-AT1 (MyCubeGrid, 130053382107460801)Attacking Weapon:MCRN PDC [Weapon] Owner:144115188075855983 - Faction:Assert Inc(226583181264497071) - Neutrals:False - Friends:False - Unowned:False
[Ai] Owner:144115188075855983 - Faction:Assert Inc(226583181264497071) - Relationship:Enemies - ThreatLevel:0.1789391 - isFocus:True

05-30-23_21-10-02-977 - New Threat Detected: (MyCharacter, 136480765178593307)
 - by: Developed Base - Grid 4718 (MyCubeGrid, 88227399907165439)Attacking Weapon:Interior Turret [Weapon] Owner:xXHolicsXx(144115188075856474) - Faction:Otaku Academy(218099087129700207) - Neutrals:False - Friends:False - Unowned:False
[Ai] Owner:xXHolicsXx(144115188075856474) - Faction:Otaku Academy(218099087129700207) - Relationship:Enemies - ThreatLevel:0.0001 - isFocus:False

05-30-23_21-10-13-977 - New Threat Detected: (MyCharacter, 136447947702113293)
 - by: Developed Base - Grid 4718 (MyCubeGrid, 88227399907165439)Attacking Weapon:Interior Turret [Weapon] Owner:xXHolicsXx(144115188075856474) - Faction:Otaku Academy(218099087129700207) - Neutrals:False - Friends:False - Unowned:False
[Ai] Owner:xXHolicsXx(144115188075856474) - Faction:Otaku Academy(218099087129700207) - Relationship:Enemies - ThreatLevel:0.0001 - isFocus:False

05-30-23_21-13-12-323 - New Threat Detected:(NPC-CCF) Tear of the Sun (MyCubeGrid, 134339127063298130)
 - by: (NPC-ACS) Bubbly Bertha 01 (MyCubeGrid, 131327582313205446)Attacking Weapon:Large Assault Cannon Turret [Weapon] Owner:144115188075855983 - Faction:Assert Inc(226583181264497071) - Neutrals:False - Friends:False - Unowned:False
[Ai] Owner:144115188075855983 - Faction:Assert Inc(226583181264497071) - Relationship:Enemies - ThreatLevel:0.0001 - isFocus:True

05-30-23_21-28-23-940 - New Threat Detected: (MyCharacter, 125330348570032450)
 - by: Developed Base - Grid 4718 (MyCubeGrid, 88227399907165439)Attacking Weapon:Interior Turret [Weapon] Owner:0 - Faction:NA - Neutrals:False - Friends:False - Unowned:False
[Ai] Owner:xXHolicsXx(144115188075856474) - Faction:Otaku Academy(218099087129700207) - Relationship:Enemies - ThreatLevel:0.0001 - isFocus:False

05-30-23_21-39-16-276 - New Threat Detected:(NPC-RRP) Raider Pod (MyCubeGrid, 114575338834148879)
 - by: BOP Earth Base (MyCubeGrid, 99056042086003134)Attacking Weapon:Large Assault Cannon Turret [Weapon] Owner:144115188075855973 - Faction:Birds Of Prey(271115867468814982) - Neutrals:False - Friends:False - Unowned:False
[Ai] Owner:144115188075855973 - Faction:Birds Of Prey(271115867468814982) - Relationship:Enemies - ThreatLevel:0.0001 - isFocus:False

05-30-23_21-40-30-298 - New Threat Detected:Small Grid 6964 (MyCubeGrid, 99015809683656964)
 - by: BOP Earth Base (MyCubeGrid, 99056042086003134)Attacking Weapon:MCRN PDC [Weapon] Owner:144115188075855973 - Faction:Birds Of Prey(271115867468814982) - Neutrals:False - Friends:False - Unowned:False
[Ai] Owner:144115188075855973 - Faction:Birds Of Prey(271115867468814982) - Relationship:Enemies - ThreatLevel:0.0001 - isFocus:False

05-30-23_21-40-36-632 - New Threat Detected:Small Grid 6450 (MyCubeGrid, 128865657477656450)
 - by: BOP Earth Base (MyCubeGrid, 99056042086003134)Attacking Weapon:MCRN PDC [Weapon] Owner:144115188075855973 - Faction:Birds Of Prey(271115867468814982) - Neutrals:False - Friends:False - Unowned:False
[Ai] Owner:144115188075855973 - Faction:Birds Of Prey(271115867468814982) - Relationship:Enemies - ThreatLevel:0.0001 - isFocus:False

05-30-23_21-42-44-182 - New Threat Detected:(NPC-ACS) Gouramis-AT1 (MyCubeGrid, 137288849899229541)
 - by: (NPC-RVR) Devourer (MyCubeGrid, 100769744349277172)Attacking Weapon:Artillery Turret [Weapon] Owner:144115188075855980 - Faction:Reavers(244098564260072880) - Neutrals:False - Friends:False - Unowned:False
[Ai] Owner:144115188075855980 - Faction:Reavers(244098564260072880) - Relationship:Enemies - ThreatLevel:0.2274674 - isFocus:True

05-30-23_21-42-45-572 - New Threat Detected:(NPC-RVR) Devourer (MyCubeGrid, 100769744349277172)
 - by: BOP Earth Base (MyCubeGrid, 99056042086003134)Attacking Weapon:Large Assault Cannon Turret [Weapon] Owner:144115188075855973 - Faction:Birds Of Prey(271115867468814982) - Neutrals:False - Friends:False - Unowned:False
[Ai] Owner:144115188075855973 - Faction:Birds Of Prey(271115867468814982) - Relationship:Enemies - ThreatLevel:3.761011 - isFocus:False

05-30-23_21-43-18-510 - New Threat Detected:Large Grid 5776 (MyCubeGrid, 117662383383755776)
 - by: (NPC-RVR) Devourer (MyCubeGrid, 100769744349277172)Attacking Weapon:TopRetractPDC [Weapon] Owner:144115188075855980 - Faction:Reavers(244098564260072880) - Neutrals:False - Friends:False - Unowned:False
[Ai] Owner:144115188075855980 - Faction:Reavers(244098564260072880) - Relationship:Enemies - ThreatLevel:0 - isFocus:True

05-30-23_21-43-20-588 - New Threat Detected:Small Grid 6781 (MyCubeGrid, 118793321981076781)
 - by: (NPC-RVR) Devourer (MyCubeGrid, 100769744349277172)Attacking Weapon:MCRN PDC [Weapon] Owner:144115188075855980 - Faction:Reavers(244098564260072880) - Neutrals:False - Friends:False - Unowned:False
[Ai] Owner:144115188075855980 - Faction:Reavers(244098564260072880) - Relationship:Enemies - ThreatLevel:0 - isFocus:True

05-30-23_21-43-21-489 - New Threat Detected:Large Grid 6393 (MyCubeGrid, 80006321821696393)
 - by: (NPC-RVR) Devourer (MyCubeGrid, 100769744349277172)Attacking Weapon:MCRN PDC [Weapon] Owner:144115188075855980 - Faction:Reavers(244098564260072880) - Neutrals:False - Friends:False - Unowned:False
[Ai] Owner:144115188075855980 - Faction:Reavers(244098564260072880) - Relationship:Enemies - ThreatLevel:0 - isFocus:True

05-30-23_21-43-27-139 - New Threat Detected:Small Grid 2538 (MyCubeGrid, 72421276854562538)
 - by: (NPC-RVR) Devourer (MyCubeGrid, 100769744349277172)Attacking Weapon:LeftRetractPDC [Weapon] Owner:144115188075855980 - Faction:Reavers(244098564260072880) - Neutrals:False - Friends:False - Unowned:False
[Ai] Owner:144115188075855980 - Faction:Reavers(244098564260072880) - Relationship:Enemies - ThreatLevel:0.1831625 - isFocus:True

05-30-23_21-43-27-593 - New Threat Detected:BOP Earth Base (MyCubeGrid, 99056042086003134)
 - by: (NPC-RVR) Devourer (MyCubeGrid, 100769744349277172)Attacking Weapon:LeftRetractPDC [Weapon] Owner:144115188075855980 - Faction:Reavers(244098564260072880) - Neutrals:False - Friends:False - Unowned:False
[Ai] Owner:144115188075855980 - Faction:Reavers(244098564260072880) - Relationship:Enemies - ThreatLevel:0.265886 - isFocus:True

05-30-23_21-43-31-705 - New Threat Detected:Small Grid 2418 (MyCubeGrid, 76329035769852418)
 - by: (NPC-RVR) Devourer (MyCubeGrid, 100769744349277172)Attacking Weapon:Artillery Turret [Weapon] Owner:144115188075855980 - Faction:Reavers(244098564260072880) - Neutrals:False - Friends:False - Unowned:False
[Ai] Owner:144115188075855980 - Faction:Reavers(244098564260072880) - Relationship:Enemies - ThreatLevel:0.0001 - isFocus:True

05-30-23_21-43-31-875 - New Threat Detected:BOP Rover Miner 5x5 (MyCubeGrid, 138088895761152465)
 - by: (NPC-RVR) Devourer (MyCubeGrid, 100769744349277172)Attacking Weapon:MCRN PDC [Weapon] Owner:144115188075855980 - Faction:Reavers(244098564260072880) - Neutrals:False - Friends:False - Unowned:False
[Ai] Owner:144115188075855980 - Faction:Reavers(244098564260072880) - Relationship:Enemies - ThreatLevel:0.0001 - isFocus:True

05-30-23_21-43-33-722 - New Threat Detected:Large Grid 2356 (MyCubeGrid, 141404075685532356)
 - by: (NPC-RVR) Devourer (MyCubeGrid, 100769744349277172)Attacking Weapon:LeftRetractPDC [Weapon] Owner:144115188075855980 - Faction:Reavers(244098564260072880) - Neutrals:False - Friends:False - Unowned:False
[Ai] Owner:144115188075855980 - Faction:Reavers(244098564260072880) - Relationship:Enemies - ThreatLevel:0 - isFocus:True

05-30-23_21-43-34-257 - New Threat Detected:Large Grid 751 (MyCubeGrid, 143514481066060751)
 - by: (NPC-RVR) Devourer (MyCubeGrid, 100769744349277172)Attacking Weapon:Large Gatling Turret [Weapon] Owner:144115188075855980 - Faction:Reavers(244098564260072880) - Neutrals:False - Friends:False - Unowned:False
[Ai] Owner:144115188075855980 - Faction:Reavers(244098564260072880) - Relationship:Enemies - ThreatLevel:0 - isFocus:True

05-30-23_21-43-35-441 - New Threat Detected:Small Grid 4516 (MyCubeGrid, 116727438020806153)
 - by: (NPC-RVR) Devourer (MyCubeGrid, 100769744349277172)Attacking Weapon:Large Gatling Turret [Weapon] Owner:144115188075855980 - Faction:Reavers(244098564260072880) - Neutrals:False - Friends:False - Unowned:False
[Ai] Owner:144115188075855980 - Faction:Reavers(244098564260072880) - Relationship:Enemies - ThreatLevel:0.09158123 - isFocus:True

05-30-23_21-43-36-270 - New Threat Detected:Large Grid 8914 (MyCubeGrid, 137296596747748914)
 - by: (NPC-RVR) Devourer (MyCubeGrid, 100769744349277172)Attacking Weapon:MCRN PDC [Weapon] Owner:144115188075855980 - Faction:Reavers(244098564260072880) - Neutrals:False - Friends:False - Unowned:False
[Ai] Owner:144115188075855980 - Faction:Reavers(244098564260072880) - Relationship:Enemies - ThreatLevel:0.0001 - isFocus:True

05-30-23_21-43-36-403 - New Threat Detected:(NPC-RRP) Raider Pod (MyCubeGrid, 83440625300371346)
 - by: (NPC-RVR) Devourer (MyCubeGrid, 100769744349277172)Attacking Weapon:Artillery Turret [Weapon] Owner:144115188075855980 - Faction:Reavers(244098564260072880) - Neutrals:False - Friends:False - Unowned:False
[Ai] Owner:144115188075855980 - Faction:Reavers(244098564260072880) - Relationship:Enemies - ThreatLevel:0.0001 - isFocus:True

05-30-23_21-44-13-349 - New Threat Detected:Adams Rover 1 (MyCubeGrid, 79927523081281113)
 - by: (NPC-RVR) Devourer (MyCubeGrid, 100769744349277172)Attacking Weapon:LeftRetractPDC [Weapon] Owner:144115188075855980 - Faction:Reavers(244098564260072880) - Neutrals:False - Friends:False - Unowned:False
[Ai] Owner:144115188075855980 - Faction:Reavers(244098564260072880) - Relationship:Enemies - ThreatLevel:0 - isFocus:True

05-30-23_21-44-32-390 - New Threat Detected:Static Grid 8876 (MyCubeGrid, 112059170961778876)
 - by: (NPC-RVR) Devourer (MyCubeGrid, 100769744349277172)Attacking Weapon:LeftRetractPDC [Weapon] Owner:144115188075855980 - Faction:Reavers(244098564260072880) - Neutrals:False - Friends:False - Unowned:False
[Ai] Owner:144115188075855980 - Faction:Reavers(244098564260072880) - Relationship:Enemies - ThreatLevel:0 - isFocus:True

05-30-23_21-45-02-519 - New Threat Detected:Small Grid 6104 (MyCubeGrid, 142512822372174755)
 - by: (NPC-RVR) Devourer (MyCubeGrid, 100769744349277172)Attacking Weapon:MCRN PDC [Weapon] Owner:144115188075855980 - Faction:Reavers(244098564260072880) - Neutrals:False - Friends:False - Unowned:False
[Ai] Owner:144115188075855980 - Faction:Reavers(244098564260072880) - Relationship:Enemies - ThreatLevel:0.0001 - isFocus:True

05-30-23_21-45-31-121 - New Threat Detected:(NPC-RRP) Raider Pod (MyCubeGrid, 122608667835110008)
 - by: (NPC-RVR) Devourer (MyCubeGrid, 100769744349277172)Attacking Weapon:MCRN PDC [Weapon] Owner:144115188075855980 - Faction:Reavers(244098564260072880) - Neutrals:False - Friends:False - Unowned:False
[Ai] Owner:144115188075855980 - Faction:Reavers(244098564260072880) - Relationship:Enemies - ThreatLevel:0 - isFocus:True

05-30-23_21-48-00-887 - New Threat Detected:Static Grid 9137 (MyCubeGrid, 94856983675189137)
 - by: (NPC-RVR) Devourer (MyCubeGrid, 100769744349277172)Attacking Weapon:MCRN PDC [Weapon] Owner:144115188075855980 - Faction:Reavers(244098564260072880) - Neutrals:False - Friends:False - Unowned:False
[Ai] Owner:144115188075855980 - Faction:Reavers(244098564260072880) - Relationship:Enemies - ThreatLevel:0 - isFocus:True

05-30-23_21-53-06-704 - New Threat Detected:(NPC-RRP) Raider Pod (MyCubeGrid, 127120477539512597)
 - by: Developed Base - Grid 4718 (MyCubeGrid, 88227399907165439)Attacking Weapon:MCRN PDC [Weapon] Owner:xXHolicsXx(144115188075856474) - Faction:Otaku Academy(218099087129700207) - Neutrals:False - Friends:False - Unowned:False
[Ai] Owner:xXHolicsXx(144115188075856474) - Faction:Otaku Academy(218099087129700207) - Relationship:Enemies - ThreatLevel:0.0001 - isFocus:False

05-30-23_21-53-26-870 - New Threat Detected:Small Grid 3733 (MyCubeGrid, 143363594212793733)
 - by: Developed Base - Grid 4718 (MyCubeGrid, 88227399907165439)Attacking Weapon:Interior Turret [Weapon] Owner:xXHolicsXx(144115188075856474) - Faction:Otaku Academy(218099087129700207) - Neutrals:False - Friends:False - Unowned:False
[Ai] Owner:xXHolicsXx(144115188075856474) - Faction:Otaku Academy(218099087129700207) - Relationship:Enemies - ThreatLevel:0.0001 - isFocus:False

05-30-23_21-53-34-921 - New Threat Detected:Small Grid 7070 (MyCubeGrid, 102779905051777070)
 - by: Developed Base - Grid 4718 (MyCubeGrid, 88227399907165439)Attacking Weapon:Interior Turret [Weapon] Owner:xXHolicsXx(144115188075856474) - Faction:Otaku Academy(218099087129700207) - Neutrals:False - Friends:False - Unowned:False
[Ai] Owner:xXHolicsXx(144115188075856474) - Faction:Otaku Academy(218099087129700207) - Relationship:Enemies - ThreatLevel:0.0001 - isFocus:False

05-30-23_22-01-40-266 - New Threat Detected:Small Grid 9353 (MyCubeGrid, 99778412751559353)
 - by: (NPC-RVR) Devourer (MyCubeGrid, 100769744349277172)Attacking Weapon:MCRN PDC [Weapon] Owner:144115188075855980 - Faction:Reavers(244098564260072880) - Neutrals:False - Friends:False - Unowned:False
[Ai] Owner:144115188075855980 - Faction:Reavers(244098564260072880) - Relationship:Enemies - ThreatLevel:0.06105408 - isFocus:True

05-30-23_22-02-38-252 - New Threat Detected: (MyCharacter, 102412139357893158)
 - by: Developed Base - Grid 4718 (MyCubeGrid, 88227399907165439)Attacking Weapon:Interior Turret [Weapon] Owner:xXHolicsXx(144115188075856474) - Faction:Otaku Academy(218099087129700207) - Neutrals:False - Friends:False - Unowned:False
[Ai] Owner:xXHolicsXx(144115188075856474) - Faction:Otaku Academy(218099087129700207) - Relationship:Enemies - ThreatLevel:0.0001 - isFocus:False

05-30-23_22-02-39-866 - New Threat Detected: (MyCharacter, 100687791070679724)
 - by: Developed Base - Grid 4718 (MyCubeGrid, 88227399907165439)Attacking Weapon:Interior Turret [Weapon] Owner:0 - Faction:NA - Neutrals:False - Friends:False - Unowned:False
[Ai] Owner:xXHolicsXx(144115188075856474) - Faction:Otaku Academy(218099087129700207) - Relationship:Enemies - ThreatLevel:0.0001 - isFocus:False

05-30-23_22-02-41-865 - New Threat Detected: (MyCharacter, 143771351760709437)
 - by: Developed Base - Grid 4718 (MyCubeGrid, 88227399907165439)Attacking Weapon:Interior Turret [Weapon] Owner:0 - Faction:NA - Neutrals:False - Friends:False - Unowned:False
[Ai] Owner:xXHolicsXx(144115188075856474) - Faction:Otaku Academy(218099087129700207) - Relationship:Enemies - ThreatLevel:0.0001 - isFocus:False

05-30-23_22-21-39-088 - New Threat Detected: (MyCharacter, 95485045073989360)
 - by: Developed Base - Grid 4718 (MyCubeGrid, 88227399907165439)Attacking Weapon:Interior Turret [Weapon] Owner:xXHolicsXx(144115188075856474) - Faction:Otaku Academy(218099087129700207) - Neutrals:False - Friends:False - Unowned:False
[Ai] Owner:xXHolicsXx(144115188075856474) - Faction:Otaku Academy(218099087129700207) - Relationship:Enemies - ThreatLevel:0.0001 - isFocus:False

05-30-23_22-21-41-105 - New Threat Detected: (MyCharacter, 77400250858007203)
 - by: Developed Base - Grid 4718 (MyCubeGrid, 88227399907165439)Attacking Weapon:Interior Turret [Weapon] Owner:0 - Faction:NA - Neutrals:False - Friends:False - Unowned:False
[Ai] Owner:xXHolicsXx(144115188075856474) - Faction:Otaku Academy(218099087129700207) - Relationship:Enemies - ThreatLevel:0.0001 - isFocus:False

05-30-23_22-21-43-177 - New Threat Detected: (MyCharacter, 85742235078901662)
 - by: Developed Base - Grid 4718 (MyCubeGrid, 88227399907165439)Attacking Weapon:Interior Turret [Weapon] Owner:xXHolicsXx(144115188075856474) - Faction:Otaku Academy(218099087129700207) - Neutrals:False - Friends:False - Unowned:False
[Ai] Owner:xXHolicsXx(144115188075856474) - Faction:Otaku Academy(218099087129700207) - Relationship:Enemies - ThreatLevel:0.0001 - isFocus:False

05-30-23_22-21-44-571 - New Threat Detected: (MyCharacter, 112804969893294592)
 - by: Developed Base - Grid 4718 (MyCubeGrid, 88227399907165439)Attacking Weapon:Interior Turret [Weapon] Owner:xXHolicsXx(144115188075856474) - Faction:Otaku Academy(218099087129700207) - Neutrals:False - Friends:False - Unowned:False
[Ai] Owner:xXHolicsXx(144115188075856474) - Faction:Otaku Academy(218099087129700207) - Relationship:Enemies - ThreatLevel:0.0001 - isFocus:False

05-30-23_22-25-47-316 - New Threat Detected:Small Grid 8490 (MyCubeGrid, 131585192576928490)
 - by: (NPC-ACS) Golden Spear 01-AT1 (MyCubeGrid, 102293917262067663)Attacking Weapon:Large Missile Turret [Weapon] Owner:144115188075855983 - Faction:Assert Inc(226583181264497071) - Neutrals:False - Friends:False - Unowned:False
[Ai] Owner:144115188075855983 - Faction:Assert Inc(226583181264497071) - Relationship:Enemies - ThreatLevel:0.0001 - isFocus:True

05-30-23_22-37-09-811 - New Threat Detected: (MyCharacter, 118910127628260304)
 - by: Developed Base - Grid 4718 (MyCubeGrid, 88227399907165439)Attacking Weapon:Interior Turret [Weapon] Owner:xXHolicsXx(144115188075856474) - Faction:Otaku Academy(218099087129700207) - Neutrals:False - Friends:False - Unowned:False
[Ai] Owner:xXHolicsXx(144115188075856474) - Faction:Otaku Academy(218099087129700207) - Relationship:Enemies - ThreatLevel:0.0001 - isFocus:False

05-30-23_22-41-13-846 - New Threat Detected:Small Grid 7313 (MyCubeGrid, 85634734046617313)
 - by: (NPC-ORK) Shootaboat (MyCubeGrid, 142682010633964407)Attacking Weapon:Artillery Turret [Weapon] Owner:144115188075855979 - Faction:Orks(287706722855875944) - Neutrals:False - Friends:False - Unowned:False
[Ai] Owner:144115188075855979 - Faction:Orks(287706722855875944) - Relationship:Enemies - ThreatLevel:3.484138 - isFocus:False

05-30-23_22-41-18-813 - New Threat Detected:Small Grid 3211 (MyCubeGrid, 141980515527803211)
 - by: (NPC-ORK) Shootaboat (MyCubeGrid, 142682010633964407)Attacking Weapon:LeftRetractPDC [Weapon] Owner:144115188075855979 - Faction:Orks(287706722855875944) - Neutrals:False - Friends:False - Unowned:False
[Ai] Owner:144115188075855979 - Faction:Orks(287706722855875944) - Relationship:Enemies - ThreatLevel:10 - isFocus:False

05-30-23_22-42-38-499 - New Threat Detected: (MyCharacter, 103407487581679486)
 - by: (NPC-CCF) Alpha (B) (MyCubeGrid, 97967991540941361)Attacking Weapon:TopRetractPDC [Weapon] Owner:144115188075855982 - Faction:The Cult(223904366722494763) - Neutrals:False - Friends:False - Unowned:False
[Ai] Owner:144115188075855982 - Faction:The Cult(223904366722494763) - Relationship:Enemies - ThreatLevel:0.0001 - isFocus:False

05-30-23_22-42-41-522 - New Threat Detected: (MyCharacter, 103935269947976851)
 - by: (NPC-CCF) Alpha (B) (MyCubeGrid, 97967991540941361)Attacking Weapon:TopRetractPDC [Weapon] Owner:144115188075855982 - Faction:The Cult(223904366722494763) - Neutrals:False - Friends:False - Unowned:False
[Ai] Owner:144115188075855982 - Faction:The Cult(223904366722494763) - Relationship:Enemies - ThreatLevel:0.0001 - isFocus:False

05-30-23_22-42-43-732 - New Threat Detected: (MyCharacter, 121727917004993794)
 - by: (NPC-CCF) Alpha (B) (MyCubeGrid, 97967991540941361)Attacking Weapon:TopRetractPDC [Weapon] Owner:144115188075855982 - Faction:The Cult(223904366722494763) - Neutrals:False - Friends:False - Unowned:False
[Ai] Owner:144115188075855982 - Faction:The Cult(223904366722494763) - Relationship:Enemies - ThreatLevel:0.0001 - isFocus:False

05-30-23_22-42-45-880 - New Threat Detected: (MyCharacter, 81555752373496778)
 - by: (NPC-CCF) Alpha (B) (MyCubeGrid, 97967991540941361)Attacking Weapon:TopRetractPDC [Weapon] Owner:144115188075855982 - Faction:The Cult(223904366722494763) - Neutrals:False - Friends:False - Unowned:False
[Ai] Owner:144115188075855982 - Faction:The Cult(223904366722494763) - Relationship:Enemies - ThreatLevel:0.0001 - isFocus:False

05-30-23_22-42-48-132 - New Threat Detected: (MyCharacter, 132479961681003118)
 - by: (NPC-CCF) Alpha (B) (MyCubeGrid, 97967991540941361)Attacking Weapon:TopRetractPDC [Weapon] Owner:144115188075855982 - Faction:The Cult(223904366722494763) - Neutrals:False - Friends:False - Unowned:False
[Ai] Owner:144115188075855982 - Faction:The Cult(223904366722494763) - Relationship:Enemies - ThreatLevel:0.0001 - isFocus:False

05-30-23_22-42-50-230 - New Threat Detected: (MyCharacter, 91039780252891993)
 - by: (NPC-CCF) Alpha (B) (MyCubeGrid, 97967991540941361)Attacking Weapon:TopRetractPDC [Weapon] Owner:144115188075855982 - Faction:The Cult(223904366722494763) - Neutrals:False - Friends:False - Unowned:False
[Ai] Owner:144115188075855982 - Faction:The Cult(223904366722494763) - Relationship:Enemies - ThreatLevel:0.0001 - isFocus:False

05-30-23_22-42-52-330 - New Threat Detected: (MyCharacter, 140457371738095203)
 - by: (NPC-CCF) Alpha (B) (MyCubeGrid, 97967991540941361)Attacking Weapon:TopRetractPDC [Weapon] Owner:144115188075855982 - Faction:The Cult(223904366722494763) - Neutrals:False - Friends:False - Unowned:False
[Ai] Owner:144115188075855982 - Faction:The Cult(223904366722494763) - Relationship:Enemies - ThreatLevel:0.0001 - isFocus:False

05-30-23_22-42-54-418 - New Threat Detected:Small Grid 7313 (MyCubeGrid, 85634734046617313)
 - by: (NPC-CCF) Alpha (B) (MyCubeGrid, 97967991540941361)Attacking Weapon:TopRetractPDC [Weapon] Owner:144115188075855982 - Faction:The Cult(223904366722494763) - Neutrals:False - Friends:False - Unowned:False
[Ai] Owner:144115188075855982 - Faction:The Cult(223904366722494763) - Relationship:Enemies - ThreatLevel:2.65502 - isFocus:False

05-30-23_23-13-05-567 - New Threat Detected:(NPC-ORK) Shootaboat (MyCubeGrid, 142682010633964407)
 - by: xXHolicsXx (MyCharacter, 77391322279978837)Attacking Weapon:Basic Rocket [Weapon] Owner:xXHolicsXx(144115188075856474) - Faction:Otaku Academy(218099087129700207) - Neutrals:False - Friends:False - Unowned:False
[Ai] Owner:xXHolicsXx(144115188075856474) - Faction:Otaku Academy(218099087129700207) - Relationship:Enemies - ThreatLevel:0.0001 - isFocus:True

05-30-23_23-13-39-631 - New Threat Detected:(NPC-RVR) Devourer (MyCubeGrid, 100769744349277172)
 - by: (NPC-ACS) SRCH 'Slippery Beetle' 01-AT1 (MyCubeGrid, 82698082977854948)Attacking Weapon:Large Missile Turret [Weapon] Owner:144115188075855983 - Faction:Assert Inc(226583181264497071) - Neutrals:False - Friends:False - Unowned:False
[Ai] Owner:144115188075855983 - Faction:Assert Inc(226583181264497071) - Relationship:Enemies - ThreatLevel:3.481839 - isFocus:False

05-30-23_23-15-44-301 - New Threat Detected:(NPC-ACS) SRCH 'Slippery Beetle' 01-AT1 (MyCubeGrid, 82698082977854948)
 - by: Static Grid 3247 (MyCubeGrid, 109115661215793247)Attacking Weapon:Artillery Turret [Weapon] Owner:144115188075856712 - Faction:i like pie(221006133931968295) - Neutrals:False - Friends:False - Unowned:False
[Ai] Owner:144115188075856712 - Faction:i like pie(221006133931968295) - Relationship:Enemies - ThreatLevel:0.6248916 - isFocus:False

05-31-23_20-10-02-640 - New Threat Detected: (MyCharacter, 98267185860874910)
 - by: Developed Base - Grid 4718 (MyCubeGrid, 88227399907165439)Attacking Weapon:Interior Turret [Weapon] Owner:0 - Faction:NA - Neutrals:False - Friends:False - Unowned:False
[Ai] Owner:xXHolicsXx(144115188075856474) - Faction:Otaku Academy(218099087129700207) - Relationship:Enemies - ThreatLevel:0.0001 - isFocus:False

05-31-23_20-10-04-127 - New Threat Detected: (MyCharacter, 141842282360093135)
 - by: Developed Base - Grid 4718 (MyCubeGrid, 88227399907165439)Attacking Weapon:Interior Turret [Weapon] Owner:xXHolicsXx(144115188075856474) - Faction:Otaku Academy(218099087129700207) - Neutrals:False - Friends:False - Unowned:False
[Ai] Owner:xXHolicsXx(144115188075856474) - Faction:Otaku Academy(218099087129700207) - Relationship:Enemies - ThreatLevel:0.0001 - isFocus:False

05-31-23_20-19-34-600 - New Threat Detected:(NPC-RRP) Raider Pod (MyCubeGrid, 108994436772599921)
 - by: Static Grid 3247 (MyCubeGrid, 109115661215793247)Attacking Weapon:Artillery Turret [Weapon] Owner:Pyro(144115188075856712) - Faction:i like pie(221006133931968295) - Neutrals:False - Friends:False - Unowned:False
[Ai] Owner:Pyro(144115188075856712) - Faction:i like pie(221006133931968295) - Relationship:Enemies - ThreatLevel:0.0001 - isFocus:False

05-31-23_20-20-00-762 - New Threat Detected:(NPC-CCF) Alpha (C) (MyCubeGrid, 104838204705266607)
 - by: (NPC-ACS) Panini Sidecar 01 (MyCubeGrid, 107611203049810197)Attacking Weapon:Large Missile Turret [Weapon] Owner:144115188075855983 - Faction:Assert Inc(226583181264497071) - Neutrals:False - Friends:False - Unowned:False
[Ai] Owner:144115188075855983 - Faction:Assert Inc(226583181264497071) - Relationship:Enemies - ThreatLevel:0.0001 - isFocus:False

05-31-23_20-20-00-801 - New Threat Detected:Small Grid 8490 (MyCubeGrid, 131585192576928490)
 - by: (NPC-ACS) Panini Sidecar 01 (MyCubeGrid, 107611203049810197)Attacking Weapon:Large Assault Cannon Turret [Weapon] Owner:144115188075855983 - Faction:Assert Inc(226583181264497071) - Neutrals:False - Friends:False - Unowned:False
[Ai] Owner:144115188075855983 - Faction:Assert Inc(226583181264497071) - Relationship:Enemies - ThreatLevel:0.0001 - isFocus:False

05-31-23_20-27-02-374 - New Threat Detected: (MyCharacter, 106411846433652053)
 - by: Developed Base - Grid 4718 (MyCubeGrid, 88227399907165439)Attacking Weapon:Interior Turret [Weapon] Owner:xXHolicsXx(144115188075856474) - Faction:Otaku Academy(218099087129700207) - Neutrals:False - Friends:False - Unowned:False
[Ai] Owner:xXHolicsXx(144115188075856474) - Faction:Otaku Academy(218099087129700207) - Relationship:Enemies - ThreatLevel:0.0001 - isFocus:False

05-31-23_21-35-33-590 - New Threat Detected: (MyCharacter, 131475240063970717)
 - by: Static Grid 3247 (MyCubeGrid, 109115661215793247)Attacking Weapon:Interior Turret [Weapon] Owner:Pyro(144115188075856712) - Faction:i like pie(221006133931968295) - Neutrals:False - Friends:False - Unowned:False
[Ai] Owner:Pyro(144115188075856712) - Faction:i like pie(221006133931968295) - Relationship:Enemies - ThreatLevel:0.0001 - isFocus:False

05-31-23_21-35-38-476 - New Threat Detected: (MyCharacter, 129056981518864091)
 - by: Static Grid 3247 (MyCubeGrid, 109115661215793247)Attacking Weapon:Interior Turret [Weapon] Owner:Pyro(144115188075856712) - Faction:i like pie(221006133931968295) - Neutrals:False - Friends:False - Unowned:False
[Ai] Owner:Pyro(144115188075856712) - Faction:i like pie(221006133931968295) - Relationship:Enemies - ThreatLevel:0.0001 - isFocus:False

05-31-23_21-35-40-740 - New Threat Detected: (MyCharacter, 92155587848927835)
 - by: Static Grid 3247 (MyCubeGrid, 109115661215793247)Attacking Weapon:Interior Turret [Weapon] Owner:Pyro(144115188075856712) - Faction:i like pie(221006133931968295) - Neutrals:False - Friends:False - Unowned:False
[Ai] Owner:Pyro(144115188075856712) - Faction:i like pie(221006133931968295) - Relationship:Enemies - ThreatLevel:0.0001 - isFocus:False

05-31-23_21-52-09-515 - New Threat Detected: (MyCharacter, 92307702208367400)
 - by: Static Grid 3247 (MyCubeGrid, 109115661215793247)Attacking Weapon:Interior Turret [Weapon] Owner:Pyro(144115188075856712) - Faction:i like pie(221006133931968295) - Neutrals:False - Friends:False - Unowned:False
[Ai] Owner:Pyro(144115188075856712) - Faction:i like pie(221006133931968295) - Relationship:Enemies - ThreatLevel:0.0001 - isFocus:False

05-31-23_21-55-21-880 - New Threat Detected:Small Grid 3211 (MyCubeGrid, 141980515527803211)
 - by: (NPC-CCF) Tear of the Sun (MyCubeGrid, 138767767678330527)Attacking Weapon:Large Missile Turret [Weapon] Owner:144115188075855982 - Faction:The Cult(223904366722494763) - Neutrals:False - Friends:False - Unowned:False
[Ai] Owner:144115188075855982 - Faction:The Cult(223904366722494763) - Relationship:Enemies - ThreatLevel:10 - isFocus:False

05-31-23_21-55-23-680 - New Threat Detected:(NPC-RRP) Raider Pod (MyCubeGrid, 100180055984076667)
 - by: Static Grid 3247 (MyCubeGrid, 109115661215793247)Attacking Weapon:MCRN PDC [Weapon] Owner:Pyro(144115188075856712) - Faction:i like pie(221006133931968295) - Neutrals:True - Friends:False - Unowned:True
[Ai] Owner:Pyro(144115188075856712) - Faction:i like pie(221006133931968295) - Relationship:Enemies - ThreatLevel:0.0001 - isFocus:False

05-31-23_21-55-24-352 - New Threat Detected:(NPC-RRP) Raider Pod (MyCubeGrid, 142123873708042171)
 - by: Static Grid 3247 (MyCubeGrid, 109115661215793247)Attacking Weapon:MCRN PDC [Weapon] Owner:Pyro(144115188075856712) - Faction:i like pie(221006133931968295) - Neutrals:True - Friends:False - Unowned:True
[Ai] Owner:Pyro(144115188075856712) - Faction:i like pie(221006133931968295) - Relationship:Enemies - ThreatLevel:0.0001 - isFocus:False

05-31-23_21-56-44-085 - New Threat Detected:Small Grid 3212 (MyCubeGrid, 78069952170063212)
 - by: Static Grid 3247 (MyCubeGrid, 109115661215793247)Attacking Weapon:MCRN PDC [Weapon] Owner:Pyro(144115188075856712) - Faction:i like pie(221006133931968295) - Neutrals:True - Friends:False - Unowned:True
[Ai] Owner:Pyro(144115188075856712) - Faction:i like pie(221006133931968295) - Relationship:Enemies - ThreatLevel:0.0001 - isFocus:False

05-31-23_21-58-35-243 - New Threat Detected: (MyCharacter, 94073550076279718)
 - by: Static Grid 3247 (MyCubeGrid, 109115661215793247)Attacking Weapon:MCRN PDC [Weapon] Owner:Pyro(144115188075856712) - Faction:i like pie(221006133931968295) - Neutrals:True - Friends:False - Unowned:True
[Ai] Owner:Pyro(144115188075856712) - Faction:i like pie(221006133931968295) - Relationship:Enemies - ThreatLevel:0.0001 - isFocus:False

05-31-23_21-58-36-075 - New Threat Detected: (MyCharacter, 141622803002577698)
 - by: Static Grid 3247 (MyCubeGrid, 109115661215793247)Attacking Weapon:MCRN PDC [Weapon] Owner:Pyro(144115188075856712) - Faction:i like pie(221006133931968295) - Neutrals:True - Friends:False - Unowned:True
[Ai] Owner:Pyro(144115188075856712) - Faction:i like pie(221006133931968295) - Relationship:Enemies - ThreatLevel:0.0001 - isFocus:False

05-31-23_21-58-41-010 - New Threat Detected:Small Grid 3286 (MyCubeGrid, 120043622809843286)
 - by: Static Grid 3247 (MyCubeGrid, 109115661215793247)Attacking Weapon:MCRN PDC [Weapon] Owner:Pyro(144115188075856712) - Faction:i like pie(221006133931968295) - Neutrals:True - Friends:False - Unowned:True
[Ai] Owner:Pyro(144115188075856712) - Faction:i like pie(221006133931968295) - Relationship:Enemies - ThreatLevel:0.0001 - isFocus:False

05-31-23_22-03-05-294 - New Threat Detected:Small Grid 4945 (MyCubeGrid, 112452121368754945)
 - by: Static Grid 3247 (MyCubeGrid, 109115661215793247)Attacking Weapon:MCRN PDC [Weapon] Owner:Pyro(144115188075856712) - Faction:i like pie(221006133931968295) - Neutrals:True - Friends:False - Unowned:True
[Ai] Owner:Pyro(144115188075856712) - Faction:i like pie(221006133931968295) - Relationship:Enemies - ThreatLevel:0.0001 - isFocus:False

05-31-23_22-19-46-745 - New Threat Detected:(NPC-CMF) Sweeper (A) (MyCubeGrid, 102905822674705236)
 - by: Steener Base (MyCubeGrid, 73343309258647233)Attacking Weapon:Large Assault Cannon Turret [Weapon] Owner:Steener(144115188075855932) - Faction:Manic Engineering Hacks(279640416068086632) - Neutrals:False - Friends:False - Unowned:False
[Ai] Owner:Steener(144115188075855932) - Faction:Manic Engineering Hacks(279640416068086632) - Relationship:Enemies - ThreatLevel:0.0001 - isFocus:False

05-31-23_22-19-56-612 - New Threat Detected:(NPC-CMF) Sweeper (A) (MyCubeGrid, 102905822674705236)
 - by: Small Grid 2281 (MyCubeGrid, 96076114317832281)Attacking Weapon:Small Gatling Turret [Weapon] Owner:Steener(144115188075855932) - Faction:Manic Engineering Hacks(279640416068086632) - Neutrals:False - Friends:False - Unowned:False
[Ai] Owner:Steener(144115188075855932) - Faction:Manic Engineering Hacks(279640416068086632) - Relationship:Enemies - ThreatLevel:0.0001 - isFocus:True

05-31-23_22-20-16-994 - New Threat Detected:(NPC-CD) Trident Drone (H) (MyCubeGrid, 140999584489847572)
 - by: Steener Base (MyCubeGrid, 73343309258647233)Attacking Weapon:Large Assault Cannon Turret [Weapon] Owner:Steener(144115188075855932) - Faction:Manic Engineering Hacks(279640416068086632) - Neutrals:False - Friends:False - Unowned:False
[Ai] Owner:Steener(144115188075855932) - Faction:Manic Engineering Hacks(279640416068086632) - Relationship:Enemies - ThreatLevel:0.5833519 - isFocus:False

05-31-23_22-20-32-894 - New Threat Detected:Static Grid 8970 (MyCubeGrid, 127286983318738970)
 - by: (NPC-CD) Trident Drone (H) (MyCubeGrid, 140999584489847572)Attacking Weapon:Small Missile Launcher [Weapon] Owner:144115188075855982 - Faction:The Cult(223904366722494763) - Neutrals:False - Friends:False - Unowned:False
[Ai] Owner:144115188075855982 - Faction:The Cult(223904366722494763) - Relationship:Enemies - ThreatLevel:0 - isFocus:True

05-31-23_22-20-51-611 - New Threat Detected:Static Grid 7459 (MyCubeGrid, 119074144132977459)
 - by: (NPC-CD) Trident Drone (H) (MyCubeGrid, 140999584489847572)Attacking Weapon:Small Missile Launcher [Weapon] Owner:144115188075855982 - Faction:The Cult(223904366722494763) - Neutrals:False - Friends:False - Unowned:False
[Ai] Owner:144115188075855982 - Faction:The Cult(223904366722494763) - Relationship:Enemies - ThreatLevel:0 - isFocus:True

05-31-23_22-21-07-527 - New Threat Detected:Small Grid 6388 (MyCubeGrid, 125360927475186388)
 - by: (NPC-CD) Trident Drone (H) (MyCubeGrid, 140999584489847572)Attacking Weapon:Small Missile Launcher [Weapon] Owner:144115188075855982 - Faction:The Cult(223904366722494763) - Neutrals:False - Friends:False - Unowned:False
[Ai] Owner:144115188075855982 - Faction:The Cult(223904366722494763) - Relationship:Enemies - ThreatLevel:0 - isFocus:True

05-31-23_22-21-07-547 - New Threat Detected:Large Grid 6598 (MyCubeGrid, 86546716202106598)
 - by: (NPC-CD) Trident Drone (H) (MyCubeGrid, 140999584489847572)Attacking Weapon:Small Missile Launcher [Weapon] Owner:144115188075855982 - Faction:The Cult(223904366722494763) - Neutrals:False - Friends:False - Unowned:False
[Ai] Owner:144115188075855982 - Faction:The Cult(223904366722494763) - Relationship:Enemies - ThreatLevel:0 - isFocus:True

05-31-23_22-21-15-198 - New Threat Detected:Small Grid 1604 (MyCubeGrid, 126571100263861604)
 - by: (NPC-CD) Trident Drone (H) (MyCubeGrid, 140999584489847572)Attacking Weapon:Small Missile Launcher [Weapon] Owner:144115188075855982 - Faction:The Cult(223904366722494763) - Neutrals:False - Friends:False - Unowned:False
[Ai] Owner:144115188075855982 - Faction:The Cult(223904366722494763) - Relationship:Enemies - ThreatLevel:0.0001 - isFocus:True

05-31-23_22-21-43-230 - New Threat Detected:(NPC-CD) Trident Drone (H) (MyCubeGrid, 140999584489847572)
 - by: Small Grid 2281 (MyCubeGrid, 96076114317832281)Attacking Weapon:Small Gatling Turret [Weapon] Owner:Steener(144115188075855932) - Faction:Manic Engineering Hacks(279640416068086632) - Neutrals:False - Friends:False - Unowned:False
[Ai] Owner:Steener(144115188075855932) - Faction:Manic Engineering Hacks(279640416068086632) - Relationship:Enemies - ThreatLevel:0.3490821 - isFocus:True

05-31-23_22-28-32-225 - New Threat Detected: (MyCharacter, 74675274292615213)
 - by: Steener Base (MyCubeGrid, 73343309258647233)Attacking Weapon:Large Gatling Turret [Weapon] Owner:Steener(144115188075855932) - Faction:Manic Engineering Hacks(279640416068086632) - Neutrals:False - Friends:False - Unowned:False
[Ai] Owner:Steener(144115188075855932) - Faction:Manic Engineering Hacks(279640416068086632) - Relationship:Enemies - ThreatLevel:0.0001 - isFocus:False

05-31-23_22-28-33-161 - New Threat Detected: (MyCharacter, 85155605976965819)
 - by: Small Grid 2281 (MyCubeGrid, 96076114317832281)Attacking Weapon:Small Gatling Turret [Weapon] Owner:Steener(144115188075855932) - Faction:Manic Engineering Hacks(279640416068086632) - Neutrals:False - Friends:False - Unowned:False
[Ai] Owner:Steener(144115188075855932) - Faction:Manic Engineering Hacks(279640416068086632) - Relationship:Enemies - ThreatLevel:0.0001 - isFocus:True

05-31-23_22-28-34-142 - New Threat Detected: (MyCharacter, 85155605976965819)
 - by: Steener Base (MyCubeGrid, 73343309258647233)Attacking Weapon:Interior Turret [Weapon] Owner:Steener(144115188075855932) - Faction:Manic Engineering Hacks(279640416068086632) - Neutrals:False - Friends:False - Unowned:False
[Ai] Owner:Steener(144115188075855932) - Faction:Manic Engineering Hacks(279640416068086632) - Relationship:Enemies - ThreatLevel:0.0001 - isFocus:False

05-31-23_22-28-35-172 - New Threat Detected: (MyCharacter, 74160193955545147)
 - by: Small Grid 2281 (MyCubeGrid, 96076114317832281)Attacking Weapon:Small Gatling Turret [Weapon] Owner:Steener(144115188075855932) - Faction:Manic Engineering Hacks(279640416068086632) - Neutrals:False - Friends:False - Unowned:False
[Ai] Owner:Steener(144115188075855932) - Faction:Manic Engineering Hacks(279640416068086632) - Relationship:Enemies - ThreatLevel:0.0001 - isFocus:True

05-31-23_22-28-36-725 - New Threat Detected: (MyCharacter, 74160193955545147)
 - by: Steener Base (MyCubeGrid, 73343309258647233)Attacking Weapon:Interior Turret [Weapon] Owner:Steener(144115188075855932) - Faction:Manic Engineering Hacks(279640416068086632) - Neutrals:False - Friends:False - Unowned:False
[Ai] Owner:Steener(144115188075855932) - Faction:Manic Engineering Hacks(279640416068086632) - Relationship:Enemies - ThreatLevel:0.0001 - isFocus:False

05-31-23_22-28-37-698 - New Threat Detected: (MyCharacter, 108839809067465429)
 - by: Steener Base (MyCubeGrid, 73343309258647233)Attacking Weapon:Interior Turret [Weapon] Owner:Steener(144115188075855932) - Faction:Manic Engineering Hacks(279640416068086632) - Neutrals:False - Friends:False - Unowned:False
[Ai] Owner:Steener(144115188075855932) - Faction:Manic Engineering Hacks(279640416068086632) - Relationship:Enemies - ThreatLevel:0.0001 - isFocus:False

05-31-23_22-28-38-792 - New Threat Detected: (MyCharacter, 74583550353259360)
 - by: Small Grid 2281 (MyCubeGrid, 96076114317832281)Attacking Weapon:Small Gatling Turret [Weapon] Owner:Steener(144115188075855932) - Faction:Manic Engineering Hacks(279640416068086632) - Neutrals:False - Friends:False - Unowned:False
[Ai] Owner:Steener(144115188075855932) - Faction:Manic Engineering Hacks(279640416068086632) - Relationship:Enemies - ThreatLevel:0.0001 - isFocus:True

05-31-23_22-28-43-134 - New Threat Detected: (MyCharacter, 74583550353259360)
 - by: Steener Base (MyCubeGrid, 73343309258647233)Attacking Weapon:Interior Turret [Weapon] Owner:Steener(144115188075855932) - Faction:Manic Engineering Hacks(279640416068086632) - Neutrals:False - Friends:False - Unowned:False
[Ai] Owner:Steener(144115188075855932) - Faction:Manic Engineering Hacks(279640416068086632) - Relationship:Enemies - ThreatLevel:0.0001 - isFocus:False

05-31-23_22-47-52-713 - New Threat Detected: (MyCharacter, 115746958913533931)
 - by: Steener Base (MyCubeGrid, 73343309258647233)Attacking Weapon:Interior Turret [Weapon] Owner:Steener(144115188075855932) - Faction:Manic Engineering Hacks(279640416068086632) - Neutrals:False - Friends:False - Unowned:False
[Ai] Owner:Steener(144115188075855932) - Faction:Manic Engineering Hacks(279640416068086632) - Relationship:Enemies - ThreatLevel:0.0001 - isFocus:False

05-31-23_22-47-54-597 - New Threat Detected: (MyCharacter, 127170842665777628)
 - by: Steener Base (MyCubeGrid, 73343309258647233)Attacking Weapon:Large Gatling Turret [Weapon] Owner:Steener(144115188075855932) - Faction:Manic Engineering Hacks(279640416068086632) - Neutrals:False - Friends:False - Unowned:False
[Ai] Owner:Steener(144115188075855932) - Faction:Manic Engineering Hacks(279640416068086632) - Relationship:Enemies - ThreatLevel:0.0001 - isFocus:False

05-31-23_22-47-55-681 - New Threat Detected: (MyCharacter, 76297555993958406)
 - by: Steener Base (MyCubeGrid, 73343309258647233)Attacking Weapon:Interior Turret [Weapon] Owner:Steener(144115188075855932) - Faction:Manic Engineering Hacks(279640416068086632) - Neutrals:False - Friends:False - Unowned:False
[Ai] Owner:Steener(144115188075855932) - Faction:Manic Engineering Hacks(279640416068086632) - Relationship:Enemies - ThreatLevel:0.0001 - isFocus:False

05-31-23_22-47-57-679 - New Threat Detected: (MyCharacter, 86331621100222467)
 - by: Steener Base (MyCubeGrid, 73343309258647233)Attacking Weapon:Interior Turret [Weapon] Owner:Steener(144115188075855932) - Faction:Manic Engineering Hacks(279640416068086632) - Neutrals:False - Friends:False - Unowned:False
[Ai] Owner:Steener(144115188075855932) - Faction:Manic Engineering Hacks(279640416068086632) - Relationship:Enemies - ThreatLevel:0.0001 - isFocus:False

05-31-23_22-47-59-197 - New Threat Detected: (MyCharacter, 87731524249386784)
 - by: Steener Base (MyCubeGrid, 73343309258647233)Attacking Weapon:Large Gatling Turret [Weapon] Owner:Steener(144115188075855932) - Faction:Manic Engineering Hacks(279640416068086632) - Neutrals:False - Friends:False - Unowned:False
[Ai] Owner:Steener(144115188075855932) - Faction:Manic Engineering Hacks(279640416068086632) - Relationship:Enemies - ThreatLevel:0.0001 - isFocus:False

05-31-23_22-48-01-531 - New Threat Detected: (MyCharacter, 116206679147615743)
 - by: Steener Base (MyCubeGrid, 73343309258647233)Attacking Weapon:Interior Turret [Weapon] Owner:Steener(144115188075855932) - Faction:Manic Engineering Hacks(279640416068086632) - Neutrals:False - Friends:False - Unowned:False
[Ai] Owner:Steener(144115188075855932) - Faction:Manic Engineering Hacks(279640416068086632) - Relationship:Enemies - ThreatLevel:0.0001 - isFocus:False

05-31-23_22-48-02-606 - New Threat Detected: (MyCharacter, 108090745572795272)
 - by: Steener Base (MyCubeGrid, 73343309258647233)Attacking Weapon:Interior Turret [Weapon] Owner:Steener(144115188075855932) - Faction:Manic Engineering Hacks(279640416068086632) - Neutrals:False - Friends:False - Unowned:False
[Ai] Owner:Steener(144115188075855932) - Faction:Manic Engineering Hacks(279640416068086632) - Relationship:Enemies - ThreatLevel:0.0001 - isFocus:False

05-31-23_22-48-04-531 - New Threat Detected: (MyCharacter, 79004554381379441)
 - by: Steener Base (MyCubeGrid, 73343309258647233)Attacking Weapon:Interior Turret [Weapon] Owner:Steener(144115188075855932) - Faction:Manic Engineering Hacks(279640416068086632) - Neutrals:False - Friends:False - Unowned:False
[Ai] Owner:Steener(144115188075855932) - Faction:Manic Engineering Hacks(279640416068086632) - Relationship:Enemies - ThreatLevel:0.0001 - isFocus:False

05-31-23_22-48-05-899 - New Threat Detected: (MyCharacter, 87885988822099752)
 - by: Steener Base (MyCubeGrid, 73343309258647233)Attacking Weapon:Large Gatling Turret [Weapon] Owner:Steener(144115188075855932) - Faction:Manic Engineering Hacks(279640416068086632) - Neutrals:False - Friends:False - Unowned:False
[Ai] Owner:Steener(144115188075855932) - Faction:Manic Engineering Hacks(279640416068086632) - Relationship:Enemies - ThreatLevel:0.0001 - isFocus:False

05-31-23_23-05-53-254 - New Threat Detected: (MyCharacter, 74506543874643927)
 - by: Steener Base (MyCubeGrid, 73343309258647233)Attacking Weapon:Interior Turret [Weapon] Owner:Steener(144115188075855932) - Faction:Manic Engineering Hacks(279640416068086632) - Neutrals:False - Friends:False - Unowned:False
[Ai] Owner:Steener(144115188075855932) - Faction:Manic Engineering Hacks(279640416068086632) - Relationship:Enemies - ThreatLevel:0.0001 - isFocus:False

05-31-23_23-05-55-349 - New Threat Detected: (MyCharacter, 105333708687483154)
 - by: Steener Base (MyCubeGrid, 73343309258647233)Attacking Weapon:Interior Turret [Weapon] Owner:Steener(144115188075855932) - Faction:Manic Engineering Hacks(279640416068086632) - Neutrals:False - Friends:False - Unowned:False
[Ai] Owner:Steener(144115188075855932) - Faction:Manic Engineering Hacks(279640416068086632) - Relationship:Enemies - ThreatLevel:0.0001 - isFocus:False

05-31-23_23-05-56-900 - New Threat Detected: (MyCharacter, 121720312459859464)
 - by: Steener Base (MyCubeGrid, 73343309258647233)Attacking Weapon:Interior Turret [Weapon] Owner:Steener(144115188075855932) - Faction:Manic Engineering Hacks(279640416068086632) - Neutrals:False - Friends:False - Unowned:False
[Ai] Owner:Steener(144115188075855932) - Faction:Manic Engineering Hacks(279640416068086632) - Relationship:Enemies - ThreatLevel:0.0001 - isFocus:False

05-31-23_23-05-57-849 - New Threat Detected: (MyCharacter, 106564799993810855)
 - by: Steener Base (MyCubeGrid, 73343309258647233)Attacking Weapon:Interior Turret [Weapon] Owner:Steener(144115188075855932) - Faction:Manic Engineering Hacks(279640416068086632) - Neutrals:False - Friends:False - Unowned:False
[Ai] Owner:Steener(144115188075855932) - Faction:Manic Engineering Hacks(279640416068086632) - Relationship:Enemies - ThreatLevel:0.0001 - isFocus:False

05-31-23_23-05-59-866 - New Threat Detected: (MyCharacter, 117556878321260755)
 - by: Steener Base (MyCubeGrid, 73343309258647233)Attacking Weapon:Interior Turret [Weapon] Owner:Steener(144115188075855932) - Faction:Manic Engineering Hacks(279640416068086632) - Neutrals:False - Friends:False - Unowned:False
[Ai] Owner:Steener(144115188075855932) - Faction:Manic Engineering Hacks(279640416068086632) - Relationship:Enemies - ThreatLevel:0.0001 - isFocus:False

05-31-23_23-06-01-184 - New Threat Detected: (MyCharacter, 131869782398314861)
 - by: Steener Base (MyCubeGrid, 73343309258647233)Attacking Weapon:Interior Turret [Weapon] Owner:Steener(144115188075855932) - Faction:Manic Engineering Hacks(279640416068086632) - Neutrals:False - Friends:False - Unowned:False
[Ai] Owner:Steener(144115188075855932) - Faction:Manic Engineering Hacks(279640416068086632) - Relationship:Enemies - ThreatLevel:0.0001 - isFocus:False

05-31-23_23-06-39-134 - New Threat Detected: (MyCharacter, 141889461450415629)
 - by: Steener Base (MyCubeGrid, 73343309258647233)Attacking Weapon:Interior Turret [Weapon] Owner:Steener(144115188075855932) - Faction:Manic Engineering Hacks(279640416068086632) - Neutrals:False - Friends:False - Unowned:False
[Ai] Owner:Steener(144115188075855932) - Faction:Manic Engineering Hacks(279640416068086632) - Relationship:Enemies - ThreatLevel:0.0001 - isFocus:False

05-31-23_23-07-28-999 - New Threat Detected: (MyCharacter, 83303346195812698)
 - by: Steener Base (MyCubeGrid, 73343309258647233)Attacking Weapon:Interior Turret [Weapon] Owner:Steener(144115188075855932) - Faction:Manic Engineering Hacks(279640416068086632) - Neutrals:False - Friends:False - Unowned:False
[Ai] Owner:Steener(144115188075855932) - Faction:Manic Engineering Hacks(279640416068086632) - Relationship:Enemies - ThreatLevel:0.0001 - isFocus:False

05-31-23_23-23-43-314 - New Threat Detected:(NPC-CCF) Alpha (B) (MyCubeGrid, 97967991540941361)
 - by: (NPC-ACS) Cargo Box 01-AT1 (MyCubeGrid, 128500038590922003)Attacking Weapon:Artillery Turret [Weapon] Owner:144115188075855983 - Faction:Assert Inc(226583181264497071) - Neutrals:False - Friends:False - Unowned:False
[Ai] Owner:144115188075855983 - Faction:Assert Inc(226583181264497071) - Relationship:Enemies - ThreatLevel:0.0001 - isFocus:False

05-31-23_23-24-30-547 - New Threat Detected: (MyCharacter, 103224746781198863)
 - by: BOP Earth Base (MyCubeGrid, 99056042086003134)Attacking Weapon:Interior Turret [Weapon] Owner:Silverbane(144115188075855973) - Faction:Birds Of Prey(271115867468814982) - Neutrals:False - Friends:False - Unowned:False
[Ai] Owner:Silverbane(144115188075855973) - Faction:Birds Of Prey(271115867468814982) - Relationship:Enemies - ThreatLevel:0.0001 - isFocus:False

05-31-23_23-25-30-665 - New Threat Detected: (MyCharacter, 111071557313177439)
 - by: BOP Earth Base (MyCubeGrid, 99056042086003134)Attacking Weapon:Interior Turret [Weapon] Owner:Silverbane(144115188075855973) - Faction:Birds Of Prey(271115867468814982) - Neutrals:False - Friends:False - Unowned:False
[Ai] Owner:Silverbane(144115188075855973) - Faction:Birds Of Prey(271115867468814982) - Relationship:Enemies - ThreatLevel:0.0001 - isFocus:False

05-31-23_23-40-48-810 - New Threat Detected: (MyCharacter, 87078984188655642)
 - by: Steener Base (MyCubeGrid, 73343309258647233)Attacking Weapon:Interior Turret [Weapon] Owner:Steener(144115188075855932) - Faction:Manic Engineering Hacks(279640416068086632) - Neutrals:False - Friends:False - Unowned:False
[Ai] Owner:Steener(144115188075855932) - Faction:Manic Engineering Hacks(279640416068086632) - Relationship:Enemies - ThreatLevel:0.0001 - isFocus:False

05-31-23_23-40-51-689 - New Threat Detected: (MyCharacter, 120125543646707372)
 - by: Steener Base (MyCubeGrid, 73343309258647233)Attacking Weapon:Interior Turret [Weapon] Owner:Steener(144115188075855932) - Faction:Manic Engineering Hacks(279640416068086632) - Neutrals:False - Friends:False - Unowned:False
[Ai] Owner:Steener(144115188075855932) - Faction:Manic Engineering Hacks(279640416068086632) - Relationship:Enemies - ThreatLevel:0.0001 - isFocus:False

06-01-23_00-29-34-296 - New Threat Detected:(NPC-RRP) Raider Pod (MyCubeGrid, 133668347345210960)
 - by: Developed Base - Grid 4718 (MyCubeGrid, 88227399907165439)Attacking Weapon:MCRN PDC [Weapon] Owner:xXHolicsXx(144115188075856474) - Faction:Otaku Academy(218099087129700207) - Neutrals:False - Friends:False - Unowned:False
[Ai] Owner:xXHolicsXx(144115188075856474) - Faction:Otaku Academy(218099087129700207) - Relationship:Enemies - ThreatLevel:0.0001 - isFocus:False

06-01-23_00-30-56-011 - New Threat Detected: (MyCharacter, 118398786188016188)
 - by: Developed Base - Grid 4718 (MyCubeGrid, 88227399907165439)Attacking Weapon:Interior Turret [Weapon] Owner:xXHolicsXx(144115188075856474) - Faction:Otaku Academy(218099087129700207) - Neutrals:False - Friends:False - Unowned:False
[Ai] Owner:xXHolicsXx(144115188075856474) - Faction:Otaku Academy(218099087129700207) - Relationship:Enemies - ThreatLevel:0.0001 - isFocus:False

06-01-23_00-30-57-849 - New Threat Detected: (MyCharacter, 102360003442677050)
 - by: Developed Base - Grid 4718 (MyCubeGrid, 88227399907165439)Attacking Weapon:Interior Turret [Weapon] Owner:xXHolicsXx(144115188075856474) - Faction:Otaku Academy(218099087129700207) - Neutrals:False - Friends:False - Unowned:False
[Ai] Owner:xXHolicsXx(144115188075856474) - Faction:Otaku Academy(218099087129700207) - Relationship:Enemies - ThreatLevel:0.0001 - isFocus:False

06-01-23_00-31-52-404 - New Threat Detected: (MyCharacter, 110841030199955092)
 - by: Developed Base - Grid 4718 (MyCubeGrid, 88227399907165439)Attacking Weapon:Interior Turret [Weapon] Owner:xXHolicsXx(144115188075856474) - Faction:Otaku Academy(218099087129700207) - Neutrals:False - Friends:False - Unowned:False
[Ai] Owner:xXHolicsXx(144115188075856474) - Faction:Otaku Academy(218099087129700207) - Relationship:Enemies - ThreatLevel:0.0001 - isFocus:False

06-01-23_00-48-36-534 - New Threat Detected: (MyCharacter, 114903205969302307)
 - by: Developed Base - Grid 4718 (MyCubeGrid, 88227399907165439)Attacking Weapon:Interior Turret [Weapon] Owner:0 - Faction:NA - Neutrals:False - Friends:False - Unowned:False
[Ai] Owner:xXHolicsXx(144115188075856474) - Faction:Otaku Academy(218099087129700207) - Relationship:Enemies - ThreatLevel:0.0001 - isFocus:False

06-01-23_00-56-45-515 - New Threat Detected: (MyCharacter, 124131105488453788)
 - by: Developed Base - Grid 4718 (MyCubeGrid, 88227399907165439)Attacking Weapon:Interior Turret [Weapon] Owner:xXHolicsXx(144115188075856474) - Faction:Otaku Academy(218099087129700207) - Neutrals:False - Friends:False - Unowned:False
[Ai] Owner:xXHolicsXx(144115188075856474) - Faction:Otaku Academy(218099087129700207) - Relationship:Enemies - ThreatLevel:0.0001 - isFocus:False

06-01-23_01-06-10-423 - New Threat Detected: (MyCharacter, 86692944786285835)
 - by: Developed Base - Grid 4718 (MyCubeGrid, 88227399907165439)Attacking Weapon:Interior Turret [Weapon] Owner:0 - Faction:NA - Neutrals:False - Friends:False - Unowned:False
[Ai] Owner:xXHolicsXx(144115188075856474) - Faction:Otaku Academy(218099087129700207) - Relationship:Enemies - ThreatLevel:0.0001 - isFocus:False

06-01-23_01-06-17-569 - New Threat Detected: (MyCharacter, 102199251161666199)
 - by: Developed Base - Grid 4718 (MyCubeGrid, 88227399907165439)Attacking Weapon:Interior Turret [Weapon] Owner:0 - Faction:NA - Neutrals:False - Friends:False - Unowned:False
[Ai] Owner:xXHolicsXx(144115188075856474) - Faction:Otaku Academy(218099087129700207) - Relationship:Enemies - ThreatLevel:0.0001 - isFocus:False

06-01-23_01-06-44-368 - New Threat Detected: (MyCharacter, 103950345897771567)
 - by: Developed Base - Grid 4718 (MyCubeGrid, 88227399907165439)Attacking Weapon:Interior Turret [Weapon] Owner:xXHolicsXx(144115188075856474) - Faction:Otaku Academy(218099087129700207) - Neutrals:False - Friends:False - Unowned:False
[Ai] Owner:xXHolicsXx(144115188075856474) - Faction:Otaku Academy(218099087129700207) - Relationship:Enemies - ThreatLevel:0.0001 - isFocus:False

06-01-23_01-21-46-527 - New Threat Detected: (MyCharacter, 82417882781497225)
 - by: Developed Base - Grid 4718 (MyCubeGrid, 88227399907165439)Attacking Weapon:Interior Turret [Weapon] Owner:xXHolicsXx(144115188075856474) - Faction:Otaku Academy(218099087129700207) - Neutrals:False - Friends:False - Unowned:False
[Ai] Owner:xXHolicsXx(144115188075856474) - Faction:Otaku Academy(218099087129700207) - Relationship:Enemies - ThreatLevel:0.0001 - isFocus:False

06-01-23_01-21-46-609 - New Threat Detected: (MyCharacter, 89096083132537790)
 - by: Developed Base - Grid 4718 (MyCubeGrid, 88227399907165439)Attacking Weapon:Interior Turret [Weapon] Owner:0 - Faction:NA - Neutrals:False - Friends:False - Unowned:False
[Ai] Owner:xXHolicsXx(144115188075856474) - Faction:Otaku Academy(218099087129700207) - Relationship:Enemies - ThreatLevel:0.0001 - isFocus:False

06-01-23_01-21-47-827 - New Threat Detected: (MyCharacter, 114592800355022898)
 - by: Developed Base - Grid 4718 (MyCubeGrid, 88227399907165439)Attacking Weapon:Interior Turret [Weapon] Owner:xXHolicsXx(144115188075856474) - Faction:Otaku Academy(218099087129700207) - Neutrals:False - Friends:False - Unowned:False
[Ai] Owner:xXHolicsXx(144115188075856474) - Faction:Otaku Academy(218099087129700207) - Relationship:Enemies - ThreatLevel:0.0001 - isFocus:False

06-01-23_01-21-49-846 - New Threat Detected: (MyCharacter, 74255844723060910)
 - by: Developed Base - Grid 4718 (MyCubeGrid, 88227399907165439)Attacking Weapon:Interior Turret [Weapon] Owner:xXHolicsXx(144115188075856474) - Faction:Otaku Academy(218099087129700207) - Neutrals:False - Friends:False - Unowned:False
[Ai] Owner:xXHolicsXx(144115188075856474) - Faction:Otaku Academy(218099087129700207) - Relationship:Enemies - ThreatLevel:0.0001 - isFocus:False

06-01-23_01-21-49-979 - New Threat Detected: (MyCharacter, 95893382832352911)
 - by: Developed Base - Grid 4718 (MyCubeGrid, 88227399907165439)Attacking Weapon:Interior Turret [Weapon] Owner:xXHolicsXx(144115188075856474) - Faction:Otaku Academy(218099087129700207) - Neutrals:False - Friends:False - Unowned:False
[Ai] Owner:xXHolicsXx(144115188075856474) - Faction:Otaku Academy(218099087129700207) - Relationship:Enemies - ThreatLevel:0.0001 - isFocus:False

06-01-23_01-21-56-114 - New Threat Detected: (MyCharacter, 116879966074294397)
 - by: Developed Base - Grid 4718 (MyCubeGrid, 88227399907165439)Attacking Weapon:Interior Turret [Weapon] Owner:xXHolicsXx(144115188075856474) - Faction:Otaku Academy(218099087129700207) - Neutrals:False - Friends:False - Unowned:False
[Ai] Owner:xXHolicsXx(144115188075856474) - Faction:Otaku Academy(218099087129700207) - Relationship:Enemies - ThreatLevel:0.0001 - isFocus:False

06-01-23_01-22-12-596 - New Threat Detected: (MyCharacter, 104453264415968641)
 - by: Developed Base - Grid 4718 (MyCubeGrid, 88227399907165439)Attacking Weapon:Interior Turret [Weapon] Owner:xXHolicsXx(144115188075856474) - Faction:Otaku Academy(218099087129700207) - Neutrals:False - Friends:False - Unowned:False
[Ai] Owner:xXHolicsXx(144115188075856474) - Faction:Otaku Academy(218099087129700207) - Relationship:Enemies - ThreatLevel:0.0001 - isFocus:False

06-01-23_01-41-58-752 - New Threat Detected:(NPC-RRP) Raider Pod (MyCubeGrid, 123231658476137639)
 - by: Developed Base - Grid 4718 (MyCubeGrid, 88227399907165439)Attacking Weapon:MCRN PDC [Weapon] Owner:xXHolicsXx(144115188075856474) - Faction:Otaku Academy(218099087129700207) - Neutrals:False - Friends:False - Unowned:False
[Ai] Owner:xXHolicsXx(144115188075856474) - Faction:Otaku Academy(218099087129700207) - Relationship:Enemies - ThreatLevel:0.0001 - isFocus:False

06-01-23_01-45-48-571 - New Threat Detected: (MyCharacter, 73046894681947966)
 - by: Developed Base - Grid 4718 (MyCubeGrid, 88227399907165439)Attacking Weapon:Interior Turret [Weapon] Owner:xXHolicsXx(144115188075856474) - Faction:Otaku Academy(218099087129700207) - Neutrals:False - Friends:False - Unowned:False
[Ai] Owner:xXHolicsXx(144115188075856474) - Faction:Otaku Academy(218099087129700207) - Relationship:Enemies - ThreatLevel:0.0001 - isFocus:False

06-01-23_02-14-07-911 - New Threat Detected: (MyCharacter, 82509771778202126)
 - by: Developed Base - Grid 4718 (MyCubeGrid, 88227399907165439)Attacking Weapon:Interior Turret [Weapon] Owner:xXHolicsXx(144115188075856474) - Faction:Otaku Academy(218099087129700207) - Neutrals:False - Friends:False - Unowned:False
[Ai] Owner:xXHolicsXx(144115188075856474) - Faction:Otaku Academy(218099087129700207) - Relationship:Enemies - ThreatLevel:0.0001 - isFocus:False

06-01-23_02-14-09-876 - New Threat Detected: (MyCharacter, 84356708179478631)
 - by: Developed Base - Grid 4718 (MyCubeGrid, 88227399907165439)Attacking Weapon:Interior Turret [Weapon] Owner:xXHolicsXx(144115188075856474) - Faction:Otaku Academy(218099087129700207) - Neutrals:False - Friends:False - Unowned:False
[Ai] Owner:xXHolicsXx(144115188075856474) - Faction:Otaku Academy(218099087129700207) - Relationship:Enemies - ThreatLevel:0.0001 - isFocus:False

06-01-23_02-14-11-879 - New Threat Detected: (MyCharacter, 127233801952666671)
 - by: Developed Base - Grid 4718 (MyCubeGrid, 88227399907165439)Attacking Weapon:Interior Turret [Weapon] Owner:xXHolicsXx(144115188075856474) - Faction:Otaku Academy(218099087129700207) - Neutrals:False - Friends:False - Unowned:False
[Ai] Owner:xXHolicsXx(144115188075856474) - Faction:Otaku Academy(218099087129700207) - Relationship:Enemies - ThreatLevel:0.0001 - isFocus:False

06-01-23_02-14-13-046 - New Threat Detected: (MyCharacter, 82198373419627160)
 - by: Developed Base - Grid 4718 (MyCubeGrid, 88227399907165439)Attacking Weapon:Interior Turret [Weapon] Owner:xXHolicsXx(144115188075856474) - Faction:Otaku Academy(218099087129700207) - Neutrals:False - Friends:False - Unowned:False
[Ai] Owner:xXHolicsXx(144115188075856474) - Faction:Otaku Academy(218099087129700207) - Relationship:Enemies - ThreatLevel:0.0001 - isFocus:False

06-01-23_02-14-14-727 - New Threat Detected: (MyCharacter, 134386748516289853)
 - by: Developed Base - Grid 4718 (MyCubeGrid, 88227399907165439)Attacking Weapon:Interior Turret [Weapon] Owner:xXHolicsXx(144115188075856474) - Faction:Otaku Academy(218099087129700207) - Neutrals:False - Friends:False - Unowned:False
[Ai] Owner:xXHolicsXx(144115188075856474) - Faction:Otaku Academy(218099087129700207) - Relationship:Enemies - ThreatLevel:0.0001 - isFocus:False

06-01-23_02-14-16-111 - New Threat Detected: (MyCharacter, 86590109894530303)
 - by: Developed Base - Grid 4718 (MyCubeGrid, 88227399907165439)Attacking Weapon:Interior Turret [Weapon] Owner:xXHolicsXx(144115188075856474) - Faction:Otaku Academy(218099087129700207) - Neutrals:False - Friends:False - Unowned:False
[Ai] Owner:xXHolicsXx(144115188075856474) - Faction:Otaku Academy(218099087129700207) - Relationship:Enemies - ThreatLevel:0.0001 - isFocus:False

06-01-23_02-14-18-142 - New Threat Detected: (MyCharacter, 96525729223376478)
 - by: Developed Base - Grid 4718 (MyCubeGrid, 88227399907165439)Attacking Weapon:Interior Turret [Weapon] Owner:xXHolicsXx(144115188075856474) - Faction:Otaku Academy(218099087129700207) - Neutrals:False - Friends:False - Unowned:False
[Ai] Owner:xXHolicsXx(144115188075856474) - Faction:Otaku Academy(218099087129700207) - Relationship:Enemies - ThreatLevel:0.0001 - isFocus:False

