06-01-23_03-01-57-002 - Logging Started
06-01-23_03-23-17-431 - New Threat Detected: (MyCharacter, 109460340057831832)
 - by: Developed Base - Grid 4718 (MyCubeGrid, 88227399907165439)Attacking Weapon:Interior Turret [Weapon] Owner:0 - Faction:NA - Neutrals:False - Friends:False - Unowned:False
[Ai] Owner:xXHolicsXx(144115188075856474) - Faction:Otaku Academy(218099087129700207) - Relationship:Enemies - ThreatLevel:0.0001 - isFocus:False

06-01-23_03-23-17-492 - New Threat Detected: (MyCharacter, 88748011887313303)
 - by: Developed Base - Grid 4718 (MyCubeGrid, 88227399907165439)Attacking Weapon:Interior Turret [Weapon] Owner:xXHolicsXx(144115188075856474) - Faction:Otaku Academy(218099087129700207) - Neutrals:False - Friends:False - Unowned:False
[Ai] Owner:xXHolicsXx(144115188075856474) - Faction:Otaku Academy(218099087129700207) - Relationship:Enemies - ThreatLevel:0.0001 - isFocus:False

06-01-23_03-23-22-390 - New Threat Detected: (MyCharacter, 84599734612140045)
 - by: Developed Base - Grid 4718 (MyCubeGrid, 88227399907165439)Attacking Weapon:Interior Turret [Weapon] Owner:xXHolicsXx(144115188075856474) - Faction:Otaku Academy(218099087129700207) - Neutrals:False - Friends:False - Unowned:False
[Ai] Owner:xXHolicsXx(144115188075856474) - Faction:Otaku Academy(218099087129700207) - Relationship:Enemies - ThreatLevel:0.0001 - isFocus:False

06-01-23_03-24-11-942 - New Threat Detected: (MyCharacter, 94790129058384093)
 - by: Developed Base - Grid 4718 (MyCubeGrid, 88227399907165439)Attacking Weapon:Interior Turret [Weapon] Owner:xXHolicsXx(144115188075856474) - Faction:Otaku Academy(218099087129700207) - Neutrals:False - Friends:False - Unowned:False
[Ai] Owner:xXHolicsXx(144115188075856474) - Faction:Otaku Academy(218099087129700207) - Relationship:Enemies - ThreatLevel:0.0001 - isFocus:False

06-01-23_03-26-20-860 - New Threat Detected: (MyCharacter, 127424487934527925)
 - by: Developed Base - Grid 4718 (MyCubeGrid, 88227399907165439)Attacking Weapon:Interior Turret [Weapon] Owner:xXHolicsXx(144115188075856474) - Faction:Otaku Academy(218099087129700207) - Neutrals:False - Friends:False - Unowned:False
[Ai] Owner:xXHolicsXx(144115188075856474) - Faction:Otaku Academy(218099087129700207) - Relationship:Enemies - ThreatLevel:0.0001 - isFocus:False

06-01-23_03-40-56-212 - New Threat Detected: (MyCharacter, 111104928241197025)
 - by: Developed Base - Grid 4718 (MyCubeGrid, 88227399907165439)Attacking Weapon:Interior Turret [Weapon] Owner:xXHolicsXx(144115188075856474) - Faction:Otaku Academy(218099087129700207) - Neutrals:False - Friends:False - Unowned:False
[Ai] Owner:xXHolicsXx(144115188075856474) - Faction:Otaku Academy(218099087129700207) - Relationship:Enemies - ThreatLevel:0.0001 - isFocus:False

06-01-23_03-40-57-993 - New Threat Detected: (MyCharacter, 116761359155604055)
 - by: Developed Base - Grid 4718 (MyCubeGrid, 88227399907165439)Attacking Weapon:Interior Turret [Weapon] Owner:0 - Faction:NA - Neutrals:False - Friends:False - Unowned:False
[Ai] Owner:xXHolicsXx(144115188075856474) - Faction:Otaku Academy(218099087129700207) - Relationship:Enemies - ThreatLevel:0.0001 - isFocus:False

