06-05-23_19-06-11-962 - Logging Started
06-05-23_19-06-12-040 - Basic_Rocket is NOT enabled for client prediction
06-05-23_19-06-12-040 - Rocket_Frag is NOT enabled for client prediction
06-05-23_19-06-12-044 - Advanced_Rocket_Launch is NOT enabled for client prediction
06-05-23_19-06-12-045 - Advanced_Rocket is NOT enabled for client prediction
06-05-23_19-06-12-045 - Rocket_Frag is NOT enabled for client prediction
06-05-23_19-06-12-049 - FlareBase is NOT enabled for client prediction
06-05-23_19-06-12-049 - FlareAmmo is NOT enabled for client prediction
06-05-23_19-06-12-050 - Shotgun is NOT enabled for client prediction
06-05-23_19-06-12-050 - Buckshot_Ammo is NOT enabled for client prediction
06-05-23_19-06-12-054 - 25mm NATO is NOT enabled for client prediction
06-05-23_19-06-12-055 - NDeU_Ammo is NOT enabled for client prediction
06-05-23_19-06-12-056 - 25mm NATO is NOT enabled for client prediction
06-05-23_19-06-12-056 - NDeU_Ammo is NOT enabled for client prediction
06-05-23_19-06-12-069 - 25mm NATO is NOT enabled for client prediction
06-05-23_19-06-12-069 - NDeU_Ammo is NOT enabled for client prediction
06-05-23_19-06-12-074 - 25mm NATO is NOT enabled for client prediction
06-05-23_19-06-12-074 - NDeU_Ammo is NOT enabled for client prediction
06-05-23_19-06-12-076 - 25mm NATO is NOT enabled for client prediction
06-05-23_19-06-12-076 - NDeU_Ammo is NOT enabled for client prediction
06-05-23_19-06-12-083 - 25mm NATO is NOT enabled for client prediction
06-05-23_19-06-12-083 - NDeU_Ammo is NOT enabled for client prediction
06-05-23_19-06-12-085 - 25mm NATO is NOT enabled for client prediction
06-05-23_19-06-12-085 - NDeU_Ammo is NOT enabled for client prediction
06-05-23_19-06-12-087 - 25mm NATO is NOT enabled for client prediction
06-05-23_19-06-12-087 - NDeU_Ammo is NOT enabled for client prediction
06-05-23_19-06-12-088 - 25mm NATO is NOT enabled for client prediction
06-05-23_19-06-12-089 - 25mm NATO is NOT enabled for client prediction
06-05-23_19-06-12-090 - 25mm NATO is NOT enabled for client prediction
06-05-23_19-06-12-091 - 25mm NATO is NOT enabled for client prediction
06-05-23_19-06-12-092 - 200mm Missile is NOT enabled for client prediction
06-05-23_19-06-12-093 - 200mm Missile is NOT enabled for client prediction
06-05-23_19-06-12-094 - 200mm Missile is NOT enabled for client prediction
06-05-23_19-06-12-098 - 200mm Missile is NOT enabled for client prediction
06-05-23_19-06-12-099 - 200mm Missile is NOT enabled for client prediction
06-05-23_19-06-12-100 - 200mm Missile is NOT enabled for client prediction
06-05-23_19-06-12-101 - MR-50A is NOT enabled for client prediction
06-05-23_19-06-12-101 - 5.56x45mm is NOT enabled for client prediction
06-05-23_19-06-12-102 - Autocannon Shell is NOT enabled for client prediction
06-05-23_19-06-12-102 - Autocannon Shell does not qualify for fixed weapon client reload verification
06-05-23_19-06-12-103 - Autocannon Shell is NOT enabled for client prediction
06-05-23_19-06-12-105 - Assault Cannon Shell is NOT enabled for client prediction
06-05-23_19-06-12-107 - Assault Cannon Shell is NOT enabled for client prediction
06-05-23_19-06-12-111 - Artillery Shell is NOT enabled for client prediction
06-05-23_19-06-27-458 - WC Version: 26
06-05-23_19-06-33-609 - Running in unsupported mode, certain features and blocks will not work as intended and may crash or become non-functional
06-05-23_19-06-33-609 - Incompatible weapons: LWTS_LargeMissileTurretT5, LWTS_LargeGatlingTurretT5, LWTS_LargeGatlingTurretT4, KKTS_LargeMissileLauncherT2, KKTS_LargeMissileLauncherT5, KKTS_LargeMissileLauncherT3, LWTS_LargeMissileTurretT4, LWTS_LargeMissileTurretT3, KKTS_LargeMissileLauncherT4, LWTS_LargeGatlingTurretT2, LWTS_LargeMissileTurretT2, SmallGatlingGunT5, smallBlockMissileLauncherT5, LWTS_LargeGatlingTurretT3, 
06-05-23_19-07-22-603 - Logging stopped.
