05-29-23_18-09-51-778 - Logging Started
05-29-23_18-09-52-019 - Basic_Rocket is NOT enabled for client prediction
05-29-23_18-09-52-020 - Rocket_Frag is NOT enabled for client prediction
05-29-23_18-09-52-026 - Advanced_Rocket_Launch is NOT enabled for client prediction
05-29-23_18-09-52-027 - Advanced_Rocket is NOT enabled for client prediction
05-29-23_18-09-52-027 - Rocket_Frag is NOT enabled for client prediction
05-29-23_18-09-52-032 - FlareBase is NOT enabled for client prediction
05-29-23_18-09-52-032 - FlareAmmo is NOT enabled for client prediction
05-29-23_18-09-52-034 - Shotgun is NOT enabled for client prediction
05-29-23_18-09-52-034 - Buckshot_Ammo is NOT enabled for client prediction
05-29-23_18-09-52-037 - 25mm NATO is NOT enabled for client prediction
05-29-23_18-09-52-038 - NDeU_Ammo is NOT enabled for client prediction
05-29-23_18-09-52-040 - 25mm NATO is NOT enabled for client prediction
05-29-23_18-09-52-040 - NDeU_Ammo is NOT enabled for client prediction
05-29-23_18-09-52-059 - 25mm NATO is NOT enabled for client prediction
05-29-23_18-09-52-059 - NDeU_Ammo is NOT enabled for client prediction
05-29-23_18-09-52-072 - 25mm NATO is NOT enabled for client prediction
05-29-23_18-09-52-072 - NDeU_Ammo is NOT enabled for client prediction
05-29-23_18-09-52-075 - 25mm NATO is NOT enabled for client prediction
05-29-23_18-09-52-075 - NDeU_Ammo is NOT enabled for client prediction
05-29-23_18-09-52-078 - 25mm NATO is NOT enabled for client prediction
05-29-23_18-09-52-078 - NDeU_Ammo is NOT enabled for client prediction
05-29-23_18-09-52-086 - 25mm NATO is NOT enabled for client prediction
05-29-23_18-09-52-086 - NDeU_Ammo is NOT enabled for client prediction
05-29-23_18-09-52-088 - 25mm NATO is NOT enabled for client prediction
05-29-23_18-09-52-089 - NDeU_Ammo is NOT enabled for client prediction
05-29-23_18-09-52-090 - 25mm NATO is NOT enabled for client prediction
05-29-23_18-09-52-091 - 25mm NATO is NOT enabled for client prediction
05-29-23_18-09-52-092 - 25mm NATO is NOT enabled for client prediction
05-29-23_18-09-52-093 - 25mm NATO is NOT enabled for client prediction
05-29-23_18-09-52-095 - 200mm Missile is NOT enabled for client prediction
05-29-23_18-09-52-096 - 200mm Missile is NOT enabled for client prediction
05-29-23_18-09-52-097 - 200mm Missile is NOT enabled for client prediction
05-29-23_18-09-52-099 - 200mm Missile is NOT enabled for client prediction
05-29-23_18-09-52-100 - 200mm Missile is NOT enabled for client prediction
05-29-23_18-09-52-101 - 200mm Missile is NOT enabled for client prediction
05-29-23_18-09-52-102 - MR-50A is NOT enabled for client prediction
05-29-23_18-09-52-102 - 5.56x45mm is NOT enabled for client prediction
05-29-23_18-09-52-103 - Autocannon Shell is NOT enabled for client prediction
05-29-23_18-09-52-103 - Autocannon Shell does not qualify for fixed weapon client reload verification
05-29-23_18-09-52-104 - Autocannon Shell is NOT enabled for client prediction
05-29-23_18-09-52-121 - Assault Cannon Shell is NOT enabled for client prediction
05-29-23_18-09-52-124 - Assault Cannon Shell is NOT enabled for client prediction
05-29-23_18-09-52-143 - Artillery Shell is NOT enabled for client prediction
05-29-23_18-10-06-671 - WC Version: 26
05-29-23_18-10-12-124 - Running in unsupported mode, certain features and blocks will not work as intended and may crash or become non-functional
05-29-23_18-10-12-124 - Incompatible weapons: LWTS_LargeMissileTurretT3, LWTS_LargeMissileTurretT5, LWTS_LargeGatlingTurretT3, LWTS_LargeGatlingTurretT2, LWTS_LargeMissileTurretT4, LWTS_LargeMissileTurretT2, LWTS_SmallGatlingTurretT3, LWTS_LargeGatlingTurretT5, SmallGatlingGunT2, smallBlockMissileLauncherT2, smallBlockMissileLauncherT3, SmallGatlingGunT3, LWTS_SmallMissileTurretT2, 
05-29-23_18-12-33-465 - Running in unsupported mode, certain features and blocks will not work as intended and may crash or become non-functional
05-29-23_18-12-33-465 - Incompatible weapons: smallBlockMissileLauncherT2, 
05-29-23_18-12-36-208 - creating new storage for: loading:True - isMe:True - 100477733567209223[100477733567209223] - AutomaticRifleItem
05-29-23_18-12-36-263 - retrived storage for: loading:False - 100477733567209223[100477733567209223] - AutomaticRifleItem
05-29-23_18-12-36-264 - retrived storage for: loading:False - 100477733567209223[100477733567209223] - AutomaticRifleItem
05-29-23_18-12-37-811 - creating new storage for: loading:True - isMe:True - 102657729878873189[102657729878873189] - AutomaticRifleItem
05-29-23_18-12-37-885 - retrived storage for: loading:False - 102657729878873189[102657729878873189] - AutomaticRifleItem
05-29-23_18-12-37-885 - retrived storage for: loading:False - 102657729878873189[102657729878873189] - AutomaticRifleItem
05-29-23_18-12-39-472 - creating new storage for: loading:True - isMe:True - 77996776899830129[77996776899830129] - AutomaticRifleItem
05-29-23_18-12-39-565 - retrived storage for: loading:False - 77996776899830129[77996776899830129] - AutomaticRifleItem
05-29-23_18-12-39-565 - retrived storage for: loading:False - 77996776899830129[77996776899830129] - AutomaticRifleItem
05-29-23_18-12-41-151 - creating new storage for: loading:True - isMe:True - 78282170342062657[78282170342062657] - AutomaticRifleItem
05-29-23_18-12-41-248 - retrived storage for: loading:False - 78282170342062657[78282170342062657] - AutomaticRifleItem
05-29-23_18-12-41-248 - retrived storage for: loading:False - 78282170342062657[78282170342062657] - AutomaticRifleItem
05-29-23_18-12-42-803 - creating new storage for: loading:True - isMe:True - 87714303566100647[87714303566100647] - RapidFireAutomaticRifleItem
05-29-23_18-12-42-932 - retrived storage for: loading:False - 87714303566100647[87714303566100647] - RapidFireAutomaticRifleItem
05-29-23_18-12-42-932 - retrived storage for: loading:False - 87714303566100647[87714303566100647] - RapidFireAutomaticRifleItem
05-29-23_18-13-59-241 - retrived storage for: loading:True - 0[84382349199920686] - RapidFireAutomaticRifleItem
05-29-23_18-13-59-242 - retrived storage for: loading:True - 0[111018622094488188] - AutomaticRifleItem
05-29-23_18-13-59-277 - retrived storage for: loading:True - 0[79153437106797912] - AutomaticRifleItem
05-29-23_18-14-02-288 - retrived storage for: loading:True - 0[85498087866588979] - AutomaticRifleItem
05-29-23_18-14-28-541 - retrived storage for: loading:False - 0[85498087866588979] - AutomaticRifleItem
05-29-23_18-14-28-541 - ammoStorage skipping: AutomaticRifleItem[0] not active entity: AutomaticRifleItem[85498087866588979]
05-29-23_18-17-23-221 - Running in unsupported mode, certain features and blocks will not work as intended and may crash or become non-functional
05-29-23_18-17-23-221 - Incompatible weapons: LWTS_LargeMissileTurretT3, 
05-29-23_18-18-36-725 - Running in unsupported mode, certain features and blocks will not work as intended and may crash or become non-functional
05-29-23_18-18-36-725 - Incompatible weapons: LWTS_SmallGatlingTurretT3, 
05-29-23_18-22-16-279 - retrived storage for: loading:False - 0[79153437106797912] - AutomaticRifleItem
05-29-23_18-22-16-279 - ammoStorage skipping: AutomaticRifleItem[0] not active entity: AutomaticRifleItem[79153437106797912]
05-29-23_18-23-29-832 - retrived storage for: loading:False - 0[111018622094488188] - AutomaticRifleItem
05-29-23_18-23-29-832 - ammoStorage skipping: AutomaticRifleItem[0] not active entity: AutomaticRifleItem[111018622094488188]
05-29-23_18-23-32-197 - retrived storage for: loading:True - 80708572780204182[80708572780204182] - AutomaticRifleItem
05-29-23_18-24-05-662 - retrived storage for: loading:False - 0[84382349199920686] - RapidFireAutomaticRifleItem
05-29-23_18-24-05-662 - ammoStorage skipping: RapidFireAutomaticRifleItem[0] not active entity: RapidFireAutomaticRifleItem[84382349199920686]
05-29-23_18-24-08-029 - retrived storage for: loading:True - 124545804926430708[124545804926430708] - RapidFireAutomaticRifleItem
05-29-23_18-24-12-417 - retrived storage for: loading:False - 80708572780204182[80708572780204182] - AutomaticRifleItem
05-29-23_18-25-00-662 - retrived storage for: loading:False - 124545804926430708[124545804926430708] - RapidFireAutomaticRifleItem
05-29-23_18-25-03-037 - retrived storage for: loading:True - 102438173836945293[102438173836945293] - RapidFireAutomaticRifleItem
05-29-23_18-26-34-883 - creating new storage for: loading:True - isMe:True - 131523766489931406[131523766489931406] - SemiAutoPistolItem
05-29-23_18-26-34-945 - retrived storage for: loading:False - 131523766489931406[131523766489931406] - SemiAutoPistolItem
05-29-23_18-26-34-945 - retrived storage for: loading:False - 131523766489931406[131523766489931406] - SemiAutoPistolItem
05-29-23_18-31-14-202 - Running in unsupported mode, certain features and blocks will not work as intended and may crash or become non-functional
05-29-23_18-31-14-202 - Incompatible weapons: LWTS_LargeMissileTurretT2, 
05-29-23_18-47-24-421 - Running in unsupported mode, certain features and blocks will not work as intended and may crash or become non-functional
05-29-23_18-47-24-421 - Incompatible weapons: smallBlockMissileLauncherT4, smallBlockMissileLauncherT2, smallBlockMissileLauncherT3, 
05-29-23_18-48-17-834 - creating new storage for: loading:True - isMe:True - 143602955262690756[143602955262690756] - RapidFireAutomaticRifleItem
05-29-23_18-48-17-900 - retrived storage for: loading:False - 143602955262690756[143602955262690756] - RapidFireAutomaticRifleItem
05-29-23_18-48-17-901 - retrived storage for: loading:False - 143602955262690756[143602955262690756] - RapidFireAutomaticRifleItem
05-29-23_18-49-21-101 - retrived storage for: loading:True - 0[112063922836506217] - RapidFireAutomaticRifleItem
05-29-23_18-49-21-161 - retrived storage for: loading:False - 0[112063922836506217] - RapidFireAutomaticRifleItem
05-29-23_18-49-21-161 - ammoStorage skipping: RapidFireAutomaticRifleItem[0] not active entity: RapidFireAutomaticRifleItem[112063922836506217]
05-29-23_18-49-40-935 - creating new storage for: loading:True - isMe:True - 137383360380617265[137383360380617265] - RapidFireAutomaticRifleItem
05-29-23_18-49-41-168 - creating new storage for: loading:True - isMe:True - 132369673996916571[132369673996916571] - AutomaticRifleItem
05-29-23_18-49-41-349 - retrived storage for: loading:False - 137383360380617265[137383360380617265] - RapidFireAutomaticRifleItem
05-29-23_18-49-42-836 - creating new storage for: loading:True - isMe:True - 136858036194592785[136858036194592785] - RapidFireAutomaticRifleItem
05-29-23_18-49-44-501 - creating new storage for: loading:True - isMe:True - 77808874325627913[77808874325627913] - RapidFireAutomaticRifleItem
05-29-23_18-49-46-177 - creating new storage for: loading:True - isMe:True - 139948126234216421[139948126234216421] - RapidFireAutomaticRifleItem
05-29-23_18-49-53-473 - retrived storage for: loading:False - 132369673996916571[132369673996916571] - AutomaticRifleItem
05-29-23_18-49-53-509 - retrived storage for: loading:False - 77808874325627913[77808874325627913] - RapidFireAutomaticRifleItem
05-29-23_18-49-54-275 - retrived storage for: loading:False - 139948126234216421[139948126234216421] - RapidFireAutomaticRifleItem
05-29-23_18-49-55-605 - retrived storage for: loading:False - 136858036194592785[136858036194592785] - RapidFireAutomaticRifleItem
05-29-23_18-50-49-508 - retrived storage for: loading:True - 111596100610792871[111596100610792871] - RapidFireAutomaticRifleItem
05-29-23_18-50-49-817 - retrived storage for: loading:False - 111596100610792871[111596100610792871] - RapidFireAutomaticRifleItem
05-29-23_18-52-55-463 - Running in unsupported mode, certain features and blocks will not work as intended and may crash or become non-functional
05-29-23_18-52-55-463 - Incompatible weapons: LWTS_LargeMissileTurretT2, LWTS_LargeMissileTurretT3, LWTS_LargeMissileTurretT5, LWTS_LargeGatlingTurretT4, 
05-29-23_18-55-08-664 - retrived storage for: loading:True - 73044084670551399[73044084670551399] - RapidFireAutomaticRifleItem
05-29-23_18-55-09-713 - retrived storage for: loading:False - 73044084670551399[73044084670551399] - RapidFireAutomaticRifleItem
05-29-23_18-55-10-481 - retrived storage for: loading:True - 91489654931430969[91489654931430969] - RapidFireAutomaticRifleItem
05-29-23_18-55-10-861 - retrived storage for: loading:False - 91489654931430969[91489654931430969] - RapidFireAutomaticRifleItem
05-29-23_19-09-56-850 - Running in unsupported mode, certain features and blocks will not work as intended and may crash or become non-functional
05-29-23_19-09-56-850 - Incompatible weapons: LWTS_LargeMissileTurretT3, LWTS_LargeGatlingTurretT4, 
05-29-23_19-11-39-051 - Running in unsupported mode, certain features and blocks will not work as intended and may crash or become non-functional
05-29-23_19-11-39-051 - Incompatible weapons: LWTS_LargeMissileTurretT5, 
05-29-23_19-28-12-923 - creating new storage for: loading:True - isMe:True - 139507528079109199[139507528079109199] - UltimateAutomaticRifleItem
05-29-23_19-28-14-590 - creating new storage for: loading:True - isMe:True - 72253603024194634[72253603024194634] - UltimateAutomaticRifleItem
05-29-23_19-28-15-229 - retrived storage for: loading:False - 139507528079109199[139507528079109199] - UltimateAutomaticRifleItem
05-29-23_19-28-17-267 - retrived storage for: loading:False - 72253603024194634[72253603024194634] - UltimateAutomaticRifleItem
05-29-23_19-28-17-923 - creating new storage for: loading:True - isMe:True - 90354842057243989[90354842057243989] - UltimateAutomaticRifleItem
05-29-23_19-28-20-144 - retrived storage for: loading:False - 90354842057243989[90354842057243989] - UltimateAutomaticRifleItem
05-29-23_19-32-46-375 - retrived storage for: loading:True - 124348622484700288[124348622484700288] - RapidFireAutomaticRifleItem
05-29-23_19-32-46-572 - retrived storage for: loading:False - 124348622484700288[124348622484700288] - RapidFireAutomaticRifleItem
05-29-23_19-41-10-056 - Running in unsupported mode, certain features and blocks will not work as intended and may crash or become non-functional
05-29-23_19-41-10-056 - Incompatible weapons: LWTS_LargeGatlingTurretT5, 
05-29-23_19-41-32-472 - Running in unsupported mode, certain features and blocks will not work as intended and may crash or become non-functional
05-29-23_19-41-32-472 - Incompatible weapons: LWTS_SmallMissileTurretT2, smallBlockMissileLauncherT2, LWTS_SmallGatlingTurretT3, 
05-29-23_19-42-00-056 - Running in unsupported mode, certain features and blocks will not work as intended and may crash or become non-functional
05-29-23_19-42-00-056 - Incompatible weapons: LWTS_LargeMissileTurretT4, 
05-29-23_19-56-31-535 - creating new storage for: loading:True - isMe:True - 82508023917253561[82508023917253561] - RapidFireAutomaticRifleItem
05-29-23_19-56-31-601 - retrived storage for: loading:False - 82508023917253561[82508023917253561] - RapidFireAutomaticRifleItem
05-29-23_19-56-31-601 - retrived storage for: loading:False - 82508023917253561[82508023917253561] - RapidFireAutomaticRifleItem
05-29-23_19-56-33-201 - creating new storage for: loading:True - isMe:True - 85872999107946155[85872999107946155] - RapidFireAutomaticRifleItem
05-29-23_19-56-33-285 - retrived storage for: loading:False - 85872999107946155[85872999107946155] - RapidFireAutomaticRifleItem
05-29-23_19-56-33-285 - retrived storage for: loading:False - 85872999107946155[85872999107946155] - RapidFireAutomaticRifleItem
05-29-23_19-56-34-868 - creating new storage for: loading:True - isMe:True - 88568712565184304[88568712565184304] - AutomaticRifleItem
05-29-23_19-56-34-969 - retrived storage for: loading:False - 88568712565184304[88568712565184304] - AutomaticRifleItem
05-29-23_19-56-34-969 - retrived storage for: loading:False - 88568712565184304[88568712565184304] - AutomaticRifleItem
05-29-23_19-56-36-536 - creating new storage for: loading:True - isMe:True - 98960152777628761[98960152777628761] - RapidFireAutomaticRifleItem
05-29-23_19-56-36-651 - retrived storage for: loading:False - 98960152777628761[98960152777628761] - RapidFireAutomaticRifleItem
05-29-23_19-56-36-651 - retrived storage for: loading:False - 98960152777628761[98960152777628761] - RapidFireAutomaticRifleItem
05-29-23_19-59-20-591 - Running in unsupported mode, certain features and blocks will not work as intended and may crash or become non-functional
05-29-23_19-59-20-591 - Incompatible weapons: LWTS_LargeGatlingTurretT2, LWTS_LargeGatlingTurretT5, LWTS_LargeMissileTurretT3, LWTS_LargeMissileTurretT4, LWTS_LargeMissileTurretT2, 
05-29-23_20-02-48-409 - creating new storage for: loading:True - isMe:True - 113396723141111411[113396723141111411] - RapidFireAutomaticRifleItem
05-29-23_20-02-50-074 - creating new storage for: loading:True - isMe:True - 115004904554359533[115004904554359533] - AutomaticRifleItem
05-29-23_20-02-51-827 - creating new storage for: loading:True - isMe:True - 123198128760455439[123198128760455439] - AutomaticRifleItem
05-29-23_20-02-53-504 - creating new storage for: loading:True - isMe:True - 90434960866490401[90434960866490401] - RapidFireAutomaticRifleItem
05-29-23_20-02-55-049 - retrived storage for: loading:False - 90434960866490401[90434960866490401] - RapidFireAutomaticRifleItem
05-29-23_20-03-02-031 - retrived storage for: loading:False - 113396723141111411[113396723141111411] - RapidFireAutomaticRifleItem
05-29-23_20-03-12-197 - retrived storage for: loading:False - 115004904554359533[115004904554359533] - AutomaticRifleItem
05-29-23_20-03-13-500 - retrived storage for: loading:False - 123198128760455439[123198128760455439] - AutomaticRifleItem
05-29-23_20-10-51-777 - Running in unsupported mode, certain features and blocks will not work as intended and may crash or become non-functional
05-29-23_20-10-51-777 - Incompatible weapons: LWTS_LargeGatlingTurretT4, 
05-29-23_20-14-10-298 - creating new storage for: loading:True - isMe:True - 114599813408065559[114599813408065559] - RapidFireAutomaticRifleItem
05-29-23_20-14-10-337 - retrived storage for: loading:False - 114599813408065559[114599813408065559] - RapidFireAutomaticRifleItem
05-29-23_20-14-10-337 - retrived storage for: loading:False - 114599813408065559[114599813408065559] - RapidFireAutomaticRifleItem
05-29-23_20-14-11-934 - creating new storage for: loading:True - isMe:True - 90758722157426937[90758722157426937] - RapidFireAutomaticRifleItem
05-29-23_20-14-12-015 - retrived storage for: loading:False - 90758722157426937[90758722157426937] - RapidFireAutomaticRifleItem
05-29-23_20-14-12-015 - retrived storage for: loading:False - 90758722157426937[90758722157426937] - RapidFireAutomaticRifleItem
05-29-23_20-14-13-598 - creating new storage for: loading:True - isMe:True - 86553494424417973[86553494424417973] - RapidFireAutomaticRifleItem
05-29-23_20-14-13-699 - retrived storage for: loading:False - 86553494424417973[86553494424417973] - RapidFireAutomaticRifleItem
05-29-23_20-14-13-699 - retrived storage for: loading:False - 86553494424417973[86553494424417973] - RapidFireAutomaticRifleItem
05-29-23_20-14-15-265 - creating new storage for: loading:True - isMe:True - 96247752496854482[96247752496854482] - RapidFireAutomaticRifleItem
05-29-23_20-14-15-381 - retrived storage for: loading:False - 96247752496854482[96247752496854482] - RapidFireAutomaticRifleItem
05-29-23_20-14-15-382 - retrived storage for: loading:False - 96247752496854482[96247752496854482] - RapidFireAutomaticRifleItem
05-29-23_20-14-16-932 - creating new storage for: loading:True - isMe:True - 115500707167268986[115500707167268986] - RapidFireAutomaticRifleItem
05-29-23_20-14-17-069 - retrived storage for: loading:False - 115500707167268986[115500707167268986] - RapidFireAutomaticRifleItem
05-29-23_20-14-17-070 - retrived storage for: loading:False - 115500707167268986[115500707167268986] - RapidFireAutomaticRifleItem
05-29-23_20-15-31-933 - creating new storage for: loading:True - isMe:True - 73242475603011990[73242475603011990] - RapidFireAutomaticRifleItem
05-29-23_20-15-33-606 - creating new storage for: loading:True - isMe:True - 142710229071950993[142710229071950993] - RapidFireAutomaticRifleItem
05-29-23_20-15-35-267 - creating new storage for: loading:True - isMe:True - 76882248812779073[76882248812779073] - RapidFireAutomaticRifleItem
05-29-23_20-15-36-932 - creating new storage for: loading:True - isMe:True - 138166433972961354[138166433972961354] - AutomaticRifleItem
05-29-23_20-16-41-932 - Running in unsupported mode, certain features and blocks will not work as intended and may crash or become non-functional
05-29-23_20-16-41-932 - Incompatible weapons: SmallGatlingGunT2, smallBlockMissileLauncherT2, 
05-29-23_20-16-43-599 - creating new storage for: loading:True - isMe:True - 91316234650278466[91316234650278466] - SemiAutoPistolItem
05-29-23_20-16-43-665 - retrived storage for: loading:False - 91316234650278466[91316234650278466] - SemiAutoPistolItem
05-29-23_20-16-43-665 - retrived storage for: loading:False - 91316234650278466[91316234650278466] - SemiAutoPistolItem
05-29-23_20-16-50-303 - creating new storage for: loading:True - isMe:True - 130545402437218173[130545402437218173] - UltimateAutomaticRifleItem
05-29-23_20-16-50-342 - retrived storage for: loading:False - 130545402437218173[130545402437218173] - UltimateAutomaticRifleItem
05-29-23_20-16-50-342 - retrived storage for: loading:False - 130545402437218173[130545402437218173] - UltimateAutomaticRifleItem
05-29-23_20-17-30-471 - retrived storage for: loading:True - 0[76807417656331649] - RapidFireAutomaticRifleItem
05-29-23_20-17-30-471 - retrived storage for: loading:True - 0[127582299521341746] - RapidFireAutomaticRifleItem
05-29-23_20-17-30-471 - retrived storage for: loading:True - 0[126276030081687632] - RapidFireAutomaticRifleItem
05-29-23_20-17-30-471 - retrived storage for: loading:True - 0[89224454920456455] - RapidFireAutomaticRifleItem
05-29-23_20-17-31-401 - retrived storage for: loading:False - 0[127582299521341746] - RapidFireAutomaticRifleItem
05-29-23_20-17-31-401 - ammoStorage skipping: RapidFireAutomaticRifleItem[0] not active entity: RapidFireAutomaticRifleItem[127582299521341746]
05-29-23_20-17-31-506 - retrived storage for: loading:False - 0[89224454920456455] - RapidFireAutomaticRifleItem
05-29-23_20-17-31-506 - ammoStorage skipping: RapidFireAutomaticRifleItem[0] not active entity: RapidFireAutomaticRifleItem[89224454920456455]
05-29-23_20-17-40-485 - retrived storage for: loading:True - 0[88026484338909127] - RapidFireAutomaticRifleItem
05-29-23_20-19-07-680 - retrived storage for: loading:False - 0[88026484338909127] - RapidFireAutomaticRifleItem
05-29-23_20-19-07-680 - ammoStorage skipping: RapidFireAutomaticRifleItem[0] not active entity: RapidFireAutomaticRifleItem[88026484338909127]
05-29-23_20-19-16-591 - Running in unsupported mode, certain features and blocks will not work as intended and may crash or become non-functional
05-29-23_20-19-16-591 - Incompatible weapons: LWTS_SmallGatlingTurretT3, 
05-29-23_20-23-55-679 - retrived storage for: loading:False - 102438173836945293[102438173836945293] - RapidFireAutomaticRifleItem
05-29-23_20-55-25-175 - Running in unsupported mode, certain features and blocks will not work as intended and may crash or become non-functional
05-29-23_20-55-25-175 - Incompatible weapons: LWTS_LargeGatlingTurretT5, KKTS_LargeMissileLauncherT3, LWTS_LargeGatlingTurretT3, 
05-29-23_20-56-16-774 - Running in unsupported mode, certain features and blocks will not work as intended and may crash or become non-functional
05-29-23_20-56-16-774 - Incompatible weapons: SmallGatlingGunT4, SmallGatlingGunT3, 
05-29-23_20-57-01-560 - creating new storage for: loading:True - isMe:True - 82419261798895452[82419261798895452] - SemiAutoPistolItem
05-29-23_20-57-01-626 - retrived storage for: loading:False - 82419261798895452[82419261798895452] - SemiAutoPistolItem
05-29-23_20-57-01-626 - retrived storage for: loading:False - 82419261798895452[82419261798895452] - SemiAutoPistolItem
05-29-23_21-08-45-414 - retrived storage for: loading:False - 0[126276030081687632] - RapidFireAutomaticRifleItem
05-29-23_21-08-45-414 - ammoStorage skipping: RapidFireAutomaticRifleItem[0] not active entity: RapidFireAutomaticRifleItem[126276030081687632]
05-29-23_21-11-15-501 - Running in unsupported mode, certain features and blocks will not work as intended and may crash or become non-functional
05-29-23_21-11-15-501 - Incompatible weapons: LWTS_LargeGatlingTurretT2, 
05-29-23_21-22-25-716 - Running in unsupported mode, certain features and blocks will not work as intended and may crash or become non-functional
05-29-23_21-22-25-716 - Incompatible weapons: LWTS_LargeGatlingTurretT4, LWTS_LargeMissileTurretT4, LWTS_LargeMissileTurretT2, 
05-29-23_21-26-36-160 - Running in unsupported mode, certain features and blocks will not work as intended and may crash or become non-functional
05-29-23_21-26-36-160 - Incompatible weapons: LWTS_LargeMissileTurretT4, 
05-29-23_21-27-42-560 - creating new storage for: loading:True - isMe:True - 92859967108568562[92859967108568562] - RapidFireAutomaticRifleItem
05-29-23_21-27-44-218 - creating new storage for: loading:True - isMe:True - 127254555867429516[127254555867429516] - RapidFireAutomaticRifleItem
05-29-23_21-27-45-887 - creating new storage for: loading:True - isMe:True - 77511852510989413[77511852510989413] - RapidFireAutomaticRifleItem
05-29-23_21-27-47-556 - creating new storage for: loading:True - isMe:True - 136986675719881093[136986675719881093] - RapidFireAutomaticRifleItem
05-29-23_21-27-56-835 - retrived storage for: loading:False - 0[76807417656331649] - RapidFireAutomaticRifleItem
05-29-23_21-27-56-835 - ammoStorage skipping: RapidFireAutomaticRifleItem[0] not active entity: RapidFireAutomaticRifleItem[76807417656331649]
05-29-23_21-29-06-619 - retrived storage for: loading:False - 136986675719881093[136986675719881093] - RapidFireAutomaticRifleItem
05-29-23_21-29-20-814 - retrived storage for: loading:False - 92859967108568562[92859967108568562] - RapidFireAutomaticRifleItem
05-29-23_21-30-17-640 - creating new storage for: loading:True - isMe:True - 115123068577787843[115123068577787843] - RapidFireAutomaticRifleItem
05-29-23_21-30-36-264 - Running in unsupported mode, certain features and blocks will not work as intended and may crash or become non-functional
05-29-23_21-30-36-264 - Incompatible weapons: LWTS_LargeGatlingTurretT2, 
05-29-23_21-30-40-578 - retrived storage for: loading:False - 115123068577787843[115123068577787843] - RapidFireAutomaticRifleItem
05-29-23_21-30-41-064 - retrived storage for: loading:True - 138054632794884378[138054632794884378] - RapidFireAutomaticRifleItem
05-29-23_21-30-52-345 - retrived storage for: loading:False - 138054632794884378[138054632794884378] - RapidFireAutomaticRifleItem
05-29-23_21-30-52-345 - retrived storage for: loading:False - 138054632794884378[138054632794884378] - RapidFireAutomaticRifleItem
05-29-23_21-31-26-931 - retrived storage for: loading:True - 0[112745417707459365] - RapidFireAutomaticRifleItem
05-29-23_21-31-35-795 - retrived storage for: loading:False - 0[112745417707459365] - RapidFireAutomaticRifleItem
05-29-23_21-31-35-795 - ammoStorage skipping: RapidFireAutomaticRifleItem[0] not active entity: RapidFireAutomaticRifleItem[112745417707459365]
05-29-23_21-31-35-795 - retrived storage for: loading:False - 0[112745417707459365] - RapidFireAutomaticRifleItem
05-29-23_21-31-35-795 - ammoStorage skipping: RapidFireAutomaticRifleItem[0] not active entity: RapidFireAutomaticRifleItem[112745417707459365]
05-29-23_21-31-55-797 - retrived storage for: loading:True - 0[82845946538128243] - RapidFireAutomaticRifleItem
05-29-23_21-31-57-971 - retrived storage for: loading:False - 0[82845946538128243] - RapidFireAutomaticRifleItem
05-29-23_21-31-57-971 - ammoStorage skipping: RapidFireAutomaticRifleItem[0] not active entity: RapidFireAutomaticRifleItem[82845946538128243]
05-29-23_21-38-26-481 - Running in unsupported mode, certain features and blocks will not work as intended and may crash or become non-functional
05-29-23_21-38-26-481 - Incompatible weapons: LWTS_LargeGatlingTurretT4, 
05-29-23_21-43-06-564 - Running in unsupported mode, certain features and blocks will not work as intended and may crash or become non-functional
05-29-23_21-43-06-564 - Incompatible weapons: LWTS_LargeMissileTurretT2, LWTS_LargeGatlingTurretT2, 
05-29-23_21-44-16-564 - Running in unsupported mode, certain features and blocks will not work as intended and may crash or become non-functional
05-29-23_21-44-16-564 - Incompatible weapons: LWTS_LargeGatlingTurretT3, LWTS_LargeMissileTurretT3, 
05-29-23_21-55-16-765 - Running in unsupported mode, certain features and blocks will not work as intended and may crash or become non-functional
05-29-23_21-55-16-766 - Incompatible weapons: LWTS_LargeMissileTurretT3, 
05-29-23_22-03-31-849 - creating new storage for: loading:True - isMe:True - 89015127044833089[89015127044833089] - PreciseAutomaticRifleItem
05-29-23_22-03-33-516 - creating new storage for: loading:True - isMe:True - 89300198728775254[89300198728775254] - FullAutoPistolItem
05-29-23_22-03-35-179 - creating new storage for: loading:True - isMe:True - 110375029419334674[110375029419334674] - FullAutoPistolItem
05-29-23_22-11-57-898 - Running in unsupported mode, certain features and blocks will not work as intended and may crash or become non-functional
05-29-23_22-11-57-898 - Incompatible weapons: LWTS_LargeMissileTurretT3, LWTS_LargeMissileTurretT5, LWTS_LargeGatlingTurretT3, LWTS_LargeMissileTurretT2, 
05-29-23_22-15-28-418 - Running in unsupported mode, certain features and blocks will not work as intended and may crash or become non-functional
05-29-23_22-15-28-418 - Incompatible weapons: LWTS_SmallMissileTurretT3, 
05-29-23_22-17-18-005 - creating new storage for: loading:True - isMe:True - 143819814802914628[143819814802914628] - RapidFireAutomaticRifleItem
05-29-23_22-17-18-066 - retrived storage for: loading:False - 143819814802914628[143819814802914628] - RapidFireAutomaticRifleItem
05-29-23_22-17-18-066 - retrived storage for: loading:False - 143819814802914628[143819814802914628] - RapidFireAutomaticRifleItem
05-29-23_22-17-19-682 - creating new storage for: loading:True - isMe:True - 140613389421501310[140613389421501310] - AutomaticRifleItem
05-29-23_22-17-19-750 - retrived storage for: loading:False - 140613389421501310[140613389421501310] - AutomaticRifleItem
05-29-23_22-17-19-750 - retrived storage for: loading:False - 140613389421501310[140613389421501310] - AutomaticRifleItem
05-29-23_22-17-21-335 - creating new storage for: loading:True - isMe:True - 80544720868145894[80544720868145894] - RapidFireAutomaticRifleItem
05-29-23_22-17-21-433 - retrived storage for: loading:False - 80544720868145894[80544720868145894] - RapidFireAutomaticRifleItem
05-29-23_22-17-21-433 - retrived storage for: loading:False - 80544720868145894[80544720868145894] - RapidFireAutomaticRifleItem
05-29-23_22-17-23-007 - creating new storage for: loading:True - isMe:True - 93407542454682538[93407542454682538] - RapidFireAutomaticRifleItem
05-29-23_22-17-23-116 - retrived storage for: loading:False - 93407542454682538[93407542454682538] - RapidFireAutomaticRifleItem
05-29-23_22-17-23-116 - retrived storage for: loading:False - 93407542454682538[93407542454682538] - RapidFireAutomaticRifleItem
05-29-23_22-17-24-685 - creating new storage for: loading:True - isMe:True - 88612829471701056[88612829471701056] - RapidFireAutomaticRifleItem
05-29-23_22-17-24-800 - retrived storage for: loading:False - 88612829471701056[88612829471701056] - RapidFireAutomaticRifleItem
05-29-23_22-17-24-800 - retrived storage for: loading:False - 88612829471701056[88612829471701056] - RapidFireAutomaticRifleItem
05-29-23_22-17-25-573 - retrived storage for: loading:True - 0[127348543863426825] - AutomaticRifleItem
05-29-23_22-17-25-617 - retrived storage for: loading:True - 0[98665850141505804] - RapidFireAutomaticRifleItem
05-29-23_22-17-25-617 - retrived storage for: loading:True - 0[78899754288946911] - RapidFireAutomaticRifleItem
05-29-23_22-17-25-617 - retrived storage for: loading:True - 0[119083914203091997] - RapidFireAutomaticRifleItem
05-29-23_22-17-26-334 - creating new storage for: loading:True - isMe:True - 92764751614501673[92764751614501673] - RapidFireAutomaticRifleItem
05-29-23_22-17-26-483 - retrived storage for: loading:False - 0[127348543863426825] - AutomaticRifleItem
05-29-23_22-17-26-483 - ammoStorage skipping: AutomaticRifleItem[0] not active entity: AutomaticRifleItem[127348543863426825]
05-29-23_22-17-26-483 - retrived storage for: loading:False - 0[127348543863426825] - AutomaticRifleItem
05-29-23_22-17-26-483 - ammoStorage skipping: AutomaticRifleItem[0] not active entity: AutomaticRifleItem[127348543863426825]
05-29-23_22-17-26-533 - retrived storage for: loading:True - 0[79558322738474997] - AutomaticRifleItem
05-29-23_22-17-44-630 - retrived storage for: loading:False - 92764751614501673[92764751614501673] - RapidFireAutomaticRifleItem
05-29-23_22-17-51-742 - retrived storage for: loading:True - 0[124995432822597898] - RapidFireAutomaticRifleItem
05-29-23_22-17-52-757 - retrived storage for: loading:False - 0[78899754288946911] - RapidFireAutomaticRifleItem
05-29-23_22-17-52-757 - ammoStorage skipping: RapidFireAutomaticRifleItem[0] not active entity: RapidFireAutomaticRifleItem[78899754288946911]
05-29-23_22-18-13-906 - retrived storage for: loading:False - 0[79558322738474997] - AutomaticRifleItem
05-29-23_22-18-13-907 - ammoStorage skipping: AutomaticRifleItem[0] not active entity: AutomaticRifleItem[79558322738474997]
05-29-23_22-18-18-800 - creating new storage for: loading:True - isMe:True - 116405336357150355[116405336357150355] - RapidFireAutomaticRifleItem
05-29-23_22-18-41-464 - retrived storage for: loading:False - 0[119083914203091997] - RapidFireAutomaticRifleItem
05-29-23_22-18-41-464 - ammoStorage skipping: RapidFireAutomaticRifleItem[0] not active entity: RapidFireAutomaticRifleItem[119083914203091997]
05-29-23_22-20-19-631 - retrived storage for: loading:False - 116405336357150355[116405336357150355] - RapidFireAutomaticRifleItem
05-29-23_22-26-28-886 - Running in unsupported mode, certain features and blocks will not work as intended and may crash or become non-functional
05-29-23_22-26-28-886 - Incompatible weapons: LWTS_LargeMissileTurretT3, LWTS_LargeGatlingTurretT5, LWTS_LargeGatlingTurretT3, LWTS_LargeGatlingTurretT4, 
05-29-23_22-26-33-427 - retrived storage for: loading:False - 89015127044833089[89015127044833089] - PreciseAutomaticRifleItem
05-29-23_22-26-35-626 - retrived storage for: loading:False - 89300198728775254[89300198728775254] - FullAutoPistolItem
05-29-23_22-32-03-350 - retrived storage for: loading:False - 0[124995432822597898] - RapidFireAutomaticRifleItem
05-29-23_22-32-03-350 - ammoStorage skipping: RapidFireAutomaticRifleItem[0] not active entity: RapidFireAutomaticRifleItem[124995432822597898]
05-29-23_22-32-49-194 - creating new storage for: loading:True - isMe:True - 128972365042725980[128972365042725980] - RapidFireAutomaticRifleItem
05-29-23_22-32-51-498 - retrived storage for: loading:False - 128972365042725980[128972365042725980] - RapidFireAutomaticRifleItem
05-29-23_22-32-51-885 - retrived storage for: loading:True - 108917545064151328[108917545064151328] - RapidFireAutomaticRifleItem
05-29-23_22-32-53-632 - retrived storage for: loading:False - 108917545064151328[108917545064151328] - RapidFireAutomaticRifleItem
05-29-23_22-32-53-632 - retrived storage for: loading:False - 108917545064151328[108917545064151328] - RapidFireAutomaticRifleItem
05-29-23_22-33-26-268 - retrived storage for: loading:True - 0[78106439851201195] - RapidFireAutomaticRifleItem
05-29-23_22-33-28-948 - retrived storage for: loading:False - 0[78106439851201195] - RapidFireAutomaticRifleItem
05-29-23_22-33-28-948 - ammoStorage skipping: RapidFireAutomaticRifleItem[0] not active entity: RapidFireAutomaticRifleItem[78106439851201195]
05-29-23_22-35-09-238 - Running in unsupported mode, certain features and blocks will not work as intended and may crash or become non-functional
05-29-23_22-35-09-238 - Incompatible weapons: LWTS_LargeMissileTurretT3, LWTS_LargeGatlingTurretT4, LWTS_LargeGatlingTurretT2, 
05-29-23_22-41-40-773 - retrived storage for: loading:False - 0[98665850141505804] - RapidFireAutomaticRifleItem
05-29-23_22-41-40-773 - ammoStorage skipping: RapidFireAutomaticRifleItem[0] not active entity: RapidFireAutomaticRifleItem[98665850141505804]
05-29-23_22-51-49-844 - Running in unsupported mode, certain features and blocks will not work as intended and may crash or become non-functional
05-29-23_22-51-49-844 - Incompatible weapons: LWTS_LargeMissileTurretT5, LWTS_LargeGatlingTurretT5, 
05-29-23_22-53-41-400 - Running in unsupported mode, certain features and blocks will not work as intended and may crash or become non-functional
05-29-23_22-53-41-400 - Incompatible weapons: LWTS_LargeGatlingTurretT3, 
05-29-23_23-03-11-746 - creating new storage for: loading:True - isMe:True - 100805312998027171[100805312998027171] - AutomaticRifleItem
05-29-23_23-04-44-353 - retrived storage for: loading:False - 100805312998027171[100805312998027171] - AutomaticRifleItem
05-29-23_23-04-46-719 - retrived storage for: loading:True - 114398863450625670[114398863450625670] - AutomaticRifleItem
05-29-23_23-05-21-925 - retrived storage for: loading:False - 114398863450625670[114398863450625670] - AutomaticRifleItem
05-29-23_23-19-53-357 - Running in unsupported mode, certain features and blocks will not work as intended and may crash or become non-functional
05-29-23_23-19-53-357 - Incompatible weapons: LWTS_LargeGatlingTurretT4, 
05-29-23_23-20-16-774 - creating new storage for: loading:True - isMe:True - 118118170228371215[118118170228371215] - UltimateAutomaticRifleItem
05-29-23_23-20-39-762 - retrived storage for: loading:False - 118118170228371215[118118170228371215] - UltimateAutomaticRifleItem
05-29-23_23-20-43-045 - retrived storage for: loading:True - 99755660657052847[99755660657052847] - UltimateAutomaticRifleItem
05-29-23_23-20-44-772 - retrived storage for: loading:False - 99755660657052847[99755660657052847] - UltimateAutomaticRifleItem
05-29-23_23-20-47-276 - retrived storage for: loading:True - 114530805757109054[114530805757109054] - UltimateAutomaticRifleItem
05-29-23_23-20-55-239 - retrived storage for: loading:False - 114530805757109054[114530805757109054] - UltimateAutomaticRifleItem
05-29-23_23-21-01-424 - retrived storage for: loading:True - 97407191750206775[97407191750206775] - UltimateAutomaticRifleItem
05-29-23_23-21-10-267 - retrived storage for: loading:False - 97407191750206775[97407191750206775] - UltimateAutomaticRifleItem
05-29-23_23-21-11-924 - retrived storage for: loading:True - 82977779419968863[82977779419968863] - UltimateAutomaticRifleItem
05-29-23_23-21-24-439 - retrived storage for: loading:False - 82977779419968863[82977779419968863] - UltimateAutomaticRifleItem
05-29-23_23-21-43-286 - creating new storage for: loading:True - isMe:True - 113552057797297615[113552057797297615] - UltimateAutomaticRifleItem
05-29-23_23-21-50-132 - retrived storage for: loading:False - 113552057797297615[113552057797297615] - UltimateAutomaticRifleItem
05-29-23_23-23-08-409 - creating new storage for: loading:True - isMe:True - 88187701785022066[88187701785022066] - RapidFireAutomaticRifleItem
05-29-23_23-23-22-407 - retrived storage for: loading:False - 88187701785022066[88187701785022066] - RapidFireAutomaticRifleItem
05-29-23_23-23-28-010 - retrived storage for: loading:True - 128015225270463253[128015225270463253] - RapidFireAutomaticRifleItem
05-29-23_23-23-32-123 - retrived storage for: loading:False - 128015225270463253[128015225270463253] - RapidFireAutomaticRifleItem
05-29-23_23-23-53-992 - Running in unsupported mode, certain features and blocks will not work as intended and may crash or become non-functional
05-29-23_23-23-53-992 - Incompatible weapons: LWTS_LargeMissileTurretT4, 
05-29-23_23-27-15-904 - creating new storage for: loading:True - isMe:True - 74927542561609825[74927542561609825] - RapidFireAutomaticRifleItem
05-29-23_23-32-13-313 - retrived storage for: loading:False - 74927542561609825[74927542561609825] - RapidFireAutomaticRifleItem
05-29-23_23-32-59-339 - creating new storage for: loading:True - isMe:True - 101231921212091641[101231921212091641] - PreciseAutomaticRifleItem
05-29-23_23-33-02-910 - retrived storage for: loading:False - 101231921212091641[101231921212091641] - PreciseAutomaticRifleItem
05-29-23_23-33-37-736 - creating new storage for: loading:True - isMe:True - 115726536322648702[115726536322648702] - RapidFireAutomaticRifleItem
05-29-23_23-33-38-567 - retrived storage for: loading:False - 115726536322648702[115726536322648702] - RapidFireAutomaticRifleItem
05-29-23_23-35-34-603 - Running in unsupported mode, certain features and blocks will not work as intended and may crash or become non-functional
05-29-23_23-35-34-603 - Incompatible weapons: LWTS_LargeGatlingTurretT2, LWTS_LargeMissileTurretT5, 
05-29-23_23-36-39-540 - retrived storage for: loading:True - 106907395843776300[106907395843776300] - RapidFireAutomaticRifleItem
05-29-23_23-36-39-868 - retrived storage for: loading:False - 106907395843776300[106907395843776300] - RapidFireAutomaticRifleItem
05-29-23_23-38-54-868 - retrived storage for: loading:False - 110375029419334674[110375029419334674] - FullAutoPistolItem
05-29-23_23-40-42-337 - retrived storage for: loading:True - 81364797143489044[81364797143489044] - RapidFireAutomaticRifleItem
05-29-23_23-41-32-094 - retrived storage for: loading:False - 81364797143489044[81364797143489044] - RapidFireAutomaticRifleItem
05-29-23_23-41-32-094 - retrived storage for: loading:False - 81364797143489044[81364797143489044] - RapidFireAutomaticRifleItem
05-29-23_23-42-45-313 - retrived storage for: loading:True - 0[73865071128398043] - RapidFireAutomaticRifleItem
05-29-23_23-42-50-235 - retrived storage for: loading:False - 0[73865071128398043] - RapidFireAutomaticRifleItem
05-29-23_23-42-50-235 - ammoStorage skipping: RapidFireAutomaticRifleItem[0] not active entity: RapidFireAutomaticRifleItem[73865071128398043]
05-29-23_23-49-15-259 - Running in unsupported mode, certain features and blocks will not work as intended and may crash or become non-functional
05-29-23_23-49-15-260 - Incompatible weapons: LWTS_LargeMissileTurretT3, LWTS_LargeGatlingTurretT2, LWTS_LargeGatlingTurretT4, 
05-29-23_23-53-01-777 - creating new storage for: loading:True - isMe:True - 115947777555262033[115947777555262033] - RapidFireAutomaticRifleItem
05-29-23_23-53-03-441 - creating new storage for: loading:True - isMe:True - 98264937774302255[98264937774302255] - RapidFireAutomaticRifleItem
05-29-23_23-53-04-106 - retrived storage for: loading:True - 104783104839998972[104783104839998972] - RapidFireAutomaticRifleItem
05-29-23_23-53-05-110 - creating new storage for: loading:True - isMe:True - 140396075262335053[140396075262335053] - RapidFireAutomaticRifleItem
05-29-23_23-53-06-187 - retrived storage for: loading:True - 132289729421588916[132289729421588916] - RapidFireAutomaticRifleItem
05-29-23_23-53-06-785 - creating new storage for: loading:True - isMe:True - 85468698344663489[85468698344663489] - RapidFireAutomaticRifleItem
05-29-23_23-53-15-645 - retrived storage for: loading:False - 140396075262335053[140396075262335053] - RapidFireAutomaticRifleItem
05-29-23_23-53-16-178 - retrived storage for: loading:False - 85468698344663489[85468698344663489] - RapidFireAutomaticRifleItem
05-29-23_23-53-18-259 - retrived storage for: loading:False - 98264937774302255[98264937774302255] - RapidFireAutomaticRifleItem
05-29-23_23-53-29-410 - retrived storage for: loading:False - 115947777555262033[115947777555262033] - RapidFireAutomaticRifleItem
05-29-23_23-53-44-985 - retrived storage for: loading:False - 132289729421588916[132289729421588916] - RapidFireAutomaticRifleItem
05-29-23_23-53-49-321 - retrived storage for: loading:True - 140009709522104771[140009709522104771] - RapidFireAutomaticRifleItem
05-29-23_23-54-07-486 - retrived storage for: loading:False - 140009709522104771[140009709522104771] - RapidFireAutomaticRifleItem
05-29-23_23-54-45-371 - Running in unsupported mode, certain features and blocks will not work as intended and may crash or become non-functional
05-29-23_23-54-45-371 - Incompatible weapons: LWTS_LargeGatlingTurretT5, 
05-29-23_23-55-26-744 - retrived storage for: loading:False - 104783104839998972[104783104839998972] - RapidFireAutomaticRifleItem
05-29-23_23-55-26-744 - creating new storage for: loading:False - isMe:False - 98264937774302255[104783104839998972] - RapidFireAutomaticRifleItem
05-29-23_23-55-26-744 - ammoStorage skipping: RapidFireAutomaticRifleItem[98264937774302255] not active entity: RapidFireAutomaticRifleItem[104783104839998972]
05-29-23_23-55-26-744 - creating new storage for: loading:False - isMe:False - 115947777555262033[104783104839998972] - RapidFireAutomaticRifleItem
05-29-23_23-55-26-744 - ammoStorage skipping: RapidFireAutomaticRifleItem[115947777555262033] not active entity: RapidFireAutomaticRifleItem[104783104839998972]
05-29-23_23-55-26-744 - creating new storage for: loading:False - isMe:False - 140396075262335053[104783104839998972] - RapidFireAutomaticRifleItem
05-29-23_23-55-26-744 - ammoStorage skipping: RapidFireAutomaticRifleItem[140396075262335053] not active entity: RapidFireAutomaticRifleItem[104783104839998972]
05-29-23_23-55-26-744 - creating new storage for: loading:False - isMe:False - 85468698344663489[104783104839998972] - RapidFireAutomaticRifleItem
05-29-23_23-55-26-744 - ammoStorage skipping: RapidFireAutomaticRifleItem[85468698344663489] not active entity: RapidFireAutomaticRifleItem[104783104839998972]
05-29-23_23-57-17-538 - retrived storage for: loading:True - 104472852372749719[104472852372749719] - RapidFireAutomaticRifleItem
05-29-23_23-57-17-538 - retrived storage for: loading:True - 98264937774302255[104472852372749719] - RapidFireAutomaticRifleItem
05-29-23_23-57-17-538 - ammoStorage skipping: RapidFireAutomaticRifleItem[98264937774302255] not active entity: RapidFireAutomaticRifleItem[104472852372749719]
05-29-23_23-57-17-538 - retrived storage for: loading:True - 115947777555262033[104472852372749719] - RapidFireAutomaticRifleItem
05-29-23_23-57-17-538 - ammoStorage skipping: RapidFireAutomaticRifleItem[115947777555262033] not active entity: RapidFireAutomaticRifleItem[104472852372749719]
05-29-23_23-57-17-538 - retrived storage for: loading:True - 140396075262335053[104472852372749719] - RapidFireAutomaticRifleItem
05-29-23_23-57-17-538 - ammoStorage skipping: RapidFireAutomaticRifleItem[140396075262335053] not active entity: RapidFireAutomaticRifleItem[104472852372749719]
05-29-23_23-57-17-538 - retrived storage for: loading:True - 85468698344663489[104472852372749719] - RapidFireAutomaticRifleItem
05-29-23_23-57-17-538 - ammoStorage skipping: RapidFireAutomaticRifleItem[85468698344663489] not active entity: RapidFireAutomaticRifleItem[104472852372749719]
05-29-23_23-57-17-753 - retrived storage for: loading:False - 104472852372749719[104472852372749719] - RapidFireAutomaticRifleItem
05-29-23_23-57-17-753 - retrived storage for: loading:False - 98264937774302255[104472852372749719] - RapidFireAutomaticRifleItem
05-29-23_23-57-17-753 - ammoStorage skipping: RapidFireAutomaticRifleItem[98264937774302255] not active entity: RapidFireAutomaticRifleItem[104472852372749719]
05-29-23_23-57-17-753 - retrived storage for: loading:False - 115947777555262033[104472852372749719] - RapidFireAutomaticRifleItem
05-29-23_23-57-17-753 - ammoStorage skipping: RapidFireAutomaticRifleItem[115947777555262033] not active entity: RapidFireAutomaticRifleItem[104472852372749719]
05-29-23_23-57-17-753 - retrived storage for: loading:False - 140396075262335053[104472852372749719] - RapidFireAutomaticRifleItem
05-29-23_23-57-17-753 - ammoStorage skipping: RapidFireAutomaticRifleItem[140396075262335053] not active entity: RapidFireAutomaticRifleItem[104472852372749719]
05-29-23_23-57-17-753 - retrived storage for: loading:False - 85468698344663489[104472852372749719] - RapidFireAutomaticRifleItem
05-29-23_23-57-17-753 - ammoStorage skipping: RapidFireAutomaticRifleItem[85468698344663489] not active entity: RapidFireAutomaticRifleItem[104472852372749719]
05-29-23_23-59-23-928 - retrived storage for: loading:True - 136064398143654451[136064398143654451] - RapidFireAutomaticRifleItem
05-29-23_23-59-23-929 - retrived storage for: loading:True - 98264937774302255[136064398143654451] - RapidFireAutomaticRifleItem
05-29-23_23-59-23-929 - ammoStorage skipping: RapidFireAutomaticRifleItem[98264937774302255] not active entity: RapidFireAutomaticRifleItem[136064398143654451]
05-29-23_23-59-23-929 - retrived storage for: loading:True - 115947777555262033[136064398143654451] - RapidFireAutomaticRifleItem
05-29-23_23-59-23-929 - ammoStorage skipping: RapidFireAutomaticRifleItem[115947777555262033] not active entity: RapidFireAutomaticRifleItem[136064398143654451]
05-29-23_23-59-23-929 - retrived storage for: loading:True - 140396075262335053[136064398143654451] - RapidFireAutomaticRifleItem
05-29-23_23-59-23-929 - ammoStorage skipping: RapidFireAutomaticRifleItem[140396075262335053] not active entity: RapidFireAutomaticRifleItem[136064398143654451]
05-29-23_23-59-23-929 - retrived storage for: loading:True - 85468698344663489[136064398143654451] - RapidFireAutomaticRifleItem
05-29-23_23-59-23-929 - ammoStorage skipping: RapidFireAutomaticRifleItem[85468698344663489] not active entity: RapidFireAutomaticRifleItem[136064398143654451]
05-29-23_23-59-25-438 - creating new storage for: loading:True - isMe:True - 81163983485578849[81163983485578849] - RapidFireAutomaticRifleItem
05-29-23_23-59-27-104 - creating new storage for: loading:True - isMe:True - 143401991115454411[143401991115454411] - RapidFireAutomaticRifleItem
05-29-23_23-59-28-758 - creating new storage for: loading:True - isMe:True - 92370136788937646[92370136788937646] - RapidFireAutomaticRifleItem
05-29-23_23-59-34-299 - creating new storage for: loading:True - isMe:True - 105604611357063531[105604611357063531] - RapidFireAutomaticRifleItem
05-29-23_23-59-37-277 - retrived storage for: loading:False - 81163983485578849[81163983485578849] - RapidFireAutomaticRifleItem
05-29-23_23-59-38-849 - retrived storage for: loading:False - 105604611357063531[105604611357063531] - RapidFireAutomaticRifleItem
05-29-23_23-59-43-145 - retrived storage for: loading:False - 92370136788937646[92370136788937646] - RapidFireAutomaticRifleItem
05-29-23_23-59-44-895 - retrived storage for: loading:False - 143401991115454411[143401991115454411] - RapidFireAutomaticRifleItem
05-30-23_00-00-15-019 - retrived storage for: loading:False - 136064398143654451[136064398143654451] - RapidFireAutomaticRifleItem
05-30-23_00-00-15-019 - retrived storage for: loading:False - 98264937774302255[136064398143654451] - RapidFireAutomaticRifleItem
05-30-23_00-00-15-019 - ammoStorage skipping: RapidFireAutomaticRifleItem[98264937774302255] not active entity: RapidFireAutomaticRifleItem[136064398143654451]
05-30-23_00-00-15-019 - retrived storage for: loading:False - 115947777555262033[136064398143654451] - RapidFireAutomaticRifleItem
05-30-23_00-00-15-019 - ammoStorage skipping: RapidFireAutomaticRifleItem[115947777555262033] not active entity: RapidFireAutomaticRifleItem[136064398143654451]
05-30-23_00-00-15-019 - retrived storage for: loading:False - 140396075262335053[136064398143654451] - RapidFireAutomaticRifleItem
05-30-23_00-00-15-019 - ammoStorage skipping: RapidFireAutomaticRifleItem[140396075262335053] not active entity: RapidFireAutomaticRifleItem[136064398143654451]
05-30-23_00-00-15-019 - retrived storage for: loading:False - 85468698344663489[136064398143654451] - RapidFireAutomaticRifleItem
05-30-23_00-00-15-019 - ammoStorage skipping: RapidFireAutomaticRifleItem[85468698344663489] not active entity: RapidFireAutomaticRifleItem[136064398143654451]
05-30-23_00-00-15-019 - retrived storage for: loading:False - 136064398143654451[136064398143654451] - RapidFireAutomaticRifleItem
05-30-23_00-00-15-019 - retrived storage for: loading:False - 98264937774302255[136064398143654451] - RapidFireAutomaticRifleItem
05-30-23_00-00-15-019 - ammoStorage skipping: RapidFireAutomaticRifleItem[98264937774302255] not active entity: RapidFireAutomaticRifleItem[136064398143654451]
05-30-23_00-00-15-019 - retrived storage for: loading:False - 115947777555262033[136064398143654451] - RapidFireAutomaticRifleItem
05-30-23_00-00-15-019 - ammoStorage skipping: RapidFireAutomaticRifleItem[115947777555262033] not active entity: RapidFireAutomaticRifleItem[136064398143654451]
05-30-23_00-00-15-019 - retrived storage for: loading:False - 140396075262335053[136064398143654451] - RapidFireAutomaticRifleItem
05-30-23_00-00-15-019 - ammoStorage skipping: RapidFireAutomaticRifleItem[140396075262335053] not active entity: RapidFireAutomaticRifleItem[136064398143654451]
05-30-23_00-00-15-019 - retrived storage for: loading:False - 85468698344663489[136064398143654451] - RapidFireAutomaticRifleItem
05-30-23_00-00-15-019 - ammoStorage skipping: RapidFireAutomaticRifleItem[85468698344663489] not active entity: RapidFireAutomaticRifleItem[136064398143654451]
05-30-23_00-00-50-205 - retrived storage for: loading:True - 0[76053862629576544] - RapidFireAutomaticRifleItem
05-30-23_00-00-50-205 - retrived storage for: loading:True - 98264937774302255[76053862629576544] - RapidFireAutomaticRifleItem
05-30-23_00-00-50-205 - ammoStorage skipping: RapidFireAutomaticRifleItem[98264937774302255] not active entity: RapidFireAutomaticRifleItem[76053862629576544]
05-30-23_00-00-50-205 - retrived storage for: loading:True - 115947777555262033[76053862629576544] - RapidFireAutomaticRifleItem
05-30-23_00-00-50-205 - ammoStorage skipping: RapidFireAutomaticRifleItem[115947777555262033] not active entity: RapidFireAutomaticRifleItem[76053862629576544]
05-30-23_00-00-50-205 - retrived storage for: loading:True - 140396075262335053[76053862629576544] - RapidFireAutomaticRifleItem
05-30-23_00-00-50-205 - ammoStorage skipping: RapidFireAutomaticRifleItem[140396075262335053] not active entity: RapidFireAutomaticRifleItem[76053862629576544]
05-30-23_00-00-50-205 - retrived storage for: loading:True - 85468698344663489[76053862629576544] - RapidFireAutomaticRifleItem
05-30-23_00-00-50-205 - ammoStorage skipping: RapidFireAutomaticRifleItem[85468698344663489] not active entity: RapidFireAutomaticRifleItem[76053862629576544]
05-30-23_00-01-01-369 - retrived storage for: loading:False - 0[76053862629576544] - RapidFireAutomaticRifleItem
05-30-23_00-01-01-369 - ammoStorage skipping: RapidFireAutomaticRifleItem[0] not active entity: RapidFireAutomaticRifleItem[76053862629576544]
05-30-23_00-01-01-369 - retrived storage for: loading:False - 98264937774302255[76053862629576544] - RapidFireAutomaticRifleItem
05-30-23_00-01-01-369 - ammoStorage skipping: RapidFireAutomaticRifleItem[98264937774302255] not active entity: RapidFireAutomaticRifleItem[76053862629576544]
05-30-23_00-01-01-369 - retrived storage for: loading:False - 115947777555262033[76053862629576544] - RapidFireAutomaticRifleItem
05-30-23_00-01-01-369 - ammoStorage skipping: RapidFireAutomaticRifleItem[115947777555262033] not active entity: RapidFireAutomaticRifleItem[76053862629576544]
05-30-23_00-01-01-369 - retrived storage for: loading:False - 140396075262335053[76053862629576544] - RapidFireAutomaticRifleItem
05-30-23_00-01-01-369 - ammoStorage skipping: RapidFireAutomaticRifleItem[140396075262335053] not active entity: RapidFireAutomaticRifleItem[76053862629576544]
05-30-23_00-01-01-369 - retrived storage for: loading:False - 85468698344663489[76053862629576544] - RapidFireAutomaticRifleItem
05-30-23_00-01-01-369 - ammoStorage skipping: RapidFireAutomaticRifleItem[85468698344663489] not active entity: RapidFireAutomaticRifleItem[76053862629576544]
05-30-23_00-01-01-369 - retrived storage for: loading:False - 0[76053862629576544] - RapidFireAutomaticRifleItem
05-30-23_00-01-01-369 - ammoStorage skipping: RapidFireAutomaticRifleItem[0] not active entity: RapidFireAutomaticRifleItem[76053862629576544]
05-30-23_00-01-01-369 - retrived storage for: loading:False - 98264937774302255[76053862629576544] - RapidFireAutomaticRifleItem
05-30-23_00-01-01-369 - ammoStorage skipping: RapidFireAutomaticRifleItem[98264937774302255] not active entity: RapidFireAutomaticRifleItem[76053862629576544]
05-30-23_00-01-01-369 - retrived storage for: loading:False - 115947777555262033[76053862629576544] - RapidFireAutomaticRifleItem
05-30-23_00-01-01-369 - ammoStorage skipping: RapidFireAutomaticRifleItem[115947777555262033] not active entity: RapidFireAutomaticRifleItem[76053862629576544]
05-30-23_00-01-01-369 - retrived storage for: loading:False - 140396075262335053[76053862629576544] - RapidFireAutomaticRifleItem
05-30-23_00-01-01-369 - ammoStorage skipping: RapidFireAutomaticRifleItem[140396075262335053] not active entity: RapidFireAutomaticRifleItem[76053862629576544]
05-30-23_00-01-01-369 - retrived storage for: loading:False - 85468698344663489[76053862629576544] - RapidFireAutomaticRifleItem
05-30-23_00-01-01-369 - ammoStorage skipping: RapidFireAutomaticRifleItem[85468698344663489] not active entity: RapidFireAutomaticRifleItem[76053862629576544]
05-30-23_00-01-29-292 - creating new storage for: loading:True - isMe:True - 94302142447047648[94302142447047648] - RapidFireAutomaticRifleItem
05-30-23_00-01-30-955 - creating new storage for: loading:True - isMe:True - 91024186120757740[91024186120757740] - RapidFireAutomaticRifleItem
05-30-23_00-01-32-621 - creating new storage for: loading:True - isMe:True - 137299531560673699[137299531560673699] - RapidFireAutomaticRifleItem
05-30-23_00-01-34-296 - creating new storage for: loading:True - isMe:True - 127345338672010563[127345338672010563] - RapidFireAutomaticRifleItem
05-30-23_00-01-45-763 - retrived storage for: loading:False - 137299531560673699[137299531560673699] - RapidFireAutomaticRifleItem
05-30-23_00-01-46-094 - retrived storage for: loading:False - 94302142447047648[94302142447047648] - RapidFireAutomaticRifleItem
05-30-23_00-01-47-027 - retrived storage for: loading:False - 127345338672010563[127345338672010563] - RapidFireAutomaticRifleItem
05-30-23_00-01-47-730 - retrived storage for: loading:False - 91024186120757740[91024186120757740] - RapidFireAutomaticRifleItem
05-30-23_00-04-40-759 - retrived storage for: loading:True - 0[105227186376366488] - RapidFireAutomaticRifleItem
05-30-23_00-04-40-759 - retrived storage for: loading:True - 98264937774302255[105227186376366488] - RapidFireAutomaticRifleItem
05-30-23_00-04-40-759 - ammoStorage skipping: RapidFireAutomaticRifleItem[98264937774302255] not active entity: RapidFireAutomaticRifleItem[105227186376366488]
05-30-23_00-04-40-759 - retrived storage for: loading:True - 115947777555262033[105227186376366488] - RapidFireAutomaticRifleItem
05-30-23_00-04-40-759 - ammoStorage skipping: RapidFireAutomaticRifleItem[115947777555262033] not active entity: RapidFireAutomaticRifleItem[105227186376366488]
05-30-23_00-04-40-759 - retrived storage for: loading:True - 140396075262335053[105227186376366488] - RapidFireAutomaticRifleItem
05-30-23_00-04-40-759 - ammoStorage skipping: RapidFireAutomaticRifleItem[140396075262335053] not active entity: RapidFireAutomaticRifleItem[105227186376366488]
05-30-23_00-04-40-759 - retrived storage for: loading:True - 85468698344663489[105227186376366488] - RapidFireAutomaticRifleItem
05-30-23_00-04-40-759 - ammoStorage skipping: RapidFireAutomaticRifleItem[85468698344663489] not active entity: RapidFireAutomaticRifleItem[105227186376366488]
05-30-23_00-05-09-073 - retrived storage for: loading:False - 0[105227186376366488] - RapidFireAutomaticRifleItem
05-30-23_00-05-09-073 - ammoStorage skipping: RapidFireAutomaticRifleItem[0] not active entity: RapidFireAutomaticRifleItem[105227186376366488]
05-30-23_00-05-09-073 - retrived storage for: loading:False - 98264937774302255[105227186376366488] - RapidFireAutomaticRifleItem
05-30-23_00-05-09-073 - ammoStorage skipping: RapidFireAutomaticRifleItem[98264937774302255] not active entity: RapidFireAutomaticRifleItem[105227186376366488]
05-30-23_00-05-09-073 - retrived storage for: loading:False - 115947777555262033[105227186376366488] - RapidFireAutomaticRifleItem
05-30-23_00-05-09-073 - ammoStorage skipping: RapidFireAutomaticRifleItem[115947777555262033] not active entity: RapidFireAutomaticRifleItem[105227186376366488]
05-30-23_00-05-09-073 - retrived storage for: loading:False - 140396075262335053[105227186376366488] - RapidFireAutomaticRifleItem
05-30-23_00-05-09-073 - ammoStorage skipping: RapidFireAutomaticRifleItem[140396075262335053] not active entity: RapidFireAutomaticRifleItem[105227186376366488]
05-30-23_00-05-09-073 - retrived storage for: loading:False - 85468698344663489[105227186376366488] - RapidFireAutomaticRifleItem
05-30-23_00-05-09-073 - ammoStorage skipping: RapidFireAutomaticRifleItem[85468698344663489] not active entity: RapidFireAutomaticRifleItem[105227186376366488]
05-30-23_00-05-16-324 - Running in unsupported mode, certain features and blocks will not work as intended and may crash or become non-functional
05-30-23_00-05-16-324 - Incompatible weapons: LWTS_LargeMissileTurretT2, 
05-30-23_00-08-18-372 - retrived storage for: loading:False - 142710229071950993[142710229071950993] - RapidFireAutomaticRifleItem
05-30-23_00-13-56-832 - Running in unsupported mode, certain features and blocks will not work as intended and may crash or become non-functional
05-30-23_00-13-56-832 - Incompatible weapons: LWTS_LargeMissileTurretT3, LWTS_LargeGatlingTurretT2, LWTS_LargeGatlingTurretT5, 
05-30-23_00-15-52-231 - creating new storage for: loading:True - isMe:True - 81311271104362611[81311271104362611] - BasicHandHeldLauncherItem
05-30-23_00-15-54-417 - retrived storage for: loading:False - 81311271104362611[81311271104362611] - BasicHandHeldLauncherItem
05-30-23_00-15-55-385 - retrived storage for: loading:True - 98508617023363592[98508617023363592] - BasicHandHeldLauncherItem
05-30-23_00-16-32-552 - retrived storage for: loading:True - 78914166124728558[78914166124728558] - RapidFireAutomaticRifleItem
05-30-23_00-16-57-850 - retrived storage for: loading:False - 78914166124728558[78914166124728558] - RapidFireAutomaticRifleItem
05-30-23_00-19-04-491 - retrived storage for: loading:False - 98508617023363592[98508617023363592] - BasicHandHeldLauncherItem
05-30-23_00-19-29-543 - retrived storage for: loading:True - 79221745147414287[79221745147414287] - RapidFireAutomaticRifleItem
05-30-23_00-19-30-892 - retrived storage for: loading:True - 83189498624511421[83189498624511421] - RapidFireAutomaticRifleItem
05-30-23_00-19-33-333 - retrived storage for: loading:False - 79221745147414287[79221745147414287] - RapidFireAutomaticRifleItem
05-30-23_00-19-39-359 - retrived storage for: loading:True - 89693114486064779[89693114486064779] - BasicHandHeldLauncherItem
05-30-23_00-19-46-390 - retrived storage for: loading:False - 89693114486064779[89693114486064779] - BasicHandHeldLauncherItem
05-30-23_00-19-50-790 - retrived storage for: loading:False - 83189498624511421[83189498624511421] - RapidFireAutomaticRifleItem
05-30-23_00-20-07-742 - retrived storage for: loading:True - 142624056073683191[142624056073683191] - RapidFireAutomaticRifleItem
05-30-23_00-20-53-457 - retrived storage for: loading:False - 142624056073683191[142624056073683191] - RapidFireAutomaticRifleItem
05-30-23_00-21-10-559 - retrived storage for: loading:True - 128521620192589477[128521620192589477] - BasicHandHeldLauncherItem
05-30-23_00-21-44-277 - creating new storage for: loading:True - isMe:True - 93219554769706546[93219554769706546] - RapidFireAutomaticRifleItem
05-30-23_00-21-58-757 - retrived storage for: loading:False - 93219554769706546[93219554769706546] - RapidFireAutomaticRifleItem
05-30-23_00-22-00-077 - retrived storage for: loading:True - 138116821256418119[138116821256418119] - RapidFireAutomaticRifleItem
05-30-23_00-22-07-061 - Running in unsupported mode, certain features and blocks will not work as intended and may crash or become non-functional
05-30-23_00-22-07-062 - Incompatible weapons: LWTS_LargeMissileTurretT5, LWTS_LargeMissileTurretT2, LWTS_LargeGatlingTurretT3, LWTS_LargeMissileTurretT4, 
05-30-23_00-22-20-161 - creating new storage for: loading:True - isMe:True - 99058892982099634[99058892982099634] - AutomaticRifleItem
05-30-23_00-23-32-163 - retrived storage for: loading:False - 128521620192589477[128521620192589477] - BasicHandHeldLauncherItem
05-30-23_00-23-32-163 - retrived storage for: loading:False - 128521620192589477[128521620192589477] - BasicHandHeldLauncherItem
05-30-23_00-23-33-222 - retrived storage for: loading:False - 99058892982099634[99058892982099634] - AutomaticRifleItem
05-30-23_00-24-38-910 - retrived storage for: loading:True - 0[96941528361062596] - BasicHandHeldLauncherItem
05-30-23_00-24-39-847 - retrived storage for: loading:False - 138116821256418119[138116821256418119] - RapidFireAutomaticRifleItem
05-30-23_00-24-42-463 - retrived storage for: loading:False - 0[96941528361062596] - BasicHandHeldLauncherItem
05-30-23_00-24-42-463 - ammoStorage skipping: BasicHandHeldLauncherItem[0] not active entity: BasicHandHeldLauncherItem[96941528361062596]
05-30-23_00-29-22-229 - Running in unsupported mode, certain features and blocks will not work as intended and may crash or become non-functional
05-30-23_00-29-22-230 - Incompatible weapons: SmallGatlingGunT3, 
05-30-23_00-30-27-329 - Running in unsupported mode, certain features and blocks will not work as intended and may crash or become non-functional
05-30-23_00-30-27-330 - Incompatible weapons: LWTS_LargeGatlingTurretT2, LWTS_LargeGatlingTurretT4, 
05-30-23_00-33-36-042 - retrived storage for: loading:True - 78186618894955995[78186618894955995] - RapidFireAutomaticRifleItem
05-30-23_00-34-31-040 - retrived storage for: loading:False - 78186618894955995[78186618894955995] - RapidFireAutomaticRifleItem
05-30-23_00-41-05-623 - retrived storage for: loading:True - 119595722679271248[119595722679271248] - RapidFireAutomaticRifleItem
05-30-23_00-41-31-790 - retrived storage for: loading:True - 121724995504986915[121724995504986915] - RapidFireAutomaticRifleItem
05-30-23_00-41-55-955 - retrived storage for: loading:False - 119595722679271248[119595722679271248] - RapidFireAutomaticRifleItem
05-30-23_00-41-57-038 - retrived storage for: loading:False - 121724995504986915[121724995504986915] - RapidFireAutomaticRifleItem
05-30-23_00-42-23-082 - retrived storage for: loading:True - 91083424131248984[91083424131248984] - RapidFireAutomaticRifleItem
05-30-23_00-42-28-304 - retrived storage for: loading:False - 91083424131248984[91083424131248984] - RapidFireAutomaticRifleItem
05-30-23_00-44-57-636 - retrived storage for: loading:False - 76882248812779073[76882248812779073] - RapidFireAutomaticRifleItem
05-30-23_00-46-27-662 - Running in unsupported mode, certain features and blocks will not work as intended and may crash or become non-functional
05-30-23_00-46-27-662 - Incompatible weapons: LWTS_LargeMissileTurretT3, LWTS_LargeGatlingTurretT4, LWTS_LargeMissileTurretT4, 
05-30-23_00-50-27-966 - Running in unsupported mode, certain features and blocks will not work as intended and may crash or become non-functional
05-30-23_00-50-27-966 - Incompatible weapons: LWTS_LargeMissileTurretT5, LWTS_LargeGatlingTurretT5, LWTS_LargeMissileTurretT4, 
05-30-23_00-53-10-542 - retrived storage for: loading:True - 133861025398346086[133861025398346086] - RapidFireAutomaticRifleItem
05-30-23_00-53-32-140 - retrived storage for: loading:False - 133861025398346086[133861025398346086] - RapidFireAutomaticRifleItem
05-30-23_00-53-32-140 - retrived storage for: loading:False - 133861025398346086[133861025398346086] - RapidFireAutomaticRifleItem
05-30-23_00-57-04-546 - retrived storage for: loading:True - 0[137809652320236689] - RapidFireAutomaticRifleItem
05-30-23_00-57-08-524 - retrived storage for: loading:False - 0[137809652320236689] - RapidFireAutomaticRifleItem
05-30-23_00-57-08-524 - ammoStorage skipping: RapidFireAutomaticRifleItem[0] not active entity: RapidFireAutomaticRifleItem[137809652320236689]
05-30-23_01-00-45-030 - retrived storage for: loading:True - 100379988354977690[100379988354977690] - RapidFireAutomaticRifleItem
05-30-23_01-01-13-423 - retrived storage for: loading:False - 100379988354977690[100379988354977690] - RapidFireAutomaticRifleItem
05-30-23_01-04-58-690 - Running in unsupported mode, certain features and blocks will not work as intended and may crash or become non-functional
05-30-23_01-04-58-690 - Incompatible weapons: LWTS_LargeMissileTurretT3, 
05-30-23_01-08-29-064 - Running in unsupported mode, certain features and blocks will not work as intended and may crash or become non-functional
05-30-23_01-08-29-064 - Incompatible weapons: LWTS_LargeMissileTurretT5, 
05-30-23_01-11-52-107 - creating new storage for: loading:True - isMe:True - 136614670052534554[136614670052534554] - PreciseAutomaticRifleItem
05-30-23_01-11-53-788 - creating new storage for: loading:True - isMe:True - 85361649202618075[85361649202618075] - AutomaticRifleItem
05-30-23_01-14-59-551 - creating new storage for: loading:True - isMe:True - 95929291783625759[95929291783625759] - RapidFireAutomaticRifleItem
05-30-23_01-15-02-064 - retrived storage for: loading:True - 114940775471138260[114940775471138260] - RapidFireAutomaticRifleItem
05-30-23_01-15-13-462 - retrived storage for: loading:False - 114940775471138260[114940775471138260] - RapidFireAutomaticRifleItem
05-30-23_01-15-14-962 - retrived storage for: loading:False - 95929291783625759[95929291783625759] - RapidFireAutomaticRifleItem
05-30-23_01-15-15-548 - retrived storage for: loading:True - 84883973591114717[84883973591114717] - RapidFireAutomaticRifleItem
05-30-23_01-15-16-980 - retrived storage for: loading:True - 78060333682522134[78060333682522134] - RapidFireAutomaticRifleItem
05-30-23_01-15-19-276 - retrived storage for: loading:False - 84883973591114717[84883973591114717] - RapidFireAutomaticRifleItem
05-30-23_01-15-19-490 - Running in unsupported mode, certain features and blocks will not work as intended and may crash or become non-functional
05-30-23_01-15-19-490 - Incompatible weapons: LWTS_LargeGatlingTurretT5, 
05-30-23_01-15-30-498 - retrived storage for: loading:True - 82304180277954075[82304180277954075] - RapidFireAutomaticRifleItem
05-30-23_01-15-46-412 - retrived storage for: loading:False - 82304180277954075[82304180277954075] - RapidFireAutomaticRifleItem
05-30-23_01-15-50-711 - retrived storage for: loading:False - 78060333682522134[78060333682522134] - RapidFireAutomaticRifleItem
05-30-23_01-21-59-984 - Running in unsupported mode, certain features and blocks will not work as intended and may crash or become non-functional
05-30-23_01-21-59-984 - Incompatible weapons: LWTS_LargeGatlingTurretT3, 
05-30-23_01-31-20-316 - Running in unsupported mode, certain features and blocks will not work as intended and may crash or become non-functional
05-30-23_01-31-20-316 - Incompatible weapons: LWTS_LargeGatlingTurretT3, 
05-30-23_01-32-01-685 - creating new storage for: loading:True - isMe:True - 132165748600634504[132165748600634504] - AutomaticRifleItem
05-30-23_01-32-01-743 - retrived storage for: loading:False - 132165748600634504[132165748600634504] - AutomaticRifleItem
05-30-23_01-32-01-743 - retrived storage for: loading:False - 132165748600634504[132165748600634504] - AutomaticRifleItem
05-30-23_01-32-44-629 - retrived storage for: loading:True - 0[144006017983354058] - AutomaticRifleItem
05-30-23_01-34-30-854 - retrived storage for: loading:False - 0[144006017983354058] - AutomaticRifleItem
05-30-23_01-34-30-854 - ammoStorage skipping: AutomaticRifleItem[0] not active entity: AutomaticRifleItem[144006017983354058]
05-30-23_01-36-46-231 - Running in unsupported mode, certain features and blocks will not work as intended and may crash or become non-functional
05-30-23_01-36-46-231 - Incompatible weapons: LWTS_SmallGatlingTurretT3, 
05-30-23_01-37-06-585 - retrived storage for: loading:True - 140589513888323463[140589513888323463] - RapidFireAutomaticRifleItem
05-30-23_01-37-17-625 - retrived storage for: loading:False - 140589513888323463[140589513888323463] - RapidFireAutomaticRifleItem
05-30-23_01-37-34-652 - creating new storage for: loading:True - isMe:True - 132645123949928756[132645123949928756] - SemiAutoPistolItem
05-30-23_01-37-36-326 - creating new storage for: loading:True - isMe:True - 86803425928680418[86803425928680418] - SemiAutoPistolItem
05-30-23_01-37-36-852 - retrived storage for: loading:False - 132645123949928756[132645123949928756] - SemiAutoPistolItem
05-30-23_01-37-38-289 - retrived storage for: loading:False - 86803425928680418[86803425928680418] - SemiAutoPistolItem
05-30-23_01-37-39-361 - retrived storage for: loading:True - 134481735949020444[134481735949020444] - RapidFireAutomaticRifleItem
05-30-23_01-37-47-550 - retrived storage for: loading:False - 134481735949020444[134481735949020444] - RapidFireAutomaticRifleItem
05-30-23_01-41-17-450 - retrived storage for: loading:True - 135695464952800968[135695464952800968] - RapidFireAutomaticRifleItem
05-30-23_01-41-56-132 - retrived storage for: loading:False - 135695464952800968[135695464952800968] - RapidFireAutomaticRifleItem
05-30-23_01-41-56-132 - retrived storage for: loading:False - 135695464952800968[135695464952800968] - RapidFireAutomaticRifleItem
05-30-23_01-42-02-259 - retrived storage for: loading:True - 0[82402886821860487] - RapidFireAutomaticRifleItem
05-30-23_01-42-18-499 - retrived storage for: loading:False - 0[82402886821860487] - RapidFireAutomaticRifleItem
05-30-23_01-42-18-499 - ammoStorage skipping: RapidFireAutomaticRifleItem[0] not active entity: RapidFireAutomaticRifleItem[82402886821860487]
05-30-23_01-42-18-499 - retrived storage for: loading:False - 0[82402886821860487] - RapidFireAutomaticRifleItem
05-30-23_01-42-18-499 - ammoStorage skipping: RapidFireAutomaticRifleItem[0] not active entity: RapidFireAutomaticRifleItem[82402886821860487]
05-30-23_01-42-43-701 - retrived storage for: loading:True - 0[115355491018700927] - RapidFireAutomaticRifleItem
05-30-23_01-42-59-666 - retrived storage for: loading:False - 0[115355491018700927] - RapidFireAutomaticRifleItem
05-30-23_01-42-59-666 - ammoStorage skipping: RapidFireAutomaticRifleItem[0] not active entity: RapidFireAutomaticRifleItem[115355491018700927]
05-30-23_01-44-58-302 - retrived storage for: loading:True - 92080447398521649[92080447398521649] - RapidFireAutomaticRifleItem
05-30-23_01-46-07-783 - retrived storage for: loading:False - 92080447398521649[92080447398521649] - RapidFireAutomaticRifleItem
05-30-23_01-46-07-783 - retrived storage for: loading:False - 92080447398521649[92080447398521649] - RapidFireAutomaticRifleItem
05-30-23_01-46-44-285 - Running in unsupported mode, certain features and blocks will not work as intended and may crash or become non-functional
05-30-23_01-46-44-285 - Incompatible weapons: LWTS_LargeMissileTurretT4, LWTS_LargeMissileTurretT2, 
05-30-23_01-49-31-149 - retrived storage for: loading:True - 0[115430320141689200] - RapidFireAutomaticRifleItem
05-30-23_01-49-38-156 - retrived storage for: loading:False - 0[115430320141689200] - RapidFireAutomaticRifleItem
05-30-23_01-49-38-156 - ammoStorage skipping: RapidFireAutomaticRifleItem[0] not active entity: RapidFireAutomaticRifleItem[115430320141689200]
05-30-23_01-49-50-049 - retrived storage for: loading:True - 143209563705650432[143209563705650432] - RapidFireAutomaticRifleItem
05-30-23_01-49-51-280 - retrived storage for: loading:False - 143209563705650432[143209563705650432] - RapidFireAutomaticRifleItem
05-30-23_01-53-12-460 - retrived storage for: loading:True - 112013648422690664[112013648422690664] - RapidFireAutomaticRifleItem
05-30-23_01-53-13-090 - retrived storage for: loading:False - 112013648422690664[112013648422690664] - RapidFireAutomaticRifleItem
05-30-23_01-59-06-453 - retrived storage for: loading:True - 101805867102700962[101805867102700962] - RapidFireAutomaticRifleItem
05-30-23_02-02-38-969 - retrived storage for: loading:False - 101805867102700962[101805867102700962] - RapidFireAutomaticRifleItem
05-30-23_02-05-57-166 - retrived storage for: loading:True - 72197541662975803[72197541662975803] - RapidFireAutomaticRifleItem
05-30-23_02-08-13-894 - retrived storage for: loading:False - 72197541662975803[72197541662975803] - RapidFireAutomaticRifleItem
05-30-23_02-08-26-596 - retrived storage for: loading:True - 113132293742327772[113132293742327772] - RapidFireAutomaticRifleItem
05-30-23_02-08-30-894 - retrived storage for: loading:False - 113132293742327772[113132293742327772] - RapidFireAutomaticRifleItem
05-30-23_02-08-33-529 - retrived storage for: loading:True - 106621726893819010[106621726893819010] - RapidFireAutomaticRifleItem
05-30-23_02-08-54-177 - retrived storage for: loading:False - 106621726893819010[106621726893819010] - RapidFireAutomaticRifleItem
05-30-23_02-16-58-621 - retrived storage for: loading:True - 126521294307005085[126521294307005085] - RapidFireAutomaticRifleItem
05-30-23_02-17-32-646 - retrived storage for: loading:False - 126521294307005085[126521294307005085] - RapidFireAutomaticRifleItem
05-30-23_02-17-37-307 - retrived storage for: loading:True - 117061506262253423[117061506262253423] - RapidFireAutomaticRifleItem
05-30-23_02-17-42-606 - retrived storage for: loading:False - 117061506262253423[117061506262253423] - RapidFireAutomaticRifleItem
05-30-23_02-17-58-753 - retrived storage for: loading:True - 117057762901369510[117057762901369510] - RapidFireAutomaticRifleItem
05-30-23_02-18-02-619 - retrived storage for: loading:False - 117057762901369510[117057762901369510] - RapidFireAutomaticRifleItem
05-30-23_02-18-11-892 - retrived storage for: loading:True - 92186404238687127[92186404238687127] - RapidFireAutomaticRifleItem
05-30-23_02-18-26-640 - retrived storage for: loading:False - 92186404238687127[92186404238687127] - RapidFireAutomaticRifleItem
05-30-23_02-18-28-004 - retrived storage for: loading:True - 128696969801874021[128696969801874021] - RapidFireAutomaticRifleItem
05-30-23_02-18-52-084 - retrived storage for: loading:False - 128696969801874021[128696969801874021] - RapidFireAutomaticRifleItem
05-30-23_02-18-53-520 - retrived storage for: loading:True - 139102235077996813[139102235077996813] - RapidFireAutomaticRifleItem
05-30-23_02-19-01-938 - retrived storage for: loading:False - 139102235077996813[139102235077996813] - RapidFireAutomaticRifleItem
05-30-23_02-19-03-221 - retrived storage for: loading:True - 105743734693855486[105743734693855486] - RapidFireAutomaticRifleItem
05-30-23_02-19-11-084 - retrived storage for: loading:False - 105743734693855486[105743734693855486] - RapidFireAutomaticRifleItem
05-30-23_02-19-53-204 - retrived storage for: loading:True - 115582340193719784[115582340193719784] - RapidFireAutomaticRifleItem
05-30-23_02-19-56-238 - Running in unsupported mode, certain features and blocks will not work as intended and may crash or become non-functional
05-30-23_02-19-56-238 - Incompatible weapons: LWTS_LargeGatlingTurretT4, LWTS_LargeMissileTurretT3, 
05-30-23_02-19-56-251 - retrived storage for: loading:False - 115582340193719784[115582340193719784] - RapidFireAutomaticRifleItem
05-30-23_02-23-32-602 - retrived storage for: loading:False - 73242475603011990[73242475603011990] - RapidFireAutomaticRifleItem
05-30-23_02-25-06-976 - retrived storage for: loading:True - 138566250501204399[138566250501204399] - RapidFireAutomaticRifleItem
05-30-23_02-25-07-239 - retrived storage for: loading:False - 138566250501204399[138566250501204399] - RapidFireAutomaticRifleItem
05-30-23_02-26-42-866 - creating new storage for: loading:True - isMe:True - 135415128847316422[135415128847316422] - FullAutoPistolItem
05-30-23_02-26-44-527 - creating new storage for: loading:True - isMe:True - 91976109749771579[91976109749771579] - FullAutoPistolItem
05-30-23_02-26-46-209 - creating new storage for: loading:True - isMe:True - 99100082115120258[99100082115120258] - RapidFireAutomaticRifleItem
05-30-23_02-26-47-861 - creating new storage for: loading:True - isMe:True - 120454487751610915[120454487751610915] - RapidFireAutomaticRifleItem
05-30-23_02-26-53-982 - retrived storage for: loading:False - 99100082115120258[99100082115120258] - RapidFireAutomaticRifleItem
05-30-23_02-26-54-548 - retrived storage for: loading:False - 120454487751610915[120454487751610915] - RapidFireAutomaticRifleItem
05-30-23_02-26-55-931 - retrived storage for: loading:False - 91976109749771579[91976109749771579] - FullAutoPistolItem
05-30-23_02-26-57-025 - retrived storage for: loading:False - 135415128847316422[135415128847316422] - FullAutoPistolItem
