06-05-23_18-57-20-953 - Logging Started
06-05-23_18-57-21-406 - Basic_Rocket is NOT enabled for client prediction
06-05-23_18-57-21-407 - Rocket_Frag is NOT enabled for client prediction
06-05-23_18-57-21-415 - Advanced_Rocket_Launch is NOT enabled for client prediction
06-05-23_18-57-21-416 - Advanced_Rocket is NOT enabled for client prediction
06-05-23_18-57-21-416 - Rocket_Frag is NOT enabled for client prediction
06-05-23_18-57-21-422 - FlareBase is NOT enabled for client prediction
06-05-23_18-57-21-423 - FlareAmmo is NOT enabled for client prediction
06-05-23_18-57-21-424 - Shotgun is NOT enabled for client prediction
06-05-23_18-57-21-424 - Buckshot_Ammo is NOT enabled for client prediction
06-05-23_18-57-21-428 - 25mm NATO is NOT enabled for client prediction
06-05-23_18-57-21-428 - NDeU_Ammo is NOT enabled for client prediction
06-05-23_18-57-21-429 - 25mm NATO is NOT enabled for client prediction
06-05-23_18-57-21-430 - NDeU_Ammo is NOT enabled for client prediction
06-05-23_18-57-21-446 - 25mm NATO is NOT enabled for client prediction
06-05-23_18-57-21-446 - NDeU_Ammo is NOT enabled for client prediction
06-05-23_18-57-21-450 - 25mm NATO is NOT enabled for client prediction
06-05-23_18-57-21-450 - NDeU_Ammo is NOT enabled for client prediction
06-05-23_18-57-21-456 - 25mm NATO is NOT enabled for client prediction
06-05-23_18-57-21-456 - NDeU_Ammo is NOT enabled for client prediction
06-05-23_18-57-21-458 - 25mm NATO is NOT enabled for client prediction
06-05-23_18-57-21-458 - NDeU_Ammo is NOT enabled for client prediction
06-05-23_18-57-21-470 - 25mm NATO is NOT enabled for client prediction
06-05-23_18-57-21-470 - NDeU_Ammo is NOT enabled for client prediction
06-05-23_18-57-21-473 - 25mm NATO is NOT enabled for client prediction
06-05-23_18-57-21-473 - NDeU_Ammo is NOT enabled for client prediction
06-05-23_18-57-21-474 - 25mm NATO is NOT enabled for client prediction
06-05-23_18-57-21-475 - 25mm NATO is NOT enabled for client prediction
06-05-23_18-57-21-475 - 25mm NATO is NOT enabled for client prediction
06-05-23_18-57-21-476 - 25mm NATO is NOT enabled for client prediction
06-05-23_18-57-21-477 - 200mm Missile is NOT enabled for client prediction
06-05-23_18-57-21-478 - 200mm Missile is NOT enabled for client prediction
06-05-23_18-57-21-479 - 200mm Missile is NOT enabled for client prediction
06-05-23_18-57-21-480 - 200mm Missile is NOT enabled for client prediction
06-05-23_18-57-21-482 - 200mm Missile is NOT enabled for client prediction
06-05-23_18-57-21-483 - 200mm Missile is NOT enabled for client prediction
06-05-23_18-57-21-484 - MR-50A is NOT enabled for client prediction
06-05-23_18-57-21-484 - 5.56x45mm is NOT enabled for client prediction
06-05-23_18-57-21-486 - Autocannon Shell is NOT enabled for client prediction
06-05-23_18-57-21-486 - Autocannon Shell does not qualify for fixed weapon client reload verification
06-05-23_18-57-21-487 - Autocannon Shell is NOT enabled for client prediction
06-05-23_18-57-21-511 - Assault Cannon Shell is NOT enabled for client prediction
06-05-23_18-57-21-523 - Assault Cannon Shell is NOT enabled for client prediction
06-05-23_18-57-21-551 - Artillery Shell is NOT enabled for client prediction
06-05-23_18-57-39-089 - WC Version: 26
06-05-23_18-57-50-364 - Logging stopped.
