05-28-23_22-13-46-408 - Logging Started
05-28-23_22-13-46-479 - Basic_Rocket is NOT enabled for client prediction
05-28-23_22-13-46-480 - Rocket_Frag is NOT enabled for client prediction
05-28-23_22-13-46-484 - Advanced_Rocket_Launch is NOT enabled for client prediction
05-28-23_22-13-46-489 - Advanced_Rocket is NOT enabled for client prediction
05-28-23_22-13-46-489 - Rocket_Frag is NOT enabled for client prediction
05-28-23_22-13-46-494 - FlareBase is NOT enabled for client prediction
05-28-23_22-13-46-494 - FlareAmmo is NOT enabled for client prediction
05-28-23_22-13-46-495 - Shotgun is NOT enabled for client prediction
05-28-23_22-13-46-495 - Buckshot_Ammo is NOT enabled for client prediction
05-28-23_22-13-46-499 - 25mm NATO is NOT enabled for client prediction
05-28-23_22-13-46-500 - NDeU_Ammo is NOT enabled for client prediction
05-28-23_22-13-46-501 - 25mm NATO is NOT enabled for client prediction
05-28-23_22-13-46-501 - NDeU_Ammo is NOT enabled for client prediction
05-28-23_22-13-46-514 - 25mm NATO is NOT enabled for client prediction
05-28-23_22-13-46-514 - NDeU_Ammo is NOT enabled for client prediction
05-28-23_22-13-46-516 - 25mm NATO is NOT enabled for client prediction
05-28-23_22-13-46-516 - NDeU_Ammo is NOT enabled for client prediction
05-28-23_22-13-46-525 - 25mm NATO is NOT enabled for client prediction
05-28-23_22-13-46-525 - NDeU_Ammo is NOT enabled for client prediction
05-28-23_22-13-46-528 - 25mm NATO is NOT enabled for client prediction
05-28-23_22-13-46-528 - NDeU_Ammo is NOT enabled for client prediction
05-28-23_22-13-46-529 - 25mm NATO is NOT enabled for client prediction
05-28-23_22-13-46-529 - NDeU_Ammo is NOT enabled for client prediction
05-28-23_22-13-46-535 - 25mm NATO is NOT enabled for client prediction
05-28-23_22-13-46-535 - NDeU_Ammo is NOT enabled for client prediction
05-28-23_22-13-46-536 - 25mm NATO is NOT enabled for client prediction
05-28-23_22-13-46-537 - 25mm NATO is NOT enabled for client prediction
05-28-23_22-13-46-538 - 25mm NATO is NOT enabled for client prediction
05-28-23_22-13-46-539 - 25mm NATO is NOT enabled for client prediction
05-28-23_22-13-46-540 - 200mm Missile is NOT enabled for client prediction
05-28-23_22-13-46-541 - 200mm Missile is NOT enabled for client prediction
05-28-23_22-13-46-542 - 200mm Missile is NOT enabled for client prediction
05-28-23_22-13-46-543 - 200mm Missile is NOT enabled for client prediction
05-28-23_22-13-46-544 - 200mm Missile is NOT enabled for client prediction
05-28-23_22-13-46-545 - 200mm Missile is NOT enabled for client prediction
05-28-23_22-13-46-546 - MR-50A is NOT enabled for client prediction
05-28-23_22-13-46-546 - 5.56x45mm is NOT enabled for client prediction
05-28-23_22-13-46-547 - Autocannon Shell is NOT enabled for client prediction
05-28-23_22-13-46-547 - Autocannon Shell does not qualify for fixed weapon client reload verification
05-28-23_22-13-46-548 - Autocannon Shell is NOT enabled for client prediction
05-28-23_22-13-46-558 - Assault Cannon Shell is NOT enabled for client prediction
05-28-23_22-13-46-560 - Assault Cannon Shell is NOT enabled for client prediction
05-28-23_22-13-46-573 - Artillery Shell is NOT enabled for client prediction
05-28-23_22-13-56-632 - WC Version: 26
05-28-23_22-14-01-241 - Running in unsupported mode, certain features and blocks will not work as intended and may crash or become non-functional
05-28-23_22-14-01-241 - Incompatible weapons: LWTS_LargeMissileTurretT5, LWTS_LargeMissileTurretT3, LWTS_LargeGatlingTurretT3, LWTS_LargeMissileTurretT4, LWTS_LargeGatlingTurretT4, LWTS_LargeMissileTurretT2, 
05-28-23_22-16-11-748 - Running in unsupported mode, certain features and blocks will not work as intended and may crash or become non-functional
05-28-23_22-16-11-748 - Incompatible weapons: LWTS_LargeGatlingTurretT2, 
05-28-23_22-20-15-933 - Running in unsupported mode, certain features and blocks will not work as intended and may crash or become non-functional
05-28-23_22-20-15-933 - Incompatible weapons: LWTS_LargeGatlingTurretT4, LWTS_LargeGatlingTurretT2, 
05-28-23_22-25-38-895 - Running in unsupported mode, certain features and blocks will not work as intended and may crash or become non-functional
05-28-23_22-25-38-895 - Incompatible weapons: LWTS_LargeGatlingTurretT5, 
05-28-23_22-32-29-610 - Running in unsupported mode, certain features and blocks will not work as intended and may crash or become non-functional
05-28-23_22-32-29-610 - Incompatible weapons: LWTS_LargeGatlingTurretT2, 
05-28-23_22-35-50-059 - Running in unsupported mode, certain features and blocks will not work as intended and may crash or become non-functional
05-28-23_22-35-50-059 - Incompatible weapons: LWTS_LargeGatlingTurretT3, LWTS_LargeGatlingTurretT2, LWTS_LargeMissileTurretT3, 
05-28-23_22-35-51-419 - creating new storage for: loading:True - isMe:True - 74661464065451780[74661464065451780] - UltimateAutomaticRifleItem
05-28-23_22-35-54-767 - creating new storage for: loading:True - isMe:True - 92259169263723679[92259169263723679] - UltimateAutomaticRifleItem
05-28-23_22-35-56-427 - creating new storage for: loading:True - isMe:True - 110216346279562410[110216346279562410] - UltimateAutomaticRifleItem
05-28-23_22-35-58-036 - retrived storage for: loading:False - 74661464065451780[74661464065451780] - UltimateAutomaticRifleItem
05-28-23_22-36-00-430 - retrived storage for: loading:False - 92259169263723679[92259169263723679] - UltimateAutomaticRifleItem
05-28-23_22-36-05-215 - retrived storage for: loading:False - 110216346279562410[110216346279562410] - UltimateAutomaticRifleItem
05-28-23_22-37-33-994 - creating new storage for: loading:True - isMe:True - 108244699290253641[108244699290253641] - RapidFireAutomaticRifleItem
05-28-23_22-37-33-994 - creating new storage for: loading:True - isMe:False - 98909638546444496[108244699290253641] - RapidFireAutomaticRifleItem
05-28-23_22-37-33-994 - ammoStorage skipping: RapidFireAutomaticRifleItem[98909638546444496] not active entity: RapidFireAutomaticRifleItem[108244699290253641]
05-28-23_22-37-36-108 - retrived storage for: loading:False - 108244699290253641[108244699290253641] - RapidFireAutomaticRifleItem
05-28-23_22-37-36-108 - retrived storage for: loading:False - 98909638546444496[108244699290253641] - RapidFireAutomaticRifleItem
05-28-23_22-37-36-108 - ammoStorage skipping: RapidFireAutomaticRifleItem[98909638546444496] not active entity: RapidFireAutomaticRifleItem[108244699290253641]
05-28-23_22-37-41-961 - retrived storage for: loading:True - 99846049229364559[99846049229364559] - RapidFireAutomaticRifleItem
05-28-23_22-37-41-962 - retrived storage for: loading:True - 98909638546444496[99846049229364559] - RapidFireAutomaticRifleItem
05-28-23_22-37-41-962 - ammoStorage skipping: RapidFireAutomaticRifleItem[98909638546444496] not active entity: RapidFireAutomaticRifleItem[99846049229364559]
05-28-23_22-38-20-675 - retrived storage for: loading:False - 99846049229364559[99846049229364559] - RapidFireAutomaticRifleItem
05-28-23_22-38-20-675 - retrived storage for: loading:False - 98909638546444496[99846049229364559] - RapidFireAutomaticRifleItem
05-28-23_22-38-20-675 - ammoStorage skipping: RapidFireAutomaticRifleItem[98909638546444496] not active entity: RapidFireAutomaticRifleItem[99846049229364559]
05-28-23_22-39-16-496 - creating new storage for: loading:True - isMe:True - 103533342872200650[103533342872200650] - SemiAutoPistolItem
05-28-23_22-39-16-570 - retrived storage for: loading:False - 103533342872200650[103533342872200650] - SemiAutoPistolItem
05-28-23_22-39-16-571 - retrived storage for: loading:False - 103533342872200650[103533342872200650] - SemiAutoPistolItem
05-28-23_22-39-20-521 - retrived storage for: loading:True - 0[74097505310139991] - SemiAutoPistolItem
05-28-23_22-39-20-714 - Running in unsupported mode, certain features and blocks will not work as intended and may crash or become non-functional
05-28-23_22-39-20-714 - Incompatible weapons: SmallGatlingGunT5, 
05-28-23_22-39-57-172 - retrived storage for: loading:False - 0[74097505310139991] - SemiAutoPistolItem
05-28-23_22-39-57-172 - ammoStorage skipping: SemiAutoPistolItem[0] not active entity: SemiAutoPistolItem[74097505310139991]
05-28-23_22-40-32-665 - retrived storage for: loading:True - 87452577700667208[87452577700667208] - RapidFireAutomaticRifleItem
05-28-23_22-40-32-665 - retrived storage for: loading:True - 98909638546444496[87452577700667208] - RapidFireAutomaticRifleItem
05-28-23_22-40-32-665 - ammoStorage skipping: RapidFireAutomaticRifleItem[98909638546444496] not active entity: RapidFireAutomaticRifleItem[87452577700667208]
05-28-23_22-41-18-197 - retrived storage for: loading:False - 87452577700667208[87452577700667208] - RapidFireAutomaticRifleItem
05-28-23_22-41-18-197 - retrived storage for: loading:False - 98909638546444496[87452577700667208] - RapidFireAutomaticRifleItem
05-28-23_22-41-18-197 - ammoStorage skipping: RapidFireAutomaticRifleItem[98909638546444496] not active entity: RapidFireAutomaticRifleItem[87452577700667208]
05-28-23_22-41-18-197 - retrived storage for: loading:False - 87452577700667208[87452577700667208] - RapidFireAutomaticRifleItem
05-28-23_22-41-18-197 - retrived storage for: loading:False - 98909638546444496[87452577700667208] - RapidFireAutomaticRifleItem
05-28-23_22-41-18-197 - ammoStorage skipping: RapidFireAutomaticRifleItem[98909638546444496] not active entity: RapidFireAutomaticRifleItem[87452577700667208]
05-28-23_22-41-51-298 - Running in unsupported mode, certain features and blocks will not work as intended and may crash or become non-functional
05-28-23_22-41-51-298 - Incompatible weapons: LWTS_LargeMissileTurretT2, LWTS_LargeGatlingTurretT4, LWTS_LargeGatlingTurretT5, 
05-28-23_22-43-13-499 - retrived storage for: loading:True - 0[127525057169989469] - RapidFireAutomaticRifleItem
05-28-23_22-43-13-499 - retrived storage for: loading:True - 98909638546444496[127525057169989469] - RapidFireAutomaticRifleItem
05-28-23_22-43-13-499 - ammoStorage skipping: RapidFireAutomaticRifleItem[98909638546444496] not active entity: RapidFireAutomaticRifleItem[127525057169989469]
05-28-23_22-43-46-630 - retrived storage for: loading:False - 0[127525057169989469] - RapidFireAutomaticRifleItem
05-28-23_22-43-46-630 - ammoStorage skipping: RapidFireAutomaticRifleItem[0] not active entity: RapidFireAutomaticRifleItem[127525057169989469]
05-28-23_22-43-46-630 - retrived storage for: loading:False - 98909638546444496[127525057169989469] - RapidFireAutomaticRifleItem
05-28-23_22-43-46-630 - ammoStorage skipping: RapidFireAutomaticRifleItem[98909638546444496] not active entity: RapidFireAutomaticRifleItem[127525057169989469]
05-28-23_22-43-46-631 - retrived storage for: loading:False - 0[127525057169989469] - RapidFireAutomaticRifleItem
05-28-23_22-43-46-631 - ammoStorage skipping: RapidFireAutomaticRifleItem[0] not active entity: RapidFireAutomaticRifleItem[127525057169989469]
05-28-23_22-43-46-631 - retrived storage for: loading:False - 98909638546444496[127525057169989469] - RapidFireAutomaticRifleItem
05-28-23_22-43-46-631 - ammoStorage skipping: RapidFireAutomaticRifleItem[98909638546444496] not active entity: RapidFireAutomaticRifleItem[127525057169989469]
05-28-23_22-44-04-282 - retrived storage for: loading:True - 0[72447755044481107] - RapidFireAutomaticRifleItem
05-28-23_22-44-04-282 - retrived storage for: loading:True - 98909638546444496[72447755044481107] - RapidFireAutomaticRifleItem
05-28-23_22-44-04-282 - ammoStorage skipping: RapidFireAutomaticRifleItem[98909638546444496] not active entity: RapidFireAutomaticRifleItem[72447755044481107]
05-28-23_22-44-09-115 - Running in unsupported mode, certain features and blocks will not work as intended and may crash or become non-functional
05-28-23_22-44-09-115 - Incompatible weapons: SmallGatlingGunT5, 
05-28-23_22-44-18-447 - retrived storage for: loading:False - 0[72447755044481107] - RapidFireAutomaticRifleItem
05-28-23_22-44-18-447 - ammoStorage skipping: RapidFireAutomaticRifleItem[0] not active entity: RapidFireAutomaticRifleItem[72447755044481107]
05-28-23_22-44-18-447 - retrived storage for: loading:False - 98909638546444496[72447755044481107] - RapidFireAutomaticRifleItem
05-28-23_22-44-18-447 - ammoStorage skipping: RapidFireAutomaticRifleItem[98909638546444496] not active entity: RapidFireAutomaticRifleItem[72447755044481107]
05-28-23_22-44-18-448 - retrived storage for: loading:False - 0[72447755044481107] - RapidFireAutomaticRifleItem
05-28-23_22-44-18-448 - ammoStorage skipping: RapidFireAutomaticRifleItem[0] not active entity: RapidFireAutomaticRifleItem[72447755044481107]
05-28-23_22-44-18-448 - retrived storage for: loading:False - 98909638546444496[72447755044481107] - RapidFireAutomaticRifleItem
05-28-23_22-44-18-448 - ammoStorage skipping: RapidFireAutomaticRifleItem[98909638546444496] not active entity: RapidFireAutomaticRifleItem[72447755044481107]
05-28-23_22-44-55-682 - retrived storage for: loading:True - 0[118357269770462616] - RapidFireAutomaticRifleItem
05-28-23_22-44-55-682 - retrived storage for: loading:True - 98909638546444496[118357269770462616] - RapidFireAutomaticRifleItem
05-28-23_22-44-55-682 - ammoStorage skipping: RapidFireAutomaticRifleItem[98909638546444496] not active entity: RapidFireAutomaticRifleItem[118357269770462616]
05-28-23_22-44-58-015 - retrived storage for: loading:False - 0[118357269770462616] - RapidFireAutomaticRifleItem
05-28-23_22-44-58-015 - ammoStorage skipping: RapidFireAutomaticRifleItem[0] not active entity: RapidFireAutomaticRifleItem[118357269770462616]
05-28-23_22-44-58-015 - retrived storage for: loading:False - 98909638546444496[118357269770462616] - RapidFireAutomaticRifleItem
05-28-23_22-44-58-015 - ammoStorage skipping: RapidFireAutomaticRifleItem[98909638546444496] not active entity: RapidFireAutomaticRifleItem[118357269770462616]
05-28-23_22-44-58-015 - retrived storage for: loading:False - 0[118357269770462616] - RapidFireAutomaticRifleItem
05-28-23_22-44-58-015 - ammoStorage skipping: RapidFireAutomaticRifleItem[0] not active entity: RapidFireAutomaticRifleItem[118357269770462616]
05-28-23_22-44-58-015 - retrived storage for: loading:False - 98909638546444496[118357269770462616] - RapidFireAutomaticRifleItem
05-28-23_22-44-58-015 - ammoStorage skipping: RapidFireAutomaticRifleItem[98909638546444496] not active entity: RapidFireAutomaticRifleItem[118357269770462616]
05-28-23_22-45-00-249 - retrived storage for: loading:True - 0[102209645516020949] - RapidFireAutomaticRifleItem
05-28-23_22-45-00-249 - retrived storage for: loading:True - 98909638546444496[102209645516020949] - RapidFireAutomaticRifleItem
05-28-23_22-45-00-249 - ammoStorage skipping: RapidFireAutomaticRifleItem[98909638546444496] not active entity: RapidFireAutomaticRifleItem[102209645516020949]
05-28-23_22-45-23-431 - retrived storage for: loading:False - 0[102209645516020949] - RapidFireAutomaticRifleItem
05-28-23_22-45-23-431 - ammoStorage skipping: RapidFireAutomaticRifleItem[0] not active entity: RapidFireAutomaticRifleItem[102209645516020949]
05-28-23_22-45-23-431 - retrived storage for: loading:False - 98909638546444496[102209645516020949] - RapidFireAutomaticRifleItem
05-28-23_22-45-23-431 - ammoStorage skipping: RapidFireAutomaticRifleItem[98909638546444496] not active entity: RapidFireAutomaticRifleItem[102209645516020949]
05-28-23_22-45-32-682 - creating new storage for: loading:True - isMe:True - 77556238490379810[77556238490379810] - SemiAutoPistolItem
05-28-23_22-45-34-769 - retrived storage for: loading:False - 77556238490379810[77556238490379810] - SemiAutoPistolItem
05-28-23_22-45-45-351 - retrived storage for: loading:True - 128794119133884565[128794119133884565] - RapidFireAutomaticRifleItem
05-28-23_22-45-45-352 - retrived storage for: loading:True - 98909638546444496[128794119133884565] - RapidFireAutomaticRifleItem
05-28-23_22-45-45-352 - ammoStorage skipping: RapidFireAutomaticRifleItem[98909638546444496] not active entity: RapidFireAutomaticRifleItem[128794119133884565]
05-28-23_22-45-48-630 - retrived storage for: loading:False - 128794119133884565[128794119133884565] - RapidFireAutomaticRifleItem
05-28-23_22-45-48-631 - retrived storage for: loading:False - 98909638546444496[128794119133884565] - RapidFireAutomaticRifleItem
05-28-23_22-45-48-631 - ammoStorage skipping: RapidFireAutomaticRifleItem[98909638546444496] not active entity: RapidFireAutomaticRifleItem[128794119133884565]
05-28-23_22-46-21-381 - Running in unsupported mode, certain features and blocks will not work as intended and may crash or become non-functional
05-28-23_22-46-21-381 - Incompatible weapons: LWTS_LargeMissileTurretT3, 
05-28-23_22-49-01-348 - Running in unsupported mode, certain features and blocks will not work as intended and may crash or become non-functional
05-28-23_22-49-01-348 - Incompatible weapons: LWTS_LargeGatlingTurretT5, LWTS_LargeMissileTurretT2, 
05-28-23_22-52-22-683 - creating new storage for: loading:True - isMe:True - 140583667252070759[140583667252070759] - AutomaticRifleItem
05-28-23_22-52-24-754 - retrived storage for: loading:False - 140583667252070759[140583667252070759] - AutomaticRifleItem
05-28-23_22-52-27-683 - creating new storage for: loading:True - isMe:True - 125035885565424434[125035885565424434] - AutomaticRifleItem
05-28-23_22-52-29-695 - retrived storage for: loading:False - 125035885565424434[125035885565424434] - AutomaticRifleItem
05-28-23_22-52-31-016 - creating new storage for: loading:True - isMe:True - 82656643646602615[82656643646602615] - SemiAutoPistolItem
05-28-23_22-52-33-637 - retrived storage for: loading:False - 82656643646602615[82656643646602615] - SemiAutoPistolItem
05-28-23_22-57-31-321 - Running in unsupported mode, certain features and blocks will not work as intended and may crash or become non-functional
05-28-23_22-57-31-321 - Incompatible weapons: LWTS_LargeGatlingTurretT4, LWTS_LargeGatlingTurretT2, 
05-28-23_23-03-21-447 - Running in unsupported mode, certain features and blocks will not work as intended and may crash or become non-functional
05-28-23_23-03-21-447 - Incompatible weapons: LWTS_LargeGatlingTurretT3, 
05-28-23_23-03-41-481 - Running in unsupported mode, certain features and blocks will not work as intended and may crash or become non-functional
05-28-23_23-03-41-481 - Incompatible weapons: LWTS_LargeMissileTurretT4, LWTS_LargeMissileTurretT5, 
05-28-23_23-11-01-415 - Running in unsupported mode, certain features and blocks will not work as intended and may crash or become non-functional
05-28-23_23-11-01-415 - Incompatible weapons: LWTS_LargeMissileTurretT2, LWTS_LargeMissileTurretT3, LWTS_LargeMissileTurretT5, 
05-28-23_23-13-42-216 - retrived storage for: loading:True - 103139161990341797[103139161990341797] - RapidFireAutomaticRifleItem
05-28-23_23-13-42-216 - retrived storage for: loading:True - 98909638546444496[103139161990341797] - RapidFireAutomaticRifleItem
05-28-23_23-13-42-216 - ammoStorage skipping: RapidFireAutomaticRifleItem[98909638546444496] not active entity: RapidFireAutomaticRifleItem[103139161990341797]
05-28-23_23-13-42-598 - retrived storage for: loading:False - 103139161990341797[103139161990341797] - RapidFireAutomaticRifleItem
05-28-23_23-13-42-598 - retrived storage for: loading:False - 98909638546444496[103139161990341797] - RapidFireAutomaticRifleItem
05-28-23_23-13-42-598 - ammoStorage skipping: RapidFireAutomaticRifleItem[98909638546444496] not active entity: RapidFireAutomaticRifleItem[103139161990341797]
05-28-23_23-15-26-269 - retrived storage for: loading:True - 137752015249915749[137752015249915749] - RapidFireAutomaticRifleItem
05-28-23_23-15-26-269 - retrived storage for: loading:True - 98909638546444496[137752015249915749] - RapidFireAutomaticRifleItem
05-28-23_23-15-26-269 - ammoStorage skipping: RapidFireAutomaticRifleItem[98909638546444496] not active entity: RapidFireAutomaticRifleItem[137752015249915749]
05-28-23_23-15-26-567 - retrived storage for: loading:False - 137752015249915749[137752015249915749] - RapidFireAutomaticRifleItem
05-28-23_23-15-26-567 - retrived storage for: loading:False - 98909638546444496[137752015249915749] - RapidFireAutomaticRifleItem
05-28-23_23-15-26-567 - ammoStorage skipping: RapidFireAutomaticRifleItem[98909638546444496] not active entity: RapidFireAutomaticRifleItem[137752015249915749]
05-28-23_23-19-32-585 - Running in unsupported mode, certain features and blocks will not work as intended and may crash or become non-functional
05-28-23_23-19-32-585 - Incompatible weapons: LWTS_LargeGatlingTurretT4, LWTS_LargeMissileTurretT4, LWTS_LargeGatlingTurretT2, LWTS_LargeMissileTurretT2, 
05-28-23_23-25-26-435 - creating new storage for: loading:True - isMe:True - 83718698131150881[83718698131150881] - SemiAutoPistolItem
05-28-23_23-25-26-498 - retrived storage for: loading:False - 83718698131150881[83718698131150881] - SemiAutoPistolItem
05-28-23_23-25-26-498 - retrived storage for: loading:False - 83718698131150881[83718698131150881] - SemiAutoPistolItem
05-28-23_23-26-43-391 - Running in unsupported mode, certain features and blocks will not work as intended and may crash or become non-functional
05-28-23_23-26-43-391 - Incompatible weapons: LWTS_LargeMissileTurretT3, 
05-28-23_23-29-11-442 - creating new storage for: loading:True - isMe:True - 98445819301600113[98445819301600113] - RapidFireAutomaticRifleItem
05-28-23_23-29-13-098 - creating new storage for: loading:True - isMe:True - 128653854815198351[128653854815198351] - RapidFireAutomaticRifleItem
05-28-23_23-29-14-765 - creating new storage for: loading:True - isMe:True - 111519803062629390[111519803062629390] - RapidFireAutomaticRifleItem
05-28-23_23-29-16-433 - creating new storage for: loading:True - isMe:True - 134502190299548781[134502190299548781] - RapidFireAutomaticRifleItem
05-28-23_23-33-19-074 - retrived storage for: loading:False - 128653854815198351[128653854815198351] - RapidFireAutomaticRifleItem
05-28-23_23-33-20-740 - retrived storage for: loading:False - 111519803062629390[111519803062629390] - RapidFireAutomaticRifleItem
05-28-23_23-33-22-406 - retrived storage for: loading:False - 134502190299548781[134502190299548781] - RapidFireAutomaticRifleItem
05-28-23_23-33-24-257 - retrived storage for: loading:False - 98445819301600113[98445819301600113] - RapidFireAutomaticRifleItem
05-28-23_23-35-03-383 - Running in unsupported mode, certain features and blocks will not work as intended and may crash or become non-functional
05-28-23_23-35-03-383 - Incompatible weapons: LWTS_LargeMissileTurretT5, LWTS_LargeMissileTurretT4, 
05-28-23_23-43-13-384 - Running in unsupported mode, certain features and blocks will not work as intended and may crash or become non-functional
05-28-23_23-43-13-384 - Incompatible weapons: LWTS_LargeMissileTurretT3, LWTS_LargeGatlingTurretT3, 
05-28-23_23-51-03-516 - Running in unsupported mode, certain features and blocks will not work as intended and may crash or become non-functional
05-28-23_23-51-03-516 - Incompatible weapons: LWTS_LargeMissileTurretT2, 
05-28-23_23-57-46-881 - creating new storage for: loading:True - isMe:True - 84368172476240552[84368172476240552] - SemiAutoPistolItem
05-28-23_23-57-50-085 - retrived storage for: loading:False - 84368172476240552[84368172476240552] - SemiAutoPistolItem
05-29-23_00-05-14-110 - Running in unsupported mode, certain features and blocks will not work as intended and may crash or become non-functional
05-29-23_00-05-14-110 - Incompatible weapons: LWTS_LargeMissileTurretT3, LWTS_LargeGatlingTurretT5, 
05-29-23_00-20-05-645 - creating new storage for: loading:True - isMe:True - 112944652849176763[112944652849176763] - UltimateAutomaticRifleItem
05-29-23_00-20-08-118 - retrived storage for: loading:False - 112944652849176763[112944652849176763] - UltimateAutomaticRifleItem
05-29-23_00-20-10-649 - creating new storage for: loading:True - isMe:True - 125875184027637988[125875184027637988] - UltimateAutomaticRifleItem
05-29-23_00-20-13-186 - retrived storage for: loading:False - 125875184027637988[125875184027637988] - UltimateAutomaticRifleItem
05-29-23_00-22-34-280 - Running in unsupported mode, certain features and blocks will not work as intended and may crash or become non-functional
05-29-23_00-22-34-280 - Incompatible weapons: LWTS_LargeGatlingTurretT3, LWTS_LargeMissileTurretT4, 
05-29-23_00-54-34-698 - Running in unsupported mode, certain features and blocks will not work as intended and may crash or become non-functional
05-29-23_00-54-34-698 - Incompatible weapons: LWTS_LargeMissileTurretT3, 
05-29-23_01-11-15-218 - Running in unsupported mode, certain features and blocks will not work as intended and may crash or become non-functional
05-29-23_01-11-15-218 - Incompatible weapons: LWTS_LargeGatlingTurretT3, LWTS_LargeGatlingTurretT5, 
05-29-23_08-47-40-022 - Running in unsupported mode, certain features and blocks will not work as intended and may crash or become non-functional
05-29-23_08-47-40-022 - Incompatible weapons: LWTS_LargeMissileTurretT4, 
05-29-23_09-01-30-202 - Running in unsupported mode, certain features and blocks will not work as intended and may crash or become non-functional
05-29-23_09-01-30-202 - Incompatible weapons: LWTS_LargeGatlingTurretT2, 
05-29-23_09-15-10-204 - Running in unsupported mode, certain features and blocks will not work as intended and may crash or become non-functional
05-29-23_09-15-10-204 - Incompatible weapons: LWTS_LargeMissileTurretT5, 
05-29-23_09-16-33-836 - Running in unsupported mode, certain features and blocks will not work as intended and may crash or become non-functional
05-29-23_09-16-33-837 - Incompatible weapons: smallBlockMissileLauncherT2, smallBlockMissileLauncherT3, 
05-29-23_13-05-44-111 - Running in unsupported mode, certain features and blocks will not work as intended and may crash or become non-functional
05-29-23_13-05-44-111 - Incompatible weapons: LWTS_LargeGatlingTurretT3, 
05-29-23_13-21-58-116 - Running in unsupported mode, certain features and blocks will not work as intended and may crash or become non-functional
05-29-23_13-21-58-116 - Incompatible weapons: LWTS_LargeGatlingTurretT2, 
05-29-23_13-35-19-490 - Running in unsupported mode, certain features and blocks will not work as intended and may crash or become non-functional
05-29-23_13-35-19-490 - Incompatible weapons: LWTS_LargeGatlingTurretT2, 
05-29-23_13-59-39-766 - creating new storage for: loading:True - isMe:True - 108659421532505376[108659421532505376] - RapidFireAutomaticRifleItem
05-29-23_13-59-41-426 - creating new storage for: loading:True - isMe:True - 88533246812173735[88533246812173735] - RapidFireAutomaticRifleItem
05-29-23_13-59-43-083 - creating new storage for: loading:True - isMe:True - 125414083831857131[125414083831857131] - RapidFireAutomaticRifleItem
05-29-23_13-59-44-749 - creating new storage for: loading:True - isMe:True - 89401513994395271[89401513994395271] - RapidFireAutomaticRifleItem
05-29-23_13-59-52-440 - retrived storage for: loading:False - 108659421532505376[108659421532505376] - RapidFireAutomaticRifleItem
05-29-23_13-59-53-838 - retrived storage for: loading:False - 89401513994395271[89401513994395271] - RapidFireAutomaticRifleItem
05-29-23_13-59-53-887 - retrived storage for: loading:False - 125414083831857131[125414083831857131] - RapidFireAutomaticRifleItem
05-29-23_13-59-57-159 - retrived storage for: loading:False - 88533246812173735[88533246812173735] - RapidFireAutomaticRifleItem
05-29-23_14-00-49-749 - creating new storage for: loading:True - isMe:True - 98478179969115536[98478179969115536] - FullAutoPistolItem
05-29-23_14-00-49-816 - retrived storage for: loading:False - 98478179969115536[98478179969115536] - FullAutoPistolItem
05-29-23_14-00-49-816 - retrived storage for: loading:False - 98478179969115536[98478179969115536] - FullAutoPistolItem
05-29-23_14-04-50-034 - Running in unsupported mode, certain features and blocks will not work as intended and may crash or become non-functional
05-29-23_14-04-50-034 - Incompatible weapons: LWTS_LargeMissileTurretT3, LWTS_LargeGatlingTurretT3, LWTS_LargeMissileTurretT5, LWTS_LargeMissileTurretT2, 
05-29-23_14-20-20-562 - Running in unsupported mode, certain features and blocks will not work as intended and may crash or become non-functional
05-29-23_14-20-20-562 - Incompatible weapons: LWTS_LargeGatlingTurretT5, 
05-29-23_14-21-50-579 - Running in unsupported mode, certain features and blocks will not work as intended and may crash or become non-functional
05-29-23_14-21-50-579 - Incompatible weapons: LWTS_LargeGatlingTurretT4, LWTS_LargeMissileTurretT3, 
05-29-23_14-37-52-228 - creating new storage for: loading:True - isMe:True - 119650320393057090[119650320393057090] - PreciseAutomaticRifleItem
05-29-23_14-37-56-158 - retrived storage for: loading:False - 119650320393057090[119650320393057090] - PreciseAutomaticRifleItem
05-29-23_15-04-11-742 - Running in unsupported mode, certain features and blocks will not work as intended and may crash or become non-functional
05-29-23_15-04-11-742 - Incompatible weapons: LWTS_LargeMissileTurretT4, 
05-29-23_15-23-35-635 - creating new storage for: loading:True - isMe:True - 85078588752923404[85078588752923404] - RapidFireAutomaticRifleItem
05-29-23_15-23-35-695 - retrived storage for: loading:False - 85078588752923404[85078588752923404] - RapidFireAutomaticRifleItem
05-29-23_15-23-35-695 - retrived storage for: loading:False - 85078588752923404[85078588752923404] - RapidFireAutomaticRifleItem
05-29-23_15-23-37-310 - creating new storage for: loading:True - isMe:True - 104045834590344251[104045834590344251] - RapidFireAutomaticRifleItem
05-29-23_15-23-37-389 - retrived storage for: loading:False - 104045834590344251[104045834590344251] - RapidFireAutomaticRifleItem
05-29-23_15-23-37-389 - retrived storage for: loading:False - 104045834590344251[104045834590344251] - RapidFireAutomaticRifleItem
05-29-23_15-23-38-966 - creating new storage for: loading:True - isMe:True - 119715403279329055[119715403279329055] - AutomaticRifleItem
05-29-23_15-23-39-066 - retrived storage for: loading:False - 119715403279329055[119715403279329055] - AutomaticRifleItem
05-29-23_15-23-39-066 - retrived storage for: loading:False - 119715403279329055[119715403279329055] - AutomaticRifleItem
05-29-23_15-23-40-629 - creating new storage for: loading:True - isMe:True - 129521121197763751[129521121197763751] - RapidFireAutomaticRifleItem
05-29-23_15-23-40-745 - retrived storage for: loading:False - 129521121197763751[129521121197763751] - RapidFireAutomaticRifleItem
05-29-23_15-23-40-745 - retrived storage for: loading:False - 129521121197763751[129521121197763751] - RapidFireAutomaticRifleItem
05-29-23_15-23-42-295 - creating new storage for: loading:True - isMe:True - 104245695424340849[104245695424340849] - RapidFireAutomaticRifleItem
05-29-23_15-23-42-429 - retrived storage for: loading:False - 104245695424340849[104245695424340849] - RapidFireAutomaticRifleItem
05-29-23_15-23-42-429 - retrived storage for: loading:False - 104245695424340849[104245695424340849] - RapidFireAutomaticRifleItem
05-29-23_15-23-43-962 - creating new storage for: loading:True - isMe:True - 80701369009416354[80701369009416354] - RapidFireAutomaticRifleItem
05-29-23_15-23-44-112 - retrived storage for: loading:False - 80701369009416354[80701369009416354] - RapidFireAutomaticRifleItem
05-29-23_15-23-44-112 - retrived storage for: loading:False - 80701369009416354[80701369009416354] - RapidFireAutomaticRifleItem
05-29-23_15-23-45-639 - creating new storage for: loading:True - isMe:True - 135154078655090336[135154078655090336] - RapidFireAutomaticRifleItem
05-29-23_15-23-45-794 - retrived storage for: loading:False - 135154078655090336[135154078655090336] - RapidFireAutomaticRifleItem
05-29-23_15-23-45-794 - retrived storage for: loading:False - 135154078655090336[135154078655090336] - RapidFireAutomaticRifleItem
05-29-23_15-23-47-295 - creating new storage for: loading:True - isMe:True - 124741895625668459[124741895625668459] - RapidFireAutomaticRifleItem
05-29-23_15-23-47-479 - retrived storage for: loading:False - 124741895625668459[124741895625668459] - RapidFireAutomaticRifleItem
05-29-23_15-23-47-479 - retrived storage for: loading:False - 124741895625668459[124741895625668459] - RapidFireAutomaticRifleItem
05-29-23_15-23-48-981 - creating new storage for: loading:True - isMe:True - 127290628940525880[127290628940525880] - RapidFireAutomaticRifleItem
05-29-23_15-23-49-162 - retrived storage for: loading:False - 127290628940525880[127290628940525880] - RapidFireAutomaticRifleItem
05-29-23_15-23-49-162 - retrived storage for: loading:False - 127290628940525880[127290628940525880] - RapidFireAutomaticRifleItem
05-29-23_15-23-50-632 - creating new storage for: loading:True - isMe:True - 104257537395445292[104257537395445292] - RapidFireAutomaticRifleItem
05-29-23_15-23-50-845 - retrived storage for: loading:False - 104257537395445292[104257537395445292] - RapidFireAutomaticRifleItem
05-29-23_15-23-50-845 - retrived storage for: loading:False - 104257537395445292[104257537395445292] - RapidFireAutomaticRifleItem
05-29-23_15-23-52-308 - creating new storage for: loading:True - isMe:True - 85484759700419374[85484759700419374] - RapidFireAutomaticRifleItem
05-29-23_15-23-52-529 - retrived storage for: loading:False - 85484759700419374[85484759700419374] - RapidFireAutomaticRifleItem
05-29-23_15-23-52-529 - retrived storage for: loading:False - 85484759700419374[85484759700419374] - RapidFireAutomaticRifleItem
05-29-23_15-23-53-963 - creating new storage for: loading:True - isMe:True - 78711001344349285[78711001344349285] - RapidFireAutomaticRifleItem
05-29-23_15-23-54-211 - retrived storage for: loading:False - 78711001344349285[78711001344349285] - RapidFireAutomaticRifleItem
05-29-23_15-23-54-212 - retrived storage for: loading:False - 78711001344349285[78711001344349285] - RapidFireAutomaticRifleItem
05-29-23_15-23-55-642 - creating new storage for: loading:True - isMe:True - 86927033809940477[86927033809940477] - AutomaticRifleItem
05-29-23_15-23-55-899 - retrived storage for: loading:False - 86927033809940477[86927033809940477] - AutomaticRifleItem
05-29-23_15-23-55-899 - retrived storage for: loading:False - 86927033809940477[86927033809940477] - AutomaticRifleItem
05-29-23_15-23-57-295 - creating new storage for: loading:True - isMe:True - 115422425090282999[115422425090282999] - AutomaticRifleItem
05-29-23_15-23-57-581 - retrived storage for: loading:False - 115422425090282999[115422425090282999] - AutomaticRifleItem
05-29-23_15-23-57-581 - retrived storage for: loading:False - 115422425090282999[115422425090282999] - AutomaticRifleItem
05-29-23_15-23-58-962 - creating new storage for: loading:True - isMe:True - 85036113123794588[85036113123794588] - AutomaticRifleItem
05-29-23_15-23-59-262 - retrived storage for: loading:False - 85036113123794588[85036113123794588] - AutomaticRifleItem
05-29-23_15-23-59-262 - retrived storage for: loading:False - 85036113123794588[85036113123794588] - AutomaticRifleItem
05-29-23_15-24-00-762 - creating new storage for: loading:True - isMe:True - 78335577621039454[78335577621039454] - AutomaticRifleItem
05-29-23_15-24-01-078 - retrived storage for: loading:False - 78335577621039454[78335577621039454] - AutomaticRifleItem
05-29-23_15-24-01-078 - retrived storage for: loading:False - 78335577621039454[78335577621039454] - AutomaticRifleItem
05-29-23_15-24-02-446 - creating new storage for: loading:True - isMe:True - 73576644993466628[73576644993466628] - RapidFireAutomaticRifleItem
05-29-23_15-24-02-763 - retrived storage for: loading:False - 73576644993466628[73576644993466628] - RapidFireAutomaticRifleItem
05-29-23_15-24-02-763 - retrived storage for: loading:False - 73576644993466628[73576644993466628] - RapidFireAutomaticRifleItem
05-29-23_15-24-04-101 - creating new storage for: loading:True - isMe:True - 131932111149877537[131932111149877537] - AutomaticRifleItem
05-29-23_15-24-04-445 - retrived storage for: loading:False - 131932111149877537[131932111149877537] - AutomaticRifleItem
05-29-23_15-24-04-445 - retrived storage for: loading:False - 131932111149877537[131932111149877537] - AutomaticRifleItem
05-29-23_15-24-05-775 - creating new storage for: loading:True - isMe:True - 118974993568249549[118974993568249549] - RapidFireAutomaticRifleItem
05-29-23_15-24-06-129 - retrived storage for: loading:False - 118974993568249549[118974993568249549] - RapidFireAutomaticRifleItem
05-29-23_15-24-06-130 - retrived storage for: loading:False - 118974993568249549[118974993568249549] - RapidFireAutomaticRifleItem
05-29-23_15-24-07-428 - creating new storage for: loading:True - isMe:True - 140992715358813227[140992715358813227] - RapidFireAutomaticRifleItem
05-29-23_15-24-07-812 - retrived storage for: loading:False - 140992715358813227[140992715358813227] - RapidFireAutomaticRifleItem
05-29-23_15-24-07-812 - retrived storage for: loading:False - 140992715358813227[140992715358813227] - RapidFireAutomaticRifleItem
05-29-23_15-24-09-096 - creating new storage for: loading:True - isMe:True - 120109062650386417[120109062650386417] - RapidFireAutomaticRifleItem
05-29-23_15-24-09-496 - retrived storage for: loading:False - 120109062650386417[120109062650386417] - RapidFireAutomaticRifleItem
05-29-23_15-24-09-496 - retrived storage for: loading:False - 120109062650386417[120109062650386417] - RapidFireAutomaticRifleItem
05-29-23_15-25-32-047 - Running in unsupported mode, certain features and blocks will not work as intended and may crash or become non-functional
05-29-23_15-25-32-047 - Incompatible weapons: SmallGatlingGunT5, smallBlockMissileLauncherT4, SmallGatlingGunT2, 
05-29-23_15-31-08-139 - Running in unsupported mode, certain features and blocks will not work as intended and may crash or become non-functional
05-29-23_15-31-08-139 - Incompatible weapons: LWTS_LargeMissileTurretT3, 
05-29-23_15-39-03-383 - creating new storage for: loading:True - isMe:True - 112773357037391941[112773357037391941] - AutomaticRifleItem
05-29-23_15-39-03-426 - retrived storage for: loading:False - 112773357037391941[112773357037391941] - AutomaticRifleItem
05-29-23_15-39-03-426 - retrived storage for: loading:False - 112773357037391941[112773357037391941] - AutomaticRifleItem
05-29-23_15-39-05-029 - creating new storage for: loading:True - isMe:True - 96096945589393788[96096945589393788] - RapidFireAutomaticRifleItem
05-29-23_15-39-05-110 - retrived storage for: loading:False - 96096945589393788[96096945589393788] - RapidFireAutomaticRifleItem
05-29-23_15-39-05-110 - retrived storage for: loading:False - 96096945589393788[96096945589393788] - RapidFireAutomaticRifleItem
05-29-23_15-39-06-716 - creating new storage for: loading:True - isMe:True - 125057030451484372[125057030451484372] - AutomaticRifleItem
05-29-23_15-39-06-793 - retrived storage for: loading:False - 125057030451484372[125057030451484372] - AutomaticRifleItem
05-29-23_15-39-06-793 - retrived storage for: loading:False - 125057030451484372[125057030451484372] - AutomaticRifleItem
05-29-23_15-39-08-364 - creating new storage for: loading:True - isMe:True - 130959672660339778[130959672660339778] - AutomaticRifleItem
05-29-23_15-39-08-484 - retrived storage for: loading:False - 130959672660339778[130959672660339778] - AutomaticRifleItem
05-29-23_15-39-08-485 - retrived storage for: loading:False - 130959672660339778[130959672660339778] - AutomaticRifleItem
05-29-23_15-39-10-027 - creating new storage for: loading:True - isMe:True - 142610304008101333[142610304008101333] - AutomaticRifleItem
05-29-23_15-39-10-160 - retrived storage for: loading:False - 142610304008101333[142610304008101333] - AutomaticRifleItem
05-29-23_15-39-10-160 - retrived storage for: loading:False - 142610304008101333[142610304008101333] - AutomaticRifleItem
05-29-23_15-39-11-715 - creating new storage for: loading:True - isMe:True - 118334925833184872[118334925833184872] - RapidFireAutomaticRifleItem
05-29-23_15-39-11-844 - retrived storage for: loading:False - 118334925833184872[118334925833184872] - RapidFireAutomaticRifleItem
05-29-23_15-39-11-844 - retrived storage for: loading:False - 118334925833184872[118334925833184872] - RapidFireAutomaticRifleItem
05-29-23_15-39-13-370 - creating new storage for: loading:True - isMe:True - 99259963060609351[99259963060609351] - RapidFireAutomaticRifleItem
05-29-23_15-39-13-526 - retrived storage for: loading:False - 99259963060609351[99259963060609351] - RapidFireAutomaticRifleItem
05-29-23_15-39-13-526 - retrived storage for: loading:False - 99259963060609351[99259963060609351] - RapidFireAutomaticRifleItem
05-29-23_15-39-15-032 - creating new storage for: loading:True - isMe:True - 113462077173224790[113462077173224790] - AutomaticRifleItem
05-29-23_15-39-15-210 - retrived storage for: loading:False - 113462077173224790[113462077173224790] - AutomaticRifleItem
05-29-23_15-39-15-210 - retrived storage for: loading:False - 113462077173224790[113462077173224790] - AutomaticRifleItem
05-29-23_15-39-16-706 - creating new storage for: loading:True - isMe:True - 84215822991508670[84215822991508670] - AutomaticRifleItem
05-29-23_15-39-16-894 - retrived storage for: loading:False - 84215822991508670[84215822991508670] - AutomaticRifleItem
05-29-23_15-39-16-895 - retrived storage for: loading:False - 84215822991508670[84215822991508670] - AutomaticRifleItem
05-29-23_15-39-18-366 - creating new storage for: loading:True - isMe:True - 120704532089220284[120704532089220284] - AutomaticRifleItem
05-29-23_15-39-18-576 - retrived storage for: loading:False - 120704532089220284[120704532089220284] - AutomaticRifleItem
05-29-23_15-39-18-577 - retrived storage for: loading:False - 120704532089220284[120704532089220284] - AutomaticRifleItem
05-29-23_15-39-20-032 - creating new storage for: loading:True - isMe:True - 75555300294121538[75555300294121538] - RapidFireAutomaticRifleItem
05-29-23_15-39-20-260 - retrived storage for: loading:False - 75555300294121538[75555300294121538] - RapidFireAutomaticRifleItem
05-29-23_15-39-20-260 - retrived storage for: loading:False - 75555300294121538[75555300294121538] - RapidFireAutomaticRifleItem
05-29-23_15-39-21-701 - creating new storage for: loading:True - isMe:True - 77230067998527255[77230067998527255] - RapidFireAutomaticRifleItem
05-29-23_15-39-21-956 - retrived storage for: loading:False - 77230067998527255[77230067998527255] - RapidFireAutomaticRifleItem
05-29-23_15-39-21-956 - retrived storage for: loading:False - 77230067998527255[77230067998527255] - RapidFireAutomaticRifleItem
05-29-23_15-39-23-368 - creating new storage for: loading:True - isMe:True - 136926742150925934[136926742150925934] - AutomaticRifleItem
05-29-23_15-39-23-629 - retrived storage for: loading:False - 136926742150925934[136926742150925934] - AutomaticRifleItem
05-29-23_15-39-23-629 - retrived storage for: loading:False - 136926742150925934[136926742150925934] - AutomaticRifleItem
05-29-23_15-39-38-647 - Running in unsupported mode, certain features and blocks will not work as intended and may crash or become non-functional
05-29-23_15-39-38-647 - Incompatible weapons: LWTS_LargeMissileTurretT5, LWTS_LargeMissileTurretT4, 
05-29-23_16-00-50-269 - Running in unsupported mode, certain features and blocks will not work as intended and may crash or become non-functional
05-29-23_16-00-50-269 - Incompatible weapons: LWTS_LargeGatlingTurretT2, LWTS_LargeGatlingTurretT3, 
05-29-23_16-01-00-566 - Running in unsupported mode, certain features and blocks will not work as intended and may crash or become non-functional
05-29-23_16-01-00-566 - Incompatible weapons: LWTS_LargeMissileTurretT3, LWTS_LargeGatlingTurretT3, LWTS_LargeGatlingTurretT2, 
05-29-23_16-07-50-675 - Running in unsupported mode, certain features and blocks will not work as intended and may crash or become non-functional
05-29-23_16-07-50-675 - Incompatible weapons: LWTS_LargeGatlingTurretT3, 
05-29-23_16-09-53-817 - creating new storage for: loading:True - isMe:True - 97877236169284477[97877236169284477] - RapidFireAutomaticRifleItem
05-29-23_16-09-55-484 - creating new storage for: loading:True - isMe:True - 114203330566947173[114203330566947173] - RapidFireAutomaticRifleItem
05-29-23_16-09-57-164 - creating new storage for: loading:True - isMe:True - 139054632363277168[139054632363277168] - RapidFireAutomaticRifleItem
05-29-23_16-09-58-818 - creating new storage for: loading:True - isMe:True - 91987851400041298[91987851400041298] - RapidFireAutomaticRifleItem
05-29-23_16-10-05-360 - retrived storage for: loading:False - 114203330566947173[114203330566947173] - RapidFireAutomaticRifleItem
05-29-23_16-10-14-173 - retrived storage for: loading:False - 91987851400041298[91987851400041298] - RapidFireAutomaticRifleItem
05-29-23_16-10-26-174 - retrived storage for: loading:False - 139054632363277168[139054632363277168] - RapidFireAutomaticRifleItem
05-29-23_16-10-27-256 - retrived storage for: loading:False - 97877236169284477[97877236169284477] - RapidFireAutomaticRifleItem
05-29-23_16-11-11-362 - Running in unsupported mode, certain features and blocks will not work as intended and may crash or become non-functional
05-29-23_16-11-11-362 - Incompatible weapons: LWTS_LargeGatlingTurretT5, LWTS_LargeMissileTurretT3, LWTS_LargeGatlingTurretT4, 
05-29-23_16-14-46-023 - Running in unsupported mode, certain features and blocks will not work as intended and may crash or become non-functional
05-29-23_16-14-46-023 - Incompatible weapons: LWTS_LargeGatlingTurretT5, 
05-29-23_16-16-25-768 - Running in unsupported mode, certain features and blocks will not work as intended and may crash or become non-functional
05-29-23_16-16-25-768 - Incompatible weapons: smallBlockMissileLauncherT3, SmallGatlingGunT4, 
05-29-23_16-19-56-232 - Running in unsupported mode, certain features and blocks will not work as intended and may crash or become non-functional
05-29-23_16-19-56-232 - Incompatible weapons: LWTS_LargeGatlingTurretT5, LWTS_LargeMissileTurretT2, 
05-29-23_16-24-46-299 - Running in unsupported mode, certain features and blocks will not work as intended and may crash or become non-functional
05-29-23_16-24-46-299 - Incompatible weapons: LWTS_LargeMissileTurretT3, LWTS_LargeGatlingTurretT5, 
05-29-23_16-45-38-619 - Running in unsupported mode, certain features and blocks will not work as intended and may crash or become non-functional
05-29-23_16-45-38-619 - Incompatible weapons: LWTS_SmallMissileTurretT4, 
05-29-23_16-47-00-420 - creating new storage for: loading:True - isMe:True - 95477848890894010[95477848890894010] - UltimateAutomaticRifleItem
05-29-23_16-47-04-561 - retrived storage for: loading:False - 95477848890894010[95477848890894010] - UltimateAutomaticRifleItem
05-29-23_16-47-58-753 - creating new storage for: loading:True - isMe:True - 143140473500653545[143140473500653545] - FullAutoPistolItem
05-29-23_16-47-58-819 - retrived storage for: loading:False - 143140473500653545[143140473500653545] - FullAutoPistolItem
05-29-23_16-47-58-819 - retrived storage for: loading:False - 143140473500653545[143140473500653545] - FullAutoPistolItem
05-29-23_16-53-07-455 - Running in unsupported mode, certain features and blocks will not work as intended and may crash or become non-functional
05-29-23_16-53-07-455 - Incompatible weapons: LWTS_LargeMissileTurretT4, LWTS_LargeMissileTurretT3, LWTS_LargeGatlingTurretT3, 
05-29-23_16-53-17-472 - Running in unsupported mode, certain features and blocks will not work as intended and may crash or become non-functional
05-29-23_16-53-17-472 - Incompatible weapons: LWTS_LargeGatlingTurretT5, LWTS_LargeMissileTurretT5, LWTS_LargeGatlingTurretT2, 
05-29-23_16-58-51-548 - Running in unsupported mode, certain features and blocks will not work as intended and may crash or become non-functional
05-29-23_16-58-51-548 - Incompatible weapons: LWTS_SmallGatlingTurretT3, 
05-29-23_17-00-00-805 - creating new storage for: loading:True - isMe:True - 118722621434666578[118722621434666578] - ElitePistolItem
05-29-23_17-00-00-867 - retrived storage for: loading:False - 118722621434666578[118722621434666578] - ElitePistolItem
05-29-23_17-00-00-867 - retrived storage for: loading:False - 118722621434666578[118722621434666578] - ElitePistolItem
05-29-23_17-00-37-750 - Running in unsupported mode, certain features and blocks will not work as intended and may crash or become non-functional
05-29-23_17-00-37-750 - Incompatible weapons: LWTS_LargeGatlingTurretT2, 
05-29-23_17-05-48-371 - Running in unsupported mode, certain features and blocks will not work as intended and may crash or become non-functional
05-29-23_17-05-48-371 - Incompatible weapons: LWTS_LargeMissileTurretT3, LWTS_LargeMissileTurretT4, 
05-29-23_17-07-53-357 - creating new storage for: loading:True - isMe:True - 86527950098323819[86527950098323819] - SemiAutoPistolItem
05-29-23_17-07-54-999 - creating new storage for: loading:True - isMe:True - 120725492336756477[120725492336756477] - SemiAutoPistolItem
05-29-23_17-07-56-094 - retrived storage for: loading:False - 86527950098323819[86527950098323819] - SemiAutoPistolItem
05-29-23_17-07-57-766 - retrived storage for: loading:False - 120725492336756477[120725492336756477] - SemiAutoPistolItem
05-29-23_17-15-18-986 - Running in unsupported mode, certain features and blocks will not work as intended and may crash or become non-functional
05-29-23_17-15-18-986 - Incompatible weapons: LWTS_LargeGatlingTurretT4, LWTS_LargeMissileTurretT3, 
05-29-23_17-21-07-131 - creating new storage for: loading:True - isMe:True - 92527288332162697[92527288332162697] - RapidFireAutomaticRifleItem
05-29-23_17-22-34-743 - retrived storage for: loading:False - 92527288332162697[92527288332162697] - RapidFireAutomaticRifleItem
05-29-23_17-22-34-743 - retrived storage for: loading:False - 92527288332162697[92527288332162697] - RapidFireAutomaticRifleItem
05-29-23_17-23-27-998 - retrived storage for: loading:True - 0[85839870083539957] - RapidFireAutomaticRifleItem
05-29-23_17-24-09-431 - Running in unsupported mode, certain features and blocks will not work as intended and may crash or become non-functional
05-29-23_17-24-09-431 - Incompatible weapons: LWTS_LargeMissileTurretT4, LWTS_LargeGatlingTurretT3, 
05-29-23_17-24-36-419 - retrived storage for: loading:False - 0[85839870083539957] - RapidFireAutomaticRifleItem
05-29-23_17-24-36-419 - ammoStorage skipping: RapidFireAutomaticRifleItem[0] not active entity: RapidFireAutomaticRifleItem[85839870083539957]
05-29-23_17-24-36-419 - retrived storage for: loading:False - 0[85839870083539957] - RapidFireAutomaticRifleItem
05-29-23_17-24-36-419 - ammoStorage skipping: RapidFireAutomaticRifleItem[0] not active entity: RapidFireAutomaticRifleItem[85839870083539957]
05-29-23_17-28-59-974 - retrived storage for: loading:True - 0[106145295172782493] - RapidFireAutomaticRifleItem
05-29-23_17-29-10-623 - retrived storage for: loading:False - 0[106145295172782493] - RapidFireAutomaticRifleItem
05-29-23_17-29-10-623 - ammoStorage skipping: RapidFireAutomaticRifleItem[0] not active entity: RapidFireAutomaticRifleItem[106145295172782493]
05-29-23_17-29-49-524 - Running in unsupported mode, certain features and blocks will not work as intended and may crash or become non-functional
05-29-23_17-29-49-524 - Incompatible weapons: LWTS_LargeMissileTurretT5, 
05-29-23_17-31-17-550 - creating new storage for: loading:True - isMe:True - 101786117002595442[101786117002595442] - RapidFireAutomaticRifleItem
05-29-23_17-31-17-614 - retrived storage for: loading:False - 101786117002595442[101786117002595442] - RapidFireAutomaticRifleItem
05-29-23_17-31-17-615 - retrived storage for: loading:False - 101786117002595442[101786117002595442] - RapidFireAutomaticRifleItem
05-29-23_17-31-19-222 - creating new storage for: loading:True - isMe:True - 123082823987934852[123082823987934852] - RapidFireAutomaticRifleItem
05-29-23_17-31-19-292 - retrived storage for: loading:False - 123082823987934852[123082823987934852] - RapidFireAutomaticRifleItem
05-29-23_17-31-19-292 - retrived storage for: loading:False - 123082823987934852[123082823987934852] - RapidFireAutomaticRifleItem
05-29-23_17-31-20-875 - creating new storage for: loading:True - isMe:True - 126563983537166808[126563983537166808] - AutomaticRifleItem
05-29-23_17-31-20-975 - retrived storage for: loading:False - 126563983537166808[126563983537166808] - AutomaticRifleItem
05-29-23_17-31-20-975 - retrived storage for: loading:False - 126563983537166808[126563983537166808] - AutomaticRifleItem
05-29-23_17-31-22-552 - creating new storage for: loading:True - isMe:True - 121155295099070721[121155295099070721] - AutomaticRifleItem
05-29-23_17-31-22-658 - retrived storage for: loading:False - 121155295099070721[121155295099070721] - AutomaticRifleItem
05-29-23_17-31-22-658 - retrived storage for: loading:False - 121155295099070721[121155295099070721] - AutomaticRifleItem
05-29-23_17-31-24-213 - creating new storage for: loading:True - isMe:True - 126812103125436244[126812103125436244] - RapidFireAutomaticRifleItem
05-29-23_17-31-24-342 - retrived storage for: loading:False - 126812103125436244[126812103125436244] - RapidFireAutomaticRifleItem
05-29-23_17-31-24-342 - retrived storage for: loading:False - 126812103125436244[126812103125436244] - RapidFireAutomaticRifleItem
05-29-23_17-31-25-875 - creating new storage for: loading:True - isMe:True - 72267181585785880[72267181585785880] - AutomaticRifleItem
05-29-23_17-31-26-025 - retrived storage for: loading:False - 72267181585785880[72267181585785880] - AutomaticRifleItem
05-29-23_17-31-26-025 - retrived storage for: loading:False - 72267181585785880[72267181585785880] - AutomaticRifleItem
05-29-23_17-31-27-560 - creating new storage for: loading:True - isMe:True - 99556303656341074[99556303656341074] - AutomaticRifleItem
05-29-23_17-31-27-708 - retrived storage for: loading:False - 99556303656341074[99556303656341074] - AutomaticRifleItem
05-29-23_17-31-27-708 - retrived storage for: loading:False - 99556303656341074[99556303656341074] - AutomaticRifleItem
05-29-23_17-31-29-219 - creating new storage for: loading:True - isMe:True - 83269541701979540[83269541701979540] - AutomaticRifleItem
05-29-23_17-31-29-396 - retrived storage for: loading:False - 83269541701979540[83269541701979540] - AutomaticRifleItem
05-29-23_17-31-29-396 - retrived storage for: loading:False - 83269541701979540[83269541701979540] - AutomaticRifleItem
05-29-23_17-31-30-875 - creating new storage for: loading:True - isMe:True - 129975497545878902[129975497545878902] - RapidFireAutomaticRifleItem
05-29-23_17-31-31-090 - retrived storage for: loading:False - 129975497545878902[129975497545878902] - RapidFireAutomaticRifleItem
05-29-23_17-31-31-090 - retrived storage for: loading:False - 129975497545878902[129975497545878902] - RapidFireAutomaticRifleItem
05-29-23_17-31-32-542 - creating new storage for: loading:True - isMe:True - 137780503595701960[137780503595701960] - AutomaticRifleItem
05-29-23_17-31-32-758 - retrived storage for: loading:False - 137780503595701960[137780503595701960] - AutomaticRifleItem
05-29-23_17-31-32-759 - retrived storage for: loading:False - 137780503595701960[137780503595701960] - AutomaticRifleItem
05-29-23_17-31-34-219 - creating new storage for: loading:True - isMe:True - 91107171458107890[91107171458107890] - AutomaticRifleItem
05-29-23_17-31-34-441 - retrived storage for: loading:False - 91107171458107890[91107171458107890] - AutomaticRifleItem
05-29-23_17-31-34-441 - retrived storage for: loading:False - 91107171458107890[91107171458107890] - AutomaticRifleItem
05-29-23_17-31-35-876 - creating new storage for: loading:True - isMe:True - 81861579102971810[81861579102971810] - RapidFireAutomaticRifleItem
05-29-23_17-31-36-128 - retrived storage for: loading:False - 81861579102971810[81861579102971810] - RapidFireAutomaticRifleItem
05-29-23_17-31-36-128 - retrived storage for: loading:False - 81861579102971810[81861579102971810] - RapidFireAutomaticRifleItem
05-29-23_17-31-37-549 - creating new storage for: loading:True - isMe:True - 131336646867959243[131336646867959243] - RapidFireAutomaticRifleItem
05-29-23_17-31-37-809 - retrived storage for: loading:False - 131336646867959243[131336646867959243] - RapidFireAutomaticRifleItem
05-29-23_17-31-37-809 - retrived storage for: loading:False - 131336646867959243[131336646867959243] - RapidFireAutomaticRifleItem
05-29-23_17-34-51-129 - creating new storage for: loading:True - isMe:True - 109841836306564983[109841836306564983] - ElitePistolItem
05-29-23_17-34-51-180 - retrived storage for: loading:False - 109841836306564983[109841836306564983] - ElitePistolItem
05-29-23_17-34-51-180 - retrived storage for: loading:False - 109841836306564983[109841836306564983] - ElitePistolItem
05-29-23_17-34-52-102 - retrived storage for: loading:True - 0[116861273903840265] - ElitePistolItem
05-29-23_17-34-52-780 - creating new storage for: loading:True - isMe:True - 139748910691649495[139748910691649495] - UltimateAutomaticRifleItem
05-29-23_17-34-52-854 - retrived storage for: loading:False - 0[116861273903840265] - ElitePistolItem
05-29-23_17-34-52-854 - ammoStorage skipping: ElitePistolItem[0] not active entity: ElitePistolItem[116861273903840265]
05-29-23_17-34-52-854 - retrived storage for: loading:False - 0[116861273903840265] - ElitePistolItem
05-29-23_17-34-52-854 - ammoStorage skipping: ElitePistolItem[0] not active entity: ElitePistolItem[116861273903840265]
05-29-23_17-34-58-758 - retrived storage for: loading:True - 0[102450235659528111] - ElitePistolItem
05-29-23_17-36-12-852 - Running in unsupported mode, certain features and blocks will not work as intended and may crash or become non-functional
05-29-23_17-36-12-852 - Incompatible weapons: smallBlockMissileLauncherT4, LWTS_SmallGatlingTurretT5, 
05-29-23_17-40-19-597 - retrived storage for: loading:False - 139748910691649495[139748910691649495] - UltimateAutomaticRifleItem
05-29-23_17-45-10-401 - Running in unsupported mode, certain features and blocks will not work as intended and may crash or become non-functional
05-29-23_17-45-10-401 - Incompatible weapons: LWTS_LargeMissileTurretT5, LWTS_LargeMissileTurretT3, LWTS_LargeMissileTurretT2, 
05-29-23_17-52-38-623 - Running in unsupported mode, certain features and blocks will not work as intended and may crash or become non-functional
05-29-23_17-52-38-623 - Incompatible weapons: SmallGatlingGunT2, smallBlockMissileLauncherT2, smallBlockMissileLauncherT3, SmallGatlingGunT3, LWTS_SmallMissileTurretT2, 
05-29-23_17-52-38-707 - creating new storage for: loading:True - isMe:True - 117968496206233859[117968496206233859] - SemiAutoPistolItem
05-29-23_17-52-38-777 - retrived storage for: loading:False - 117968496206233859[117968496206233859] - SemiAutoPistolItem
05-29-23_17-52-38-777 - retrived storage for: loading:False - 117968496206233859[117968496206233859] - SemiAutoPistolItem
05-29-23_17-52-42-052 - creating new storage for: loading:True - isMe:True - 88464914500513685[88464914500513685] - SemiAutoPistolItem
05-29-23_17-52-42-132 - retrived storage for: loading:False - 88464914500513685[88464914500513685] - SemiAutoPistolItem
05-29-23_17-52-42-132 - retrived storage for: loading:False - 88464914500513685[88464914500513685] - SemiAutoPistolItem
05-29-23_17-55-31-143 - Running in unsupported mode, certain features and blocks will not work as intended and may crash or become non-functional
05-29-23_17-55-31-143 - Incompatible weapons: LWTS_LargeMissileTurretT5, LWTS_LargeGatlingTurretT5, 
05-29-23_17-56-27-653 - creating new storage for: loading:True - isMe:True - 103633419795388239[103633419795388239] - FullAutoPistolItem
05-29-23_17-56-27-737 - retrived storage for: loading:False - 103633419795388239[103633419795388239] - FullAutoPistolItem
05-29-23_17-56-27-738 - retrived storage for: loading:False - 103633419795388239[103633419795388239] - FullAutoPistolItem
05-29-23_17-56-51-261 - Running in unsupported mode, certain features and blocks will not work as intended and may crash or become non-functional
05-29-23_17-56-51-261 - Incompatible weapons: LWTS_LargeMissileTurretT2, LWTS_LargeGatlingTurretT3, 
05-29-23_18-00-04-655 - creating new storage for: loading:True - isMe:True - 140666465305768573[140666465305768573] - AutomaticRifleItem
05-29-23_18-00-04-729 - retrived storage for: loading:False - 140666465305768573[140666465305768573] - AutomaticRifleItem
05-29-23_18-00-04-729 - retrived storage for: loading:False - 140666465305768573[140666465305768573] - AutomaticRifleItem
05-29-23_18-00-06-317 - creating new storage for: loading:True - isMe:True - 118171905500817538[118171905500817538] - AutomaticRifleItem
05-29-23_18-00-06-400 - retrived storage for: loading:False - 118171905500817538[118171905500817538] - AutomaticRifleItem
05-29-23_18-00-06-400 - retrived storage for: loading:False - 118171905500817538[118171905500817538] - AutomaticRifleItem
05-29-23_18-00-07-982 - creating new storage for: loading:True - isMe:True - 97272014043673425[97272014043673425] - RapidFireAutomaticRifleItem
05-29-23_18-00-08-078 - retrived storage for: loading:False - 97272014043673425[97272014043673425] - RapidFireAutomaticRifleItem
05-29-23_18-00-08-078 - retrived storage for: loading:False - 97272014043673425[97272014043673425] - RapidFireAutomaticRifleItem
05-29-23_18-00-09-736 - creating new storage for: loading:True - isMe:True - 74129464767210163[74129464767210163] - AutomaticRifleItem
05-29-23_18-00-09-850 - retrived storage for: loading:False - 74129464767210163[74129464767210163] - AutomaticRifleItem
05-29-23_18-00-09-850 - retrived storage for: loading:False - 74129464767210163[74129464767210163] - AutomaticRifleItem
05-29-23_18-00-11-398 - creating new storage for: loading:True - isMe:True - 118740194811220121[118740194811220121] - RapidFireAutomaticRifleItem
05-29-23_18-00-11-532 - retrived storage for: loading:False - 118740194811220121[118740194811220121] - RapidFireAutomaticRifleItem
05-29-23_18-00-11-533 - retrived storage for: loading:False - 118740194811220121[118740194811220121] - RapidFireAutomaticRifleItem
05-29-23_18-00-13-066 - creating new storage for: loading:True - isMe:True - 95695184232644646[95695184232644646] - RapidFireAutomaticRifleItem
05-29-23_18-00-13-215 - retrived storage for: loading:False - 95695184232644646[95695184232644646] - RapidFireAutomaticRifleItem
05-29-23_18-00-13-215 - retrived storage for: loading:False - 95695184232644646[95695184232644646] - RapidFireAutomaticRifleItem
05-29-23_18-00-14-746 - creating new storage for: loading:True - isMe:True - 109032076841429204[109032076841429204] - AutomaticRifleItem
05-29-23_18-00-14-905 - retrived storage for: loading:False - 109032076841429204[109032076841429204] - AutomaticRifleItem
05-29-23_18-00-14-905 - retrived storage for: loading:False - 109032076841429204[109032076841429204] - AutomaticRifleItem
05-29-23_18-00-16-402 - creating new storage for: loading:True - isMe:True - 84979549860335256[84979549860335256] - RapidFireAutomaticRifleItem
05-29-23_18-00-16-581 - retrived storage for: loading:False - 84979549860335256[84979549860335256] - RapidFireAutomaticRifleItem
05-29-23_18-00-16-581 - retrived storage for: loading:False - 84979549860335256[84979549860335256] - RapidFireAutomaticRifleItem
05-29-23_18-00-16-955 - Running in unsupported mode, certain features and blocks will not work as intended and may crash or become non-functional
05-29-23_18-00-16-956 - Incompatible weapons: SmallGatlingGunT5, 
05-29-23_18-00-18-066 - creating new storage for: loading:True - isMe:True - 98553248805441241[98553248805441241] - AutomaticRifleItem
05-29-23_18-00-18-264 - retrived storage for: loading:False - 98553248805441241[98553248805441241] - AutomaticRifleItem
05-29-23_18-00-18-265 - retrived storage for: loading:False - 98553248805441241[98553248805441241] - AutomaticRifleItem
05-29-23_18-00-19-749 - creating new storage for: loading:True - isMe:True - 87214295499464533[87214295499464533] - RapidFireAutomaticRifleItem
05-29-23_18-00-19-947 - retrived storage for: loading:False - 87214295499464533[87214295499464533] - RapidFireAutomaticRifleItem
05-29-23_18-00-19-947 - retrived storage for: loading:False - 87214295499464533[87214295499464533] - RapidFireAutomaticRifleItem
05-29-23_18-00-21-415 - creating new storage for: loading:True - isMe:True - 108528994966879662[108528994966879662] - AutomaticRifleItem
05-29-23_18-00-21-632 - retrived storage for: loading:False - 108528994966879662[108528994966879662] - AutomaticRifleItem
05-29-23_18-00-21-633 - retrived storage for: loading:False - 108528994966879662[108528994966879662] - AutomaticRifleItem
05-29-23_18-00-23-066 - creating new storage for: loading:True - isMe:True - 72571007827330489[72571007827330489] - AutomaticRifleItem
05-29-23_18-00-23-326 - retrived storage for: loading:False - 72571007827330489[72571007827330489] - AutomaticRifleItem
05-29-23_18-00-23-327 - retrived storage for: loading:False - 72571007827330489[72571007827330489] - AutomaticRifleItem
05-29-23_18-00-24-749 - creating new storage for: loading:True - isMe:True - 115272590282721047[115272590282721047] - RapidFireAutomaticRifleItem
05-29-23_18-00-24-998 - retrived storage for: loading:False - 115272590282721047[115272590282721047] - RapidFireAutomaticRifleItem
05-29-23_18-00-24-998 - retrived storage for: loading:False - 115272590282721047[115272590282721047] - RapidFireAutomaticRifleItem
05-29-23_18-00-26-399 - creating new storage for: loading:True - isMe:True - 102655145988208592[102655145988208592] - AutomaticRifleItem
05-29-23_18-00-26-466 - retrived storage for: loading:False - 102655145988208592[102655145988208592] - AutomaticRifleItem
05-29-23_18-00-26-466 - retrived storage for: loading:False - 102655145988208592[102655145988208592] - AutomaticRifleItem
05-29-23_18-00-28-074 - creating new storage for: loading:True - isMe:True - 96656300101489735[96656300101489735] - RapidFireAutomaticRifleItem
05-29-23_18-00-28-148 - retrived storage for: loading:False - 96656300101489735[96656300101489735] - RapidFireAutomaticRifleItem
05-29-23_18-00-28-148 - retrived storage for: loading:False - 96656300101489735[96656300101489735] - RapidFireAutomaticRifleItem
05-29-23_18-00-47-693 - retrived storage for: loading:True - 0[81935584383844006] - RapidFireAutomaticRifleItem
05-29-23_18-01-13-732 - retrived storage for: loading:True - 0[84055900143293814] - AutomaticRifleItem
05-29-23_18-02-09-984 - retrived storage for: loading:False - 0[81935584383844006] - RapidFireAutomaticRifleItem
05-29-23_18-02-09-984 - ammoStorage skipping: RapidFireAutomaticRifleItem[0] not active entity: RapidFireAutomaticRifleItem[81935584383844006]
05-29-23_18-04-58-739 - Running in unsupported mode, certain features and blocks will not work as intended and may crash or become non-functional
05-29-23_18-04-58-739 - Incompatible weapons: SmallGatlingGunT3, SmallGatlingGunT2, 
05-29-23_18-05-36-088 - ServerActiveControlUpdate: ai:False - targetingAi:False - masterAi:False - playerId:0(76561197993405115) - marked:False(False) - active:True - inTopMap:True - controlName:128942259732839719 (MyCockpit, 128942259732839719)
05-29-23_18-05-49-063 - ServerActiveControlUpdate: ai:False - targetingAi:False - masterAi:False - playerId:0(76561197993405115) - marked:False(False) - active:False - inTopMap:True - controlName:128942259732839719 (MyCockpit, 128942259732839719)
05-29-23_18-06-28-116 - retrived storage for: loading:False - 0[102450235659528111] - ElitePistolItem
05-29-23_18-06-28-116 - ammoStorage skipping: ElitePistolItem[0] not active entity: ElitePistolItem[102450235659528111]
