06-01-23_19-50-27-782 - Logging Started
19-54-00-219 - (NINFO) - <ActiveControlUpdate> packets:[1] dataTransfer:[26] validPackets:[1] invalidPackets:[0] serverReceive:[1(True)] clientReceive:[0] unknownReceive:[0]
19-54-00-219 - (NINFO) - <ClientAiAdd> packets:[7] dataTransfer:[154] validPackets:[7] invalidPackets:[0] serverReceive:[7(True)] clientReceive:[0] unknownReceive:[0]
19-55-00-333 - (NINFO) - <ActiveControlUpdate> packets:[1] dataTransfer:[26] validPackets:[1] invalidPackets:[0] serverReceive:[1(True)] clientReceive:[0] unknownReceive:[0]
19-55-00-333 - (NINFO) - <ClientAiAdd> packets:[2] dataTransfer:[44] validPackets:[2] invalidPackets:[0] serverReceive:[2(True)] clientReceive:[0] unknownReceive:[0]
19-59-00-438 - (NINFO) - <ClientAiAdd> packets:[1] dataTransfer:[22] validPackets:[1] invalidPackets:[0] serverReceive:[1(True)] clientReceive:[0] unknownReceive:[0]
20-12-02-714 - (NINFO) - <ClientAiRemove> packets:[1] dataTransfer:[22] validPackets:[1] invalidPackets:[0] serverReceive:[1(True)] clientReceive:[0] unknownReceive:[0]
20-14-02-856 - (NINFO) - <ClientAiAdd> packets:[1] dataTransfer:[22] validPackets:[1] invalidPackets:[0] serverReceive:[1(True)] clientReceive:[0] unknownReceive:[0]
20-44-04-011 - (NINFO) - <ClientAiAdd> packets:[1] dataTransfer:[22] validPackets:[1] invalidPackets:[0] serverReceive:[1(True)] clientReceive:[0] unknownReceive:[0]
20-50-04-131 - (NINFO) - <ClientAiRemove> packets:[1] dataTransfer:[22] validPackets:[1] invalidPackets:[0] serverReceive:[1(True)] clientReceive:[0] unknownReceive:[0]
20-58-04-322 - (NINFO) - <ClientAiAdd> packets:[1] dataTransfer:[22] validPackets:[1] invalidPackets:[0] serverReceive:[1(True)] clientReceive:[0] unknownReceive:[0]
21-09-04-614 - (NINFO) - <ClientAiRemove> packets:[1] dataTransfer:[22] validPackets:[1] invalidPackets:[0] serverReceive:[1(True)] clientReceive:[0] unknownReceive:[0]
21-21-04-782 - (NINFO) - <ActiveControlUpdate> packets:[1] dataTransfer:[26] validPackets:[1] invalidPackets:[0] serverReceive:[1(True)] clientReceive:[0] unknownReceive:[0]
21-24-04-889 - (NINFO) - <ActiveControlUpdate> packets:[1] dataTransfer:[26] validPackets:[1] invalidPackets:[0] serverReceive:[1(True)] clientReceive:[0] unknownReceive:[0]
21-30-05-069 - (NINFO) - <ActiveControlUpdate> packets:[1] dataTransfer:[26] validPackets:[1] invalidPackets:[0] serverReceive:[1(True)] clientReceive:[0] unknownReceive:[0]
21-30-05-069 - (NINFO) - <ClientAiAdd> packets:[4] dataTransfer:[88] validPackets:[4] invalidPackets:[0] serverReceive:[4(True)] clientReceive:[0] unknownReceive:[0]
21-31-05-050 - (NINFO) - <ActiveControlUpdate> packets:[1] dataTransfer:[26] validPackets:[1] invalidPackets:[0] serverReceive:[1(True)] clientReceive:[0] unknownReceive:[0]
21-31-05-050 - (NINFO) - <ClientAiAdd> packets:[1] dataTransfer:[22] validPackets:[1] invalidPackets:[0] serverReceive:[1(True)] clientReceive:[0] unknownReceive:[0]
21-35-05-159 - (NINFO) - <ClientAiAdd> packets:[1] dataTransfer:[22] validPackets:[1] invalidPackets:[0] serverReceive:[1(True)] clientReceive:[0] unknownReceive:[0]
21-48-05-527 - (NINFO) - <ClientAiRemove> packets:[1] dataTransfer:[22] validPackets:[1] invalidPackets:[0] serverReceive:[1(True)] clientReceive:[0] unknownReceive:[0]
21-49-05-535 - (NINFO) - <ClientAiAdd> packets:[1] dataTransfer:[22] validPackets:[1] invalidPackets:[0] serverReceive:[1(True)] clientReceive:[0] unknownReceive:[0]
21-50-05-536 - (NINFO) - <TerminalMonitor> packets:[38] dataTransfer:[1026] validPackets:[38] invalidPackets:[0] serverReceive:[38(True)] clientReceive:[0] unknownReceive:[0]
22-06-06-316 - (NINFO) - <ClientAiAdd> packets:[2] dataTransfer:[44] validPackets:[2] invalidPackets:[0] serverReceive:[2(True)] clientReceive:[0] unknownReceive:[0]
22-06-06-316 - (NINFO) - <ClientAiRemove> packets:[1] dataTransfer:[22] validPackets:[1] invalidPackets:[0] serverReceive:[1(True)] clientReceive:[0] unknownReceive:[0]
22-27-07-234 - (NINFO) - <ActiveControlUpdate> packets:[1] dataTransfer:[26] validPackets:[1] invalidPackets:[0] serverReceive:[1(True)] clientReceive:[0] unknownReceive:[0]
22-27-07-234 - (NINFO) - <ReticleUpdate> packets:[12] dataTransfer:[312] validPackets:[12] invalidPackets:[0] serverReceive:[12(True)] clientReceive:[0] unknownReceive:[0]
22-29-07-333 - (NINFO) - <ActiveControlUpdate> packets:[2] dataTransfer:[52] validPackets:[2] invalidPackets:[0] serverReceive:[2(True)] clientReceive:[0] unknownReceive:[0]
22-29-07-333 - (NINFO) - <ReticleUpdate> packets:[42] dataTransfer:[1092] validPackets:[42] invalidPackets:[0] serverReceive:[42(True)] clientReceive:[0] unknownReceive:[0]
22-30-07-324 - (NINFO) - <ReticleUpdate> packets:[46] dataTransfer:[1196] validPackets:[46] invalidPackets:[0] serverReceive:[46(True)] clientReceive:[0] unknownReceive:[0]
22-31-07-328 - (NINFO) - <ReticleUpdate> packets:[14] dataTransfer:[364] validPackets:[14] invalidPackets:[0] serverReceive:[14(True)] clientReceive:[0] unknownReceive:[0]
22-32-07-324 - (NINFO) - <ReticleUpdate> packets:[54] dataTransfer:[1404] validPackets:[54] invalidPackets:[0] serverReceive:[54(True)] clientReceive:[0] unknownReceive:[0]
22-32-07-324 - (NINFO) - <ClientReady> packets:[2] dataTransfer:[54] validPackets:[2] invalidPackets:[0] serverReceive:[2(True)] clientReceive:[0] unknownReceive:[0]
22-33-07-526 - (NINFO) - <ReticleUpdate> packets:[20] dataTransfer:[520] validPackets:[20] invalidPackets:[0] serverReceive:[20(True)] clientReceive:[0] unknownReceive:[0]
22-33-07-526 - (NINFO) - <ClientAiAdd> packets:[8] dataTransfer:[176] validPackets:[8] invalidPackets:[0] serverReceive:[8(True)] clientReceive:[0] unknownReceive:[0]
22-33-07-526 - (NINFO) - <ClientAiRemove> packets:[1] dataTransfer:[22] validPackets:[1] invalidPackets:[0] serverReceive:[1(True)] clientReceive:[0] unknownReceive:[0]
22-34-07-522 - (NINFO) - <ReticleUpdate> packets:[24] dataTransfer:[624] validPackets:[24] invalidPackets:[0] serverReceive:[24(True)] clientReceive:[0] unknownReceive:[0]
22-34-07-522 - (NINFO) - <ClientAiAdd> packets:[1] dataTransfer:[22] validPackets:[1] invalidPackets:[0] serverReceive:[1(True)] clientReceive:[0] unknownReceive:[0]
22-34-07-522 - (NINFO) - <ClientAiRemove> packets:[4] dataTransfer:[88] validPackets:[4] invalidPackets:[0] serverReceive:[4(True)] clientReceive:[0] unknownReceive:[0]
22-34-29-059 - [PaintedTargetUpdate - PacketError] - Ai not found, is marked:False, has root:True: False - 
22-34-29-059 - [PaintedTargetUpdate - PacketError] - Ai not found, is marked:False, has root:True: False - 
22-35-07-512 - (NINFO) - <PaintedTargetUpdate> packets:[1] dataTransfer:[44] validPackets:[0] invalidPackets:[1] serverReceive:[1(True)] clientReceive:[0] unknownReceive:[0]
22-35-07-512 - (NINFO) - <ReticleUpdate> packets:[12] dataTransfer:[312] validPackets:[12] invalidPackets:[0] serverReceive:[12(True)] clientReceive:[0] unknownReceive:[0]
22-35-07-512 - (NINFO) - <ReleaseActiveUpdate> packets:[10] dataTransfer:[280] validPackets:[10] invalidPackets:[0] serverReceive:[10(True)] clientReceive:[0] unknownReceive:[0]
22-36-07-523 - (NINFO) - <ReticleUpdate> packets:[42] dataTransfer:[1092] validPackets:[42] invalidPackets:[0] serverReceive:[42(True)] clientReceive:[0] unknownReceive:[0]
22-36-07-523 - (NINFO) - <ClientAiAdd> packets:[3] dataTransfer:[66] validPackets:[3] invalidPackets:[0] serverReceive:[3(True)] clientReceive:[0] unknownReceive:[0]
22-36-07-523 - (NINFO) - <TerminalMonitor> packets:[64] dataTransfer:[1728] validPackets:[64] invalidPackets:[0] serverReceive:[64(True)] clientReceive:[0] unknownReceive:[0]
22-36-07-523 - (NINFO) - <ShootSync> packets:[38] dataTransfer:[1190] validPackets:[38] invalidPackets:[0] serverReceive:[38(True)] clientReceive:[0] unknownReceive:[0]
22-36-07-523 - (NINFO) - <ClientReady> packets:[4] dataTransfer:[108] validPackets:[4] invalidPackets:[0] serverReceive:[4(True)] clientReceive:[0] unknownReceive:[0]
22-37-07-520 - (NINFO) - <ReticleUpdate> packets:[110] dataTransfer:[2860] validPackets:[110] invalidPackets:[0] serverReceive:[110(True)] clientReceive:[0] unknownReceive:[0]
22-37-07-520 - (NINFO) - <ClientAiAdd> packets:[3] dataTransfer:[66] validPackets:[3] invalidPackets:[0] serverReceive:[3(True)] clientReceive:[0] unknownReceive:[0]
22-37-07-520 - (NINFO) - <ClientAiRemove> packets:[1] dataTransfer:[22] validPackets:[1] invalidPackets:[0] serverReceive:[1(True)] clientReceive:[0] unknownReceive:[0]
22-37-07-520 - (NINFO) - <TerminalMonitor> packets:[104] dataTransfer:[2808] validPackets:[104] invalidPackets:[0] serverReceive:[104(True)] clientReceive:[0] unknownReceive:[0]
22-37-07-520 - (NINFO) - <ShootSync> packets:[52] dataTransfer:[1612] validPackets:[52] invalidPackets:[0] serverReceive:[52(True)] clientReceive:[0] unknownReceive:[0]
22-38-07-654 - (NINFO) - <ReticleUpdate> packets:[22] dataTransfer:[572] validPackets:[22] invalidPackets:[0] serverReceive:[22(True)] clientReceive:[0] unknownReceive:[0]
22-38-07-654 - (NINFO) - <ClientAiRemove> packets:[1] dataTransfer:[22] validPackets:[1] invalidPackets:[0] serverReceive:[1(True)] clientReceive:[0] unknownReceive:[0]
22-39-07-670 - (NINFO) - <ReticleUpdate> packets:[32] dataTransfer:[832] validPackets:[32] invalidPackets:[0] serverReceive:[32(True)] clientReceive:[0] unknownReceive:[0]
22-39-07-670 - (NINFO) - <ClientAiAdd> packets:[3] dataTransfer:[66] validPackets:[3] invalidPackets:[0] serverReceive:[3(True)] clientReceive:[0] unknownReceive:[0]
22-39-07-670 - (NINFO) - <ClientAiRemove> packets:[4] dataTransfer:[88] validPackets:[4] invalidPackets:[0] serverReceive:[4(True)] clientReceive:[0] unknownReceive:[0]
22-39-07-670 - (NINFO) - <TerminalMonitor> packets:[12] dataTransfer:[324] validPackets:[12] invalidPackets:[0] serverReceive:[12(True)] clientReceive:[0] unknownReceive:[0]
22-39-07-670 - (NINFO) - <ShootSync> packets:[6] dataTransfer:[186] validPackets:[6] invalidPackets:[0] serverReceive:[6(True)] clientReceive:[0] unknownReceive:[0]
22-40-07-669 - (NINFO) - <ReticleUpdate> packets:[32] dataTransfer:[832] validPackets:[32] invalidPackets:[0] serverReceive:[32(True)] clientReceive:[0] unknownReceive:[0]
22-40-07-669 - (NINFO) - <ClientAiAdd> packets:[4] dataTransfer:[88] validPackets:[4] invalidPackets:[0] serverReceive:[4(True)] clientReceive:[0] unknownReceive:[0]
22-40-07-669 - (NINFO) - <ClientAiRemove> packets:[2] dataTransfer:[44] validPackets:[2] invalidPackets:[0] serverReceive:[2(True)] clientReceive:[0] unknownReceive:[0]
22-41-07-673 - (NINFO) - <ClientAiAdd> packets:[4] dataTransfer:[88] validPackets:[4] invalidPackets:[0] serverReceive:[4(True)] clientReceive:[0] unknownReceive:[0]
22-41-07-673 - (NINFO) - <ClientAiRemove> packets:[9] dataTransfer:[198] validPackets:[9] invalidPackets:[0] serverReceive:[9(True)] clientReceive:[0] unknownReceive:[0]
22-42-07-661 - (NINFO) - <OverRidesUpdate> packets:[2] dataTransfer:[76] validPackets:[2] invalidPackets:[0] serverReceive:[2(True)] clientReceive:[0] unknownReceive:[0]
22-42-07-661 - (NINFO) - <ReticleUpdate> packets:[12] dataTransfer:[312] validPackets:[12] invalidPackets:[0] serverReceive:[12(True)] clientReceive:[0] unknownReceive:[0]
22-42-07-661 - (NINFO) - <ClientAiAdd> packets:[1] dataTransfer:[22] validPackets:[1] invalidPackets:[0] serverReceive:[1(True)] clientReceive:[0] unknownReceive:[0]
22-42-07-661 - (NINFO) - <ClientAiRemove> packets:[5] dataTransfer:[110] validPackets:[5] invalidPackets:[0] serverReceive:[5(True)] clientReceive:[0] unknownReceive:[0]
22-42-07-661 - (NINFO) - <TerminalMonitor> packets:[134] dataTransfer:[3618] validPackets:[134] invalidPackets:[0] serverReceive:[134(True)] clientReceive:[0] unknownReceive:[0]
22-42-07-661 - (NINFO) - <ShootSync> packets:[67] dataTransfer:[2077] validPackets:[67] invalidPackets:[0] serverReceive:[67(True)] clientReceive:[0] unknownReceive:[0]
22-44-07-989 - (NINFO) - <ClientAiAdd> packets:[3] dataTransfer:[66] validPackets:[3] invalidPackets:[0] serverReceive:[3(True)] clientReceive:[0] unknownReceive:[0]
22-51-08-106 - (NINFO) - <ClientAiAdd> packets:[1] dataTransfer:[22] validPackets:[1] invalidPackets:[0] serverReceive:[1(True)] clientReceive:[0] unknownReceive:[0]
23-03-08-443 - (NINFO) - <ClientAiRemove> packets:[1] dataTransfer:[22] validPackets:[1] invalidPackets:[0] serverReceive:[1(True)] clientReceive:[0] unknownReceive:[0]
23-05-08-436 - (NINFO) - <ClientAiAdd> packets:[1] dataTransfer:[22] validPackets:[1] invalidPackets:[0] serverReceive:[1(True)] clientReceive:[0] unknownReceive:[0]
23-11-08-557 - (NINFO) - <ActiveControlUpdate> packets:[1] dataTransfer:[26] validPackets:[1] invalidPackets:[0] serverReceive:[1(True)] clientReceive:[0] unknownReceive:[0]
23-22-09-894 - (NINFO) - <ClientAiAdd> packets:[1] dataTransfer:[22] validPackets:[1] invalidPackets:[0] serverReceive:[1(True)] clientReceive:[0] unknownReceive:[0]
23-27-11-693 - (NINFO) - <ClientAiRemove> packets:[1] dataTransfer:[22] validPackets:[1] invalidPackets:[0] serverReceive:[1(True)] clientReceive:[0] unknownReceive:[0]
23-29-11-890 - (NINFO) - <ClientAiRemove> packets:[1] dataTransfer:[22] validPackets:[1] invalidPackets:[0] serverReceive:[1(True)] clientReceive:[0] unknownReceive:[0]
23-30-11-888 - (NINFO) - <ActiveControlUpdate> packets:[2] dataTransfer:[52] validPackets:[2] invalidPackets:[0] serverReceive:[2(True)] clientReceive:[0] unknownReceive:[0]
23-30-11-888 - (NINFO) - <ClientAiRemove> packets:[1] dataTransfer:[22] validPackets:[1] invalidPackets:[0] serverReceive:[1(True)] clientReceive:[0] unknownReceive:[0]
23-34-12-112 - (NINFO) - <ClientAiRemove> packets:[1] dataTransfer:[22] validPackets:[1] invalidPackets:[0] serverReceive:[1(True)] clientReceive:[0] unknownReceive:[0]
23-36-12-101 - (NINFO) - <ClientAiAdd> packets:[1] dataTransfer:[22] validPackets:[1] invalidPackets:[0] serverReceive:[1(True)] clientReceive:[0] unknownReceive:[0]
23-38-12-218 - (NINFO) - <ClientAiRemove> packets:[1] dataTransfer:[22] validPackets:[1] invalidPackets:[0] serverReceive:[1(True)] clientReceive:[0] unknownReceive:[0]
23-43-12-340 - (NINFO) - <ActiveControlUpdate> packets:[1] dataTransfer:[26] validPackets:[1] invalidPackets:[0] serverReceive:[1(True)] clientReceive:[0] unknownReceive:[0]
23-44-12-340 - (NINFO) - <ActiveControlUpdate> packets:[1] dataTransfer:[26] validPackets:[1] invalidPackets:[0] serverReceive:[1(True)] clientReceive:[0] unknownReceive:[0]
23-45-12-331 - (NINFO) - <ActiveControlUpdate> packets:[2] dataTransfer:[52] validPackets:[2] invalidPackets:[0] serverReceive:[2(True)] clientReceive:[0] unknownReceive:[0]
23-47-12-332 - (NINFO) - <ClientAiAdd> packets:[2] dataTransfer:[44] validPackets:[2] invalidPackets:[0] serverReceive:[2(True)] clientReceive:[0] unknownReceive:[0]
23-48-12-456 - (NINFO) - <ClientAiAdd> packets:[2] dataTransfer:[44] validPackets:[2] invalidPackets:[0] serverReceive:[2(True)] clientReceive:[0] unknownReceive:[0]
23-48-12-456 - (NINFO) - <ClientAiRemove> packets:[3] dataTransfer:[66] validPackets:[3] invalidPackets:[0] serverReceive:[3(True)] clientReceive:[0] unknownReceive:[0]
23-49-12-440 - (NINFO) - <ClientAiAdd> packets:[4] dataTransfer:[88] validPackets:[4] invalidPackets:[0] serverReceive:[4(True)] clientReceive:[0] unknownReceive:[0]
23-49-12-440 - (NINFO) - <ClientAiRemove> packets:[4] dataTransfer:[88] validPackets:[4] invalidPackets:[0] serverReceive:[4(True)] clientReceive:[0] unknownReceive:[0]
23-50-12-445 - (NINFO) - <ClientAiAdd> packets:[5] dataTransfer:[110] validPackets:[5] invalidPackets:[0] serverReceive:[5(True)] clientReceive:[0] unknownReceive:[0]
23-50-12-445 - (NINFO) - <ClientAiRemove> packets:[1] dataTransfer:[22] validPackets:[1] invalidPackets:[0] serverReceive:[1(True)] clientReceive:[0] unknownReceive:[0]
23-51-12-488 - (NINFO) - <ClientAiRemove> packets:[2] dataTransfer:[44] validPackets:[2] invalidPackets:[0] serverReceive:[2(True)] clientReceive:[0] unknownReceive:[0]
23-52-12-549 - (NINFO) - <ClientAiAdd> packets:[1] dataTransfer:[22] validPackets:[1] invalidPackets:[0] serverReceive:[1(True)] clientReceive:[0] unknownReceive:[0]
23-53-12-705 - (NINFO) - <ClientAiAdd> packets:[2] dataTransfer:[44] validPackets:[2] invalidPackets:[0] serverReceive:[2(True)] clientReceive:[0] unknownReceive:[0]
23-54-12-710 - (NINFO) - <ClientAiAdd> packets:[5] dataTransfer:[110] validPackets:[5] invalidPackets:[0] serverReceive:[5(True)] clientReceive:[0] unknownReceive:[0]
23-54-12-710 - (NINFO) - <ClientAiRemove> packets:[1] dataTransfer:[22] validPackets:[1] invalidPackets:[0] serverReceive:[1(True)] clientReceive:[0] unknownReceive:[0]
23-55-12-732 - (NINFO) - <ClientAiAdd> packets:[4] dataTransfer:[88] validPackets:[4] invalidPackets:[0] serverReceive:[4(True)] clientReceive:[0] unknownReceive:[0]
23-55-12-732 - (NINFO) - <ClientAiRemove> packets:[13] dataTransfer:[286] validPackets:[13] invalidPackets:[0] serverReceive:[13(True)] clientReceive:[0] unknownReceive:[0]
00-05-13-048 - (NINFO) - <ClientAiAdd> packets:[1] dataTransfer:[22] validPackets:[1] invalidPackets:[0] serverReceive:[1(True)] clientReceive:[0] unknownReceive:[0]
00-20-13-456 - (NINFO) - <ClientAiRemove> packets:[1] dataTransfer:[22] validPackets:[1] invalidPackets:[0] serverReceive:[1(True)] clientReceive:[0] unknownReceive:[0]
00-22-13-475 - (NINFO) - <ClientAiAdd> packets:[1] dataTransfer:[22] validPackets:[1] invalidPackets:[0] serverReceive:[1(True)] clientReceive:[0] unknownReceive:[0]
00-29-13-616 - (NINFO) - <ActiveControlUpdate> packets:[1] dataTransfer:[26] validPackets:[1] invalidPackets:[0] serverReceive:[1(True)] clientReceive:[0] unknownReceive:[0]
13-45-31-359 - (NINFO) - <ActiveControlUpdate> packets:[1] dataTransfer:[26] validPackets:[1] invalidPackets:[0] serverReceive:[1(True)] clientReceive:[0] unknownReceive:[0]
13-45-31-359 - (NINFO) - <ClientAiAdd> packets:[4] dataTransfer:[88] validPackets:[4] invalidPackets:[0] serverReceive:[4(True)] clientReceive:[0] unknownReceive:[0]
13-46-31-346 - (NINFO) - <ClientAiAdd> packets:[3] dataTransfer:[66] validPackets:[3] invalidPackets:[0] serverReceive:[3(True)] clientReceive:[0] unknownReceive:[0]
13-48-31-498 - (NINFO) - <ClientAiAdd> packets:[4] dataTransfer:[88] validPackets:[4] invalidPackets:[0] serverReceive:[4(True)] clientReceive:[0] unknownReceive:[0]
14-17-01-121 - (NINFO) - <ActiveControlUpdate> packets:[2] dataTransfer:[52] validPackets:[2] invalidPackets:[0] serverReceive:[2(True)] clientReceive:[0] unknownReceive:[0]
14-17-01-121 - (NINFO) - <ClientAiAdd> packets:[8] dataTransfer:[176] validPackets:[8] invalidPackets:[0] serverReceive:[8(True)] clientReceive:[0] unknownReceive:[0]
14-19-11-856 - (NINFO) - <ClientAiAdd> packets:[3] dataTransfer:[66] validPackets:[3] invalidPackets:[0] serverReceive:[3(True)] clientReceive:[0] unknownReceive:[0]
14-25-54-334 - (NINFO) - <ClientAiAdd> packets:[1] dataTransfer:[22] validPackets:[1] invalidPackets:[0] serverReceive:[1(True)] clientReceive:[0] unknownReceive:[0]
