06-01-23_03-01-57-001 - Logging Started
03-04-18-156 - (NINFO) - <ClientAiAdd> packets:[3] dataTransfer:[66] validPackets:[3] invalidPackets:[0] serverReceive:[3(True)] clientReceive:[0] unknownReceive:[0]
03-05-20-704 - (NINFO) - <ClientAiAdd> packets:[1] dataTransfer:[22] validPackets:[1] invalidPackets:[0] serverReceive:[1(True)] clientReceive:[0] unknownReceive:[0]
03-09-21-040 - (NINFO) - <ClientAiAdd> packets:[1] dataTransfer:[22] validPackets:[1] invalidPackets:[0] serverReceive:[1(True)] clientReceive:[0] unknownReceive:[0]
03-23-22-599 - (NINFO) - <ClientAiAdd> packets:[1] dataTransfer:[22] validPackets:[1] invalidPackets:[0] serverReceive:[1(True)] clientReceive:[0] unknownReceive:[0]
03-23-22-599 - (NINFO) - <ClientAiRemove> packets:[1] dataTransfer:[22] validPackets:[1] invalidPackets:[0] serverReceive:[1(True)] clientReceive:[0] unknownReceive:[0]
03-29-22-591 - (NINFO) - <ClientAiRemove> packets:[1] dataTransfer:[22] validPackets:[1] invalidPackets:[0] serverReceive:[1(True)] clientReceive:[0] unknownReceive:[0]
03-50-22-743 - (NINFO) - <ActiveControlUpdate> packets:[1] dataTransfer:[26] validPackets:[1] invalidPackets:[0] serverReceive:[1(True)] clientReceive:[0] unknownReceive:[0]
06-51-24-290 - (NINFO) - <ClientAiAdd> packets:[1] dataTransfer:[22] validPackets:[1] invalidPackets:[0] serverReceive:[1(True)] clientReceive:[0] unknownReceive:[0]
06-52-24-403 - (NINFO) - <ClientAiAdd> packets:[1] dataTransfer:[22] validPackets:[1] invalidPackets:[0] serverReceive:[1(True)] clientReceive:[0] unknownReceive:[0]
06-52-24-403 - (NINFO) - <ClientAiRemove> packets:[2] dataTransfer:[44] validPackets:[2] invalidPackets:[0] serverReceive:[2(True)] clientReceive:[0] unknownReceive:[0]
06-53-24-403 - (NINFO) - <ClientAiAdd> packets:[1] dataTransfer:[22] validPackets:[1] invalidPackets:[0] serverReceive:[1(True)] clientReceive:[0] unknownReceive:[0]
06-57-25-162 - (NINFO) - <ClientAiAdd> packets:[1] dataTransfer:[22] validPackets:[1] invalidPackets:[0] serverReceive:[1(True)] clientReceive:[0] unknownReceive:[0]
07-00-25-158 - (NINFO) - <ClientAiRemove> packets:[1] dataTransfer:[22] validPackets:[1] invalidPackets:[0] serverReceive:[1(True)] clientReceive:[0] unknownReceive:[0]
07-01-25-158 - (NINFO) - <ClientAiRemove> packets:[1] dataTransfer:[22] validPackets:[1] invalidPackets:[0] serverReceive:[1(True)] clientReceive:[0] unknownReceive:[0]
07-14-25-360 - (NINFO) - <ClientAiAdd> packets:[1] dataTransfer:[22] validPackets:[1] invalidPackets:[0] serverReceive:[1(True)] clientReceive:[0] unknownReceive:[0]
07-31-25-446 - (NINFO) - <ClientAiAdd> packets:[1] dataTransfer:[22] validPackets:[1] invalidPackets:[0] serverReceive:[1(True)] clientReceive:[0] unknownReceive:[0]
07-45-25-547 - (NINFO) - <ClientAiRemove> packets:[1] dataTransfer:[22] validPackets:[1] invalidPackets:[0] serverReceive:[1(True)] clientReceive:[0] unknownReceive:[0]
07-47-25-547 - (NINFO) - <ClientAiAdd> packets:[1] dataTransfer:[22] validPackets:[1] invalidPackets:[0] serverReceive:[1(True)] clientReceive:[0] unknownReceive:[0]
07-49-25-790 - (NINFO) - <ClientAiAdd> packets:[2] dataTransfer:[44] validPackets:[2] invalidPackets:[0] serverReceive:[2(True)] clientReceive:[0] unknownReceive:[0]
07-49-25-790 - (NINFO) - <ClientAiRemove> packets:[4] dataTransfer:[88] validPackets:[4] invalidPackets:[0] serverReceive:[4(True)] clientReceive:[0] unknownReceive:[0]
08-01-25-891 - (NINFO) - <ClientAiAdd> packets:[1] dataTransfer:[22] validPackets:[1] invalidPackets:[0] serverReceive:[1(True)] clientReceive:[0] unknownReceive:[0]
08-12-26-023 - (NINFO) - <ClientAiRemove> packets:[1] dataTransfer:[22] validPackets:[1] invalidPackets:[0] serverReceive:[1(True)] clientReceive:[0] unknownReceive:[0]
08-15-26-106 - (NINFO) - <ClientAiAdd> packets:[1] dataTransfer:[22] validPackets:[1] invalidPackets:[0] serverReceive:[1(True)] clientReceive:[0] unknownReceive:[0]
08-20-26-191 - (NINFO) - <ClientAiAdd> packets:[2] dataTransfer:[44] validPackets:[2] invalidPackets:[0] serverReceive:[2(True)] clientReceive:[0] unknownReceive:[0]
08-26-26-192 - (NINFO) - <ClientAiRemove> packets:[1] dataTransfer:[22] validPackets:[1] invalidPackets:[0] serverReceive:[1(True)] clientReceive:[0] unknownReceive:[0]
08-30-26-300 - (NINFO) - <ClientAiAdd> packets:[1] dataTransfer:[22] validPackets:[1] invalidPackets:[0] serverReceive:[1(True)] clientReceive:[0] unknownReceive:[0]
08-43-26-404 - (NINFO) - <ClientAiAdd> packets:[1] dataTransfer:[22] validPackets:[1] invalidPackets:[0] serverReceive:[1(True)] clientReceive:[0] unknownReceive:[0]
08-43-26-404 - (NINFO) - <ClientAiRemove> packets:[1] dataTransfer:[22] validPackets:[1] invalidPackets:[0] serverReceive:[1(True)] clientReceive:[0] unknownReceive:[0]
08-44-26-403 - (NINFO) - <ClientAiAdd> packets:[4] dataTransfer:[88] validPackets:[4] invalidPackets:[0] serverReceive:[4(True)] clientReceive:[0] unknownReceive:[0]
08-45-26-520 - (NINFO) - <ClientAiAdd> packets:[13] dataTransfer:[286] validPackets:[13] invalidPackets:[0] serverReceive:[13(True)] clientReceive:[0] unknownReceive:[0]
08-45-26-520 - (NINFO) - <ClientAiRemove> packets:[16] dataTransfer:[352] validPackets:[16] invalidPackets:[0] serverReceive:[16(True)] clientReceive:[0] unknownReceive:[0]
08-46-26-521 - (NINFO) - <ClientAiAdd> packets:[1] dataTransfer:[22] validPackets:[1] invalidPackets:[0] serverReceive:[1(True)] clientReceive:[0] unknownReceive:[0]
08-46-26-521 - (NINFO) - <ClientAiRemove> packets:[4] dataTransfer:[88] validPackets:[4] invalidPackets:[0] serverReceive:[4(True)] clientReceive:[0] unknownReceive:[0]
09-01-26-523 - (NINFO) - <ClientAiAdd> packets:[1] dataTransfer:[22] validPackets:[1] invalidPackets:[0] serverReceive:[1(True)] clientReceive:[0] unknownReceive:[0]
09-15-26-648 - (NINFO) - <ClientAiRemove> packets:[1] dataTransfer:[22] validPackets:[1] invalidPackets:[0] serverReceive:[1(True)] clientReceive:[0] unknownReceive:[0]
09-16-26-643 - (NINFO) - <ClientAiAdd> packets:[1] dataTransfer:[22] validPackets:[1] invalidPackets:[0] serverReceive:[1(True)] clientReceive:[0] unknownReceive:[0]
09-23-26-642 - (NINFO) - <ClientAiRemove> packets:[1] dataTransfer:[22] validPackets:[1] invalidPackets:[0] serverReceive:[1(True)] clientReceive:[0] unknownReceive:[0]
09-46-26-746 - (NINFO) - <ClientAiAdd> packets:[1] dataTransfer:[22] validPackets:[1] invalidPackets:[0] serverReceive:[1(True)] clientReceive:[0] unknownReceive:[0]
10-00-26-932 - (NINFO) - <ClientAiAdd> packets:[1] dataTransfer:[22] validPackets:[1] invalidPackets:[0] serverReceive:[1(True)] clientReceive:[0] unknownReceive:[0]
10-13-26-931 - (NINFO) - <ClientAiRemove> packets:[1] dataTransfer:[22] validPackets:[1] invalidPackets:[0] serverReceive:[1(True)] clientReceive:[0] unknownReceive:[0]
10-21-27-125 - (NINFO) - <ActiveControlUpdate> packets:[1] dataTransfer:[26] validPackets:[1] invalidPackets:[0] serverReceive:[1(True)] clientReceive:[0] unknownReceive:[0]
10-21-27-125 - (NINFO) - <ClientAiAdd> packets:[1] dataTransfer:[22] validPackets:[1] invalidPackets:[0] serverReceive:[1(True)] clientReceive:[0] unknownReceive:[0]
10-21-27-125 - (NINFO) - <BlackListRequest> packets:[3] dataTransfer:[105] validPackets:[3] invalidPackets:[0] serverReceive:[3(True)] clientReceive:[0] unknownReceive:[0]
10-21-42-343 - [PaintedTargetUpdate - PacketError] - Ai not found, is marked:False, has root:True: False - 
10-21-42-343 - [PaintedTargetUpdate - PacketError] - Ai not found, is marked:False, has root:True: False - 
10-21-57-137 - [PaintedTargetUpdate - PacketError] - Ai not found, is marked:False, has root:True: False - 
10-21-57-137 - [PaintedTargetUpdate - PacketError] - Ai not found, is marked:False, has root:True: False - 
10-22-27-125 - (NINFO) - <PaintedTargetUpdate> packets:[2] dataTransfer:[88] validPackets:[0] invalidPackets:[2] serverReceive:[2(True)] clientReceive:[0] unknownReceive:[0]
10-22-37-722 - [PaintedTargetUpdate - PacketError] - Ai not found, is marked:False, has root:True: False - 
10-22-37-722 - [PaintedTargetUpdate - PacketError] - Ai not found, is marked:False, has root:True: False - 
10-23-27-125 - (NINFO) - <PaintedTargetUpdate> packets:[1] dataTransfer:[44] validPackets:[0] invalidPackets:[1] serverReceive:[1(True)] clientReceive:[0] unknownReceive:[0]
10-23-27-125 - (NINFO) - <ActiveControlUpdate> packets:[1] dataTransfer:[26] validPackets:[1] invalidPackets:[0] serverReceive:[1(True)] clientReceive:[0] unknownReceive:[0]
10-23-27-125 - (NINFO) - <ForceReload> packets:[8] dataTransfer:[176] validPackets:[8] invalidPackets:[0] serverReceive:[8(True)] clientReceive:[0] unknownReceive:[0]
10-23-27-125 - (NINFO) - <BlackListRequest> packets:[3] dataTransfer:[120] validPackets:[3] invalidPackets:[0] serverReceive:[3(True)] clientReceive:[0] unknownReceive:[0]
10-29-12-339 - [PaintedTargetUpdate - PacketError] - Ai not found, is marked:False, has root:True: False - 
10-29-12-339 - [PaintedTargetUpdate - PacketError] - Ai not found, is marked:False, has root:True: False - 
10-29-27-126 - (NINFO) - <PaintedTargetUpdate> packets:[1] dataTransfer:[44] validPackets:[0] invalidPackets:[1] serverReceive:[1(True)] clientReceive:[0] unknownReceive:[0]
10-29-27-126 - (NINFO) - <ActiveControlUpdate> packets:[1] dataTransfer:[26] validPackets:[1] invalidPackets:[0] serverReceive:[1(True)] clientReceive:[0] unknownReceive:[0]
10-29-27-126 - (NINFO) - <ReticleUpdate> packets:[15] dataTransfer:[390] validPackets:[15] invalidPackets:[0] serverReceive:[15(True)] clientReceive:[0] unknownReceive:[0]
10-29-27-126 - (NINFO) - <ClientAiAdd> packets:[1] dataTransfer:[22] validPackets:[1] invalidPackets:[0] serverReceive:[1(True)] clientReceive:[0] unknownReceive:[0]
10-29-27-126 - (NINFO) - <ShootSync> packets:[20] dataTransfer:[620] validPackets:[20] invalidPackets:[0] serverReceive:[20(True)] clientReceive:[0] unknownReceive:[0]
10-29-27-126 - (NINFO) - <ForceReload> packets:[2] dataTransfer:[44] validPackets:[2] invalidPackets:[0] serverReceive:[2(True)] clientReceive:[0] unknownReceive:[0]
10-29-27-126 - (NINFO) - <BlackListRequest> packets:[3] dataTransfer:[105] validPackets:[3] invalidPackets:[0] serverReceive:[3(True)] clientReceive:[0] unknownReceive:[0]
10-30-27-221 - (NINFO) - <ActiveControlUpdate> packets:[1] dataTransfer:[26] validPackets:[1] invalidPackets:[0] serverReceive:[1(True)] clientReceive:[0] unknownReceive:[0]
10-30-27-221 - (NINFO) - <ReticleUpdate> packets:[69] dataTransfer:[1794] validPackets:[69] invalidPackets:[0] serverReceive:[69(True)] clientReceive:[0] unknownReceive:[0]
10-30-27-221 - (NINFO) - <ClientAiAdd> packets:[1] dataTransfer:[22] validPackets:[1] invalidPackets:[0] serverReceive:[1(True)] clientReceive:[0] unknownReceive:[0]
10-30-27-221 - (NINFO) - <ForceReload> packets:[5] dataTransfer:[110] validPackets:[5] invalidPackets:[0] serverReceive:[5(True)] clientReceive:[0] unknownReceive:[0]
10-30-27-221 - (NINFO) - <BlackListRequest> packets:[3] dataTransfer:[120] validPackets:[3] invalidPackets:[0] serverReceive:[3(True)] clientReceive:[0] unknownReceive:[0]
10-31-10-112 - [PaintedTargetUpdate - PacketError] - Ai not found, is marked:False, has root:True: False - 
10-31-10-112 - [PaintedTargetUpdate - PacketError] - Ai not found, is marked:False, has root:True: False - 
10-31-27-349 - (NINFO) - <PaintedTargetUpdate> packets:[1] dataTransfer:[44] validPackets:[0] invalidPackets:[1] serverReceive:[1(True)] clientReceive:[0] unknownReceive:[0]
10-31-27-349 - (NINFO) - <ActiveControlUpdate> packets:[2] dataTransfer:[52] validPackets:[2] invalidPackets:[0] serverReceive:[2(True)] clientReceive:[0] unknownReceive:[0]
10-31-27-349 - (NINFO) - <ClientAiAdd> packets:[7] dataTransfer:[154] validPackets:[7] invalidPackets:[0] serverReceive:[7(True)] clientReceive:[0] unknownReceive:[0]
10-31-27-349 - (NINFO) - <ClientAiRemove> packets:[7] dataTransfer:[154] validPackets:[7] invalidPackets:[0] serverReceive:[7(True)] clientReceive:[0] unknownReceive:[0]
10-31-27-350 - (NINFO) - <ForceReload> packets:[1] dataTransfer:[22] validPackets:[1] invalidPackets:[0] serverReceive:[1(True)] clientReceive:[0] unknownReceive:[0]
10-31-27-350 - (NINFO) - <BlackListRequest> packets:[6] dataTransfer:[225] validPackets:[6] invalidPackets:[0] serverReceive:[6(True)] clientReceive:[0] unknownReceive:[0]
10-32-27-349 - (NINFO) - <ActiveControlUpdate> packets:[3] dataTransfer:[78] validPackets:[3] invalidPackets:[0] serverReceive:[3(True)] clientReceive:[0] unknownReceive:[0]
10-32-27-349 - (NINFO) - <ReticleUpdate> packets:[84] dataTransfer:[2184] validPackets:[84] invalidPackets:[0] serverReceive:[84(True)] clientReceive:[0] unknownReceive:[0]
10-32-27-349 - (NINFO) - <BlackListRequest> packets:[9] dataTransfer:[330] validPackets:[9] invalidPackets:[0] serverReceive:[9(True)] clientReceive:[0] unknownReceive:[0]
10-33-27-350 - (NINFO) - <ActiveControlUpdate> packets:[1] dataTransfer:[26] validPackets:[1] invalidPackets:[0] serverReceive:[1(True)] clientReceive:[0] unknownReceive:[0]
10-33-27-350 - (NINFO) - <ReticleUpdate> packets:[40] dataTransfer:[1040] validPackets:[40] invalidPackets:[0] serverReceive:[40(True)] clientReceive:[0] unknownReceive:[0]
10-33-27-350 - (NINFO) - <ShootSync> packets:[6] dataTransfer:[186] validPackets:[6] invalidPackets:[0] serverReceive:[6(True)] clientReceive:[0] unknownReceive:[0]
10-33-27-350 - (NINFO) - <BlackListRequest> packets:[3] dataTransfer:[120] validPackets:[3] invalidPackets:[0] serverReceive:[3(True)] clientReceive:[0] unknownReceive:[0]
10-34-27-349 - (NINFO) - <ActiveControlUpdate> packets:[2] dataTransfer:[52] validPackets:[2] invalidPackets:[0] serverReceive:[2(True)] clientReceive:[0] unknownReceive:[0]
10-34-27-349 - (NINFO) - <ReticleUpdate> packets:[92] dataTransfer:[2392] validPackets:[92] invalidPackets:[0] serverReceive:[92(True)] clientReceive:[0] unknownReceive:[0]
10-34-27-349 - (NINFO) - <ForceReload> packets:[3] dataTransfer:[66] validPackets:[3] invalidPackets:[0] serverReceive:[3(True)] clientReceive:[0] unknownReceive:[0]
10-34-27-349 - (NINFO) - <BlackListRequest> packets:[6] dataTransfer:[225] validPackets:[6] invalidPackets:[0] serverReceive:[6(True)] clientReceive:[0] unknownReceive:[0]
10-37-27-350 - (NINFO) - <ActiveControlUpdate> packets:[2] dataTransfer:[52] validPackets:[2] invalidPackets:[0] serverReceive:[2(True)] clientReceive:[0] unknownReceive:[0]
10-37-27-350 - (NINFO) - <ReticleUpdate> packets:[68] dataTransfer:[1768] validPackets:[68] invalidPackets:[0] serverReceive:[68(True)] clientReceive:[0] unknownReceive:[0]
10-37-27-350 - (NINFO) - <AmmoCycleRequest> packets:[1] dataTransfer:[38] validPackets:[1] invalidPackets:[0] serverReceive:[1(True)] clientReceive:[0] unknownReceive:[0]
10-37-27-350 - (NINFO) - <ShootSync> packets:[18] dataTransfer:[576] validPackets:[18] invalidPackets:[0] serverReceive:[18(True)] clientReceive:[0] unknownReceive:[0]
10-37-27-350 - (NINFO) - <ClientReady> packets:[3] dataTransfer:[81] validPackets:[3] invalidPackets:[0] serverReceive:[3(True)] clientReceive:[0] unknownReceive:[0]
10-37-27-350 - (NINFO) - <ForceReload> packets:[1] dataTransfer:[22] validPackets:[1] invalidPackets:[0] serverReceive:[1(True)] clientReceive:[0] unknownReceive:[0]
10-37-27-350 - (NINFO) - <BlackListRequest> packets:[6] dataTransfer:[225] validPackets:[6] invalidPackets:[0] serverReceive:[6(True)] clientReceive:[0] unknownReceive:[0]
10-38-27-349 - (NINFO) - <ActiveControlUpdate> packets:[1] dataTransfer:[26] validPackets:[1] invalidPackets:[0] serverReceive:[1(True)] clientReceive:[0] unknownReceive:[0]
10-38-27-349 - (NINFO) - <ReticleUpdate> packets:[84] dataTransfer:[2184] validPackets:[84] invalidPackets:[0] serverReceive:[84(True)] clientReceive:[0] unknownReceive:[0]
10-38-27-349 - (NINFO) - <AmmoCycleRequest> packets:[1] dataTransfer:[38] validPackets:[1] invalidPackets:[0] serverReceive:[1(True)] clientReceive:[0] unknownReceive:[0]
10-38-27-349 - (NINFO) - <ClientReady> packets:[1] dataTransfer:[27] validPackets:[1] invalidPackets:[0] serverReceive:[1(True)] clientReceive:[0] unknownReceive:[0]
10-38-27-349 - (NINFO) - <ForceReload> packets:[2] dataTransfer:[44] validPackets:[2] invalidPackets:[0] serverReceive:[2(True)] clientReceive:[0] unknownReceive:[0]
10-38-27-349 - (NINFO) - <BlackListRequest> packets:[3] dataTransfer:[105] validPackets:[3] invalidPackets:[0] serverReceive:[3(True)] clientReceive:[0] unknownReceive:[0]
10-39-27-348 - (NINFO) - <ActiveControlUpdate> packets:[1] dataTransfer:[26] validPackets:[1] invalidPackets:[0] serverReceive:[1(True)] clientReceive:[0] unknownReceive:[0]
10-39-27-349 - (NINFO) - <ReticleUpdate> packets:[24] dataTransfer:[624] validPackets:[24] invalidPackets:[0] serverReceive:[24(True)] clientReceive:[0] unknownReceive:[0]
10-39-27-349 - (NINFO) - <BlackListRequest> packets:[3] dataTransfer:[120] validPackets:[3] invalidPackets:[0] serverReceive:[3(True)] clientReceive:[0] unknownReceive:[0]
10-42-27-350 - (NINFO) - <ClientAiRemove> packets:[1] dataTransfer:[22] validPackets:[1] invalidPackets:[0] serverReceive:[1(True)] clientReceive:[0] unknownReceive:[0]
10-47-27-350 - (NINFO) - <ClientAiAdd> packets:[1] dataTransfer:[22] validPackets:[1] invalidPackets:[0] serverReceive:[1(True)] clientReceive:[0] unknownReceive:[0]
10-51-27-357 - (NINFO) - <ActiveControlUpdate> packets:[2] dataTransfer:[52] validPackets:[2] invalidPackets:[0] serverReceive:[2(True)] clientReceive:[0] unknownReceive:[0]
10-51-27-357 - (NINFO) - <ReticleUpdate> packets:[60] dataTransfer:[1560] validPackets:[60] invalidPackets:[0] serverReceive:[60(True)] clientReceive:[0] unknownReceive:[0]
10-51-27-357 - (NINFO) - <FixedWeaponHitEvent> packets:[9] dataTransfer:[972] validPackets:[9] invalidPackets:[0] serverReceive:[9(True)] clientReceive:[0] unknownReceive:[0]
10-51-27-357 - (NINFO) - <ShootSync> packets:[22] dataTransfer:[704] validPackets:[22] invalidPackets:[0] serverReceive:[22(True)] clientReceive:[0] unknownReceive:[0]
10-51-27-357 - (NINFO) - <BlackListRequest> packets:[6] dataTransfer:[225] validPackets:[6] invalidPackets:[0] serverReceive:[6(True)] clientReceive:[0] unknownReceive:[0]
10-52-27-353 - (NINFO) - <ActiveControlUpdate> packets:[2] dataTransfer:[52] validPackets:[2] invalidPackets:[0] serverReceive:[2(True)] clientReceive:[0] unknownReceive:[0]
10-52-27-353 - (NINFO) - <ReticleUpdate> packets:[20] dataTransfer:[520] validPackets:[20] invalidPackets:[0] serverReceive:[20(True)] clientReceive:[0] unknownReceive:[0]
10-52-27-353 - (NINFO) - <AmmoCycleRequest> packets:[1] dataTransfer:[38] validPackets:[1] invalidPackets:[0] serverReceive:[1(True)] clientReceive:[0] unknownReceive:[0]
10-52-27-353 - (NINFO) - <ClientReady> packets:[1] dataTransfer:[27] validPackets:[1] invalidPackets:[0] serverReceive:[1(True)] clientReceive:[0] unknownReceive:[0]
10-52-27-353 - (NINFO) - <ForceReload> packets:[1] dataTransfer:[22] validPackets:[1] invalidPackets:[0] serverReceive:[1(True)] clientReceive:[0] unknownReceive:[0]
10-52-27-353 - (NINFO) - <BlackListRequest> packets:[6] dataTransfer:[225] validPackets:[6] invalidPackets:[0] serverReceive:[6(True)] clientReceive:[0] unknownReceive:[0]
11-00-27-534 - (NINFO) - <ClientAiAdd> packets:[1] dataTransfer:[22] validPackets:[1] invalidPackets:[0] serverReceive:[1(True)] clientReceive:[0] unknownReceive:[0]
11-01-27-533 - (NINFO) - <ActiveControlUpdate> packets:[1] dataTransfer:[26] validPackets:[1] invalidPackets:[0] serverReceive:[1(True)] clientReceive:[0] unknownReceive:[0]
11-01-27-533 - (NINFO) - <ReticleUpdate> packets:[20] dataTransfer:[520] validPackets:[20] invalidPackets:[0] serverReceive:[20(True)] clientReceive:[0] unknownReceive:[0]
11-01-27-533 - (NINFO) - <AmmoCycleRequest> packets:[1] dataTransfer:[38] validPackets:[1] invalidPackets:[0] serverReceive:[1(True)] clientReceive:[0] unknownReceive:[0]
11-01-27-533 - (NINFO) - <FixedWeaponHitEvent> packets:[10] dataTransfer:[1080] validPackets:[10] invalidPackets:[0] serverReceive:[10(True)] clientReceive:[0] unknownReceive:[0]
11-01-27-533 - (NINFO) - <ShootSync> packets:[46] dataTransfer:[1468] validPackets:[46] invalidPackets:[0] serverReceive:[46(True)] clientReceive:[0] unknownReceive:[0]
11-01-27-533 - (NINFO) - <ClientReady> packets:[2] dataTransfer:[54] validPackets:[2] invalidPackets:[0] serverReceive:[2(True)] clientReceive:[0] unknownReceive:[0]
11-01-27-533 - (NINFO) - <ForceReload> packets:[1] dataTransfer:[22] validPackets:[1] invalidPackets:[0] serverReceive:[1(True)] clientReceive:[0] unknownReceive:[0]
11-01-27-533 - (NINFO) - <BlackListRequest> packets:[3] dataTransfer:[105] validPackets:[3] invalidPackets:[0] serverReceive:[3(True)] clientReceive:[0] unknownReceive:[0]
11-02-27-535 - (NINFO) - <ReticleUpdate> packets:[48] dataTransfer:[1248] validPackets:[48] invalidPackets:[0] serverReceive:[48(True)] clientReceive:[0] unknownReceive:[0]
11-02-27-535 - (NINFO) - <ShootSync> packets:[86] dataTransfer:[2748] validPackets:[86] invalidPackets:[0] serverReceive:[86(True)] clientReceive:[0] unknownReceive:[0]
11-02-27-535 - (NINFO) - <ClientReady> packets:[3] dataTransfer:[81] validPackets:[3] invalidPackets:[0] serverReceive:[3(True)] clientReceive:[0] unknownReceive:[0]
11-03-27-533 - (NINFO) - <ActiveControlUpdate> packets:[1] dataTransfer:[26] validPackets:[1] invalidPackets:[0] serverReceive:[1(True)] clientReceive:[0] unknownReceive:[0]
11-03-27-533 - (NINFO) - <ReticleUpdate> packets:[48] dataTransfer:[1248] validPackets:[48] invalidPackets:[0] serverReceive:[48(True)] clientReceive:[0] unknownReceive:[0]
11-03-27-533 - (NINFO) - <AmmoCycleRequest> packets:[2] dataTransfer:[76] validPackets:[2] invalidPackets:[0] serverReceive:[2(True)] clientReceive:[0] unknownReceive:[0]
11-03-27-533 - (NINFO) - <ForceReload> packets:[2] dataTransfer:[44] validPackets:[2] invalidPackets:[0] serverReceive:[2(True)] clientReceive:[0] unknownReceive:[0]
11-03-27-533 - (NINFO) - <BlackListRequest> packets:[3] dataTransfer:[120] validPackets:[3] invalidPackets:[0] serverReceive:[3(True)] clientReceive:[0] unknownReceive:[0]
11-05-27-632 - (NINFO) - <ActiveControlUpdate> packets:[2] dataTransfer:[52] validPackets:[2] invalidPackets:[0] serverReceive:[2(True)] clientReceive:[0] unknownReceive:[0]
11-05-27-632 - (NINFO) - <ReticleUpdate> packets:[16] dataTransfer:[416] validPackets:[16] invalidPackets:[0] serverReceive:[16(True)] clientReceive:[0] unknownReceive:[0]
11-05-27-632 - (NINFO) - <ClientAiRemove> packets:[1] dataTransfer:[22] validPackets:[1] invalidPackets:[0] serverReceive:[1(True)] clientReceive:[0] unknownReceive:[0]
11-05-27-633 - (NINFO) - <ClientReady> packets:[2] dataTransfer:[54] validPackets:[2] invalidPackets:[0] serverReceive:[2(True)] clientReceive:[0] unknownReceive:[0]
11-05-27-633 - (NINFO) - <ForceReload> packets:[1] dataTransfer:[22] validPackets:[1] invalidPackets:[0] serverReceive:[1(True)] clientReceive:[0] unknownReceive:[0]
11-05-27-633 - (NINFO) - <BlackListRequest> packets:[6] dataTransfer:[225] validPackets:[6] invalidPackets:[0] serverReceive:[6(True)] clientReceive:[0] unknownReceive:[0]
11-10-27-634 - (NINFO) - <ClientAiAdd> packets:[4] dataTransfer:[88] validPackets:[4] invalidPackets:[0] serverReceive:[4(True)] clientReceive:[0] unknownReceive:[0]
11-12-27-633 - (NINFO) - <ClientAiRemove> packets:[1] dataTransfer:[22] validPackets:[1] invalidPackets:[0] serverReceive:[1(True)] clientReceive:[0] unknownReceive:[0]
11-13-27-633 - (NINFO) - <ActiveControlUpdate> packets:[1] dataTransfer:[26] validPackets:[1] invalidPackets:[0] serverReceive:[1(True)] clientReceive:[0] unknownReceive:[0]
11-13-27-633 - (NINFO) - <ReticleUpdate> packets:[64] dataTransfer:[1664] validPackets:[64] invalidPackets:[0] serverReceive:[64(True)] clientReceive:[0] unknownReceive:[0]
11-13-27-633 - (NINFO) - <FixedWeaponHitEvent> packets:[6] dataTransfer:[648] validPackets:[6] invalidPackets:[0] serverReceive:[6(True)] clientReceive:[0] unknownReceive:[0]
11-13-27-633 - (NINFO) - <ShootSync> packets:[9] dataTransfer:[287] validPackets:[9] invalidPackets:[0] serverReceive:[9(True)] clientReceive:[0] unknownReceive:[0]
11-13-27-633 - (NINFO) - <ClientReady> packets:[1] dataTransfer:[27] validPackets:[1] invalidPackets:[0] serverReceive:[1(True)] clientReceive:[0] unknownReceive:[0]
11-13-27-633 - (NINFO) - <ForceReload> packets:[1] dataTransfer:[22] validPackets:[1] invalidPackets:[0] serverReceive:[1(True)] clientReceive:[0] unknownReceive:[0]
11-13-27-633 - (NINFO) - <BlackListRequest> packets:[3] dataTransfer:[105] validPackets:[3] invalidPackets:[0] serverReceive:[3(True)] clientReceive:[0] unknownReceive:[0]
11-14-27-634 - (NINFO) - <ActiveControlUpdate> packets:[1] dataTransfer:[26] validPackets:[1] invalidPackets:[0] serverReceive:[1(True)] clientReceive:[0] unknownReceive:[0]
11-14-27-634 - (NINFO) - <ClientAiAdd> packets:[9] dataTransfer:[198] validPackets:[9] invalidPackets:[0] serverReceive:[9(True)] clientReceive:[0] unknownReceive:[0]
11-14-27-634 - (NINFO) - <ClientAiRemove> packets:[15] dataTransfer:[330] validPackets:[15] invalidPackets:[0] serverReceive:[15(True)] clientReceive:[0] unknownReceive:[0]
11-14-27-634 - (NINFO) - <FixedWeaponHitEvent> packets:[2] dataTransfer:[216] validPackets:[2] invalidPackets:[0] serverReceive:[2(True)] clientReceive:[0] unknownReceive:[0]
11-14-27-634 - (NINFO) - <ShootSync> packets:[11] dataTransfer:[353] validPackets:[11] invalidPackets:[0] serverReceive:[11(True)] clientReceive:[0] unknownReceive:[0]
11-14-27-634 - (NINFO) - <BlackListRequest> packets:[3] dataTransfer:[120] validPackets:[3] invalidPackets:[0] serverReceive:[3(True)] clientReceive:[0] unknownReceive:[0]
