12:25:30.5319 [INFO]   Torch.Server.Managers.MultiplayerManagerDedicated: Connection attempt by 76561199253002098 from 193.42.0.243
12:25:30.5990 [INFO]   Torch.Managers.MultiplayerManagerBase: Player xXHolicsXx joined (76561199253002098)
12:56:13.1444 [WARN]   Keen: SurvivalReborn: Character definition for  is null!
12:56:13.1444 [WARN]   Keen: SurvivalReborn: Skipped adding an invalid, null, or dead character.
12:56:14.9182 [WARN]   Keen: SurvivalReborn: Character definition for  is null!
12:56:14.9182 [WARN]   Keen: SurvivalReborn: Skipped adding an invalid, null, or dead character.
12:56:16.5833 [WARN]   Keen: SurvivalReborn: Character definition for  is null!
12:56:16.5833 [WARN]   Keen: SurvivalReborn: Skipped adding an invalid, null, or dead character.
12:56:18.2504 [WARN]   Keen: SurvivalReborn: Character definition for  is null!
12:56:18.2504 [WARN]   Keen: SurvivalReborn: Skipped adding an invalid, null, or dead character.
12:56:19.9160 [WARN]   Keen: SurvivalReborn: Character definition for  is null!
12:56:19.9160 [WARN]   Keen: SurvivalReborn: Skipped adding an invalid, null, or dead character.
12:56:21.5824 [WARN]   Keen: SurvivalReborn: Character definition for  is null!
12:56:21.5824 [WARN]   Keen: SurvivalReborn: Skipped adding an invalid, null, or dead character.
12:56:23.2494 [WARN]   Keen: SurvivalReborn: Character definition for  is null!
12:56:23.2494 [WARN]   Keen: SurvivalReborn: Skipped adding an invalid, null, or dead character.
12:56:24.9161 [WARN]   Keen: SurvivalReborn: Character definition for  is null!
12:56:24.9161 [WARN]   Keen: SurvivalReborn: Skipped adding an invalid, null, or dead character.
12:56:26.5833 [WARN]   Keen: SurvivalReborn: Character definition for  is null!
12:56:26.5833 [WARN]   Keen: SurvivalReborn: Skipped adding an invalid, null, or dead character.
12:56:28.2496 [WARN]   Keen: SurvivalReborn: Character definition for  is null!
12:56:28.2496 [WARN]   Keen: SurvivalReborn: Skipped adding an invalid, null, or dead character.
12:56:29.9176 [WARN]   Keen: SurvivalReborn: Character definition for  is null!
12:56:29.9176 [WARN]   Keen: SurvivalReborn: Skipped adding an invalid, null, or dead character.
13:02:21.7096 [WARN]   Keen: SurvivalReborn: Character definition for  is null!
13:02:21.7096 [WARN]   Keen: SurvivalReborn: Skipped adding an invalid, null, or dead character.
13:02:23.3760 [WARN]   Keen: SurvivalReborn: Character definition for  is null!
13:02:23.3760 [WARN]   Keen: SurvivalReborn: Skipped adding an invalid, null, or dead character.
13:02:25.0419 [WARN]   Keen: SurvivalReborn: Character definition for  is null!
13:02:25.0419 [WARN]   Keen: SurvivalReborn: Skipped adding an invalid, null, or dead character.
13:02:26.7071 [WARN]   Keen: SurvivalReborn: Character definition for  is null!
13:02:26.7071 [WARN]   Keen: SurvivalReborn: Skipped adding an invalid, null, or dead character.
13:41:31.9690 [WARN]   Keen: SurvivalReborn: Character definition for  is null!
13:41:31.9690 [WARN]   Keen: SurvivalReborn: Skipped adding an invalid, null, or dead character.
13:41:33.6372 [WARN]   Keen: SurvivalReborn: Character definition for  is null!
13:41:33.6372 [WARN]   Keen: SurvivalReborn: Skipped adding an invalid, null, or dead character.
14:44:05.4693 [WARN]   Keen: Invalid triangle in C:\P51SESurvivalServer\SEServer\Instance\content\244850\1365616918\Models\Cubes\SmallModulator.mwm
14:44:05.4693 [WARN]   Keen: Invalid triangle in C:\P51SESurvivalServer\SEServer\Instance\content\244850\1365616918\Models\Cubes\SmallModulator.mwm
14:44:05.4693 [WARN]   Keen: Invalid triangle in C:\P51SESurvivalServer\SEServer\Instance\content\244850\1365616918\Models\Cubes\SmallModulator.mwm
14:44:05.4693 [WARN]   Keen: Invalid triangle in C:\P51SESurvivalServer\SEServer\Instance\content\244850\1365616918\Models\Cubes\SmallModulator.mwm
14:44:05.4693 [WARN]   Keen: Invalid triangle in C:\P51SESurvivalServer\SEServer\Instance\content\244850\1365616918\Models\Cubes\SmallModulator.mwm
14:44:05.4693 [WARN]   Keen: Invalid triangle in C:\P51SESurvivalServer\SEServer\Instance\content\244850\1365616918\Models\Cubes\SmallModulator.mwm
14:44:05.4693 [WARN]   Keen: Invalid triangle in C:\P51SESurvivalServer\SEServer\Instance\content\244850\1365616918\Models\Cubes\SmallModulator.mwm
14:44:05.4693 [WARN]   Keen: Invalid triangle in C:\P51SESurvivalServer\SEServer\Instance\content\244850\1365616918\Models\Cubes\SmallModulator.mwm
14:44:05.4693 [WARN]   Keen: Invalid triangle in C:\P51SESurvivalServer\SEServer\Instance\content\244850\1365616918\Models\Cubes\SmallModulator.mwm
14:47:42.6449 [WARN]   Keen: SurvivalReborn: Character definition for  is null!
14:47:42.6449 [WARN]   Keen: SurvivalReborn: Skipped adding an invalid, null, or dead character.
15:05:42.9788 [WARN]   Keen: SurvivalReborn: Character definition for  is null!
15:05:42.9788 [WARN]   Keen: SurvivalReborn: Skipped adding an invalid, null, or dead character.
15:05:44.6469 [WARN]   Keen: SurvivalReborn: Character definition for  is null!
15:05:44.6469 [WARN]   Keen: SurvivalReborn: Skipped adding an invalid, null, or dead character.
15:05:46.3122 [WARN]   Keen: SurvivalReborn: Character definition for  is null!
15:05:46.3122 [WARN]   Keen: SurvivalReborn: Skipped adding an invalid, null, or dead character.
15:05:47.9809 [WARN]   Keen: SurvivalReborn: Character definition for  is null!
15:05:47.9809 [WARN]   Keen: SurvivalReborn: Skipped adding an invalid, null, or dead character.
15:05:49.6445 [WARN]   Keen: SurvivalReborn: Character definition for  is null!
15:05:49.6445 [WARN]   Keen: SurvivalReborn: Skipped adding an invalid, null, or dead character.
15:06:35.3993 [WARN]   Keen: SurvivalReborn: Character definition for  is null!
15:06:35.3993 [WARN]   Keen: SurvivalReborn: Skipped adding an invalid, null, or dead character.
15:06:35.4579 [WARN]   Keen: Player is attempting a faction state change they have no rights to do - 144115188075856474
15:06:35.4579 [WARN]   Keen: Player is attempting a faction state change they have no rights to do - 144115188075856474
15:06:49.5132 [WARN]   Keen: SurvivalReborn: Character definition for  is null!
15:06:49.5132 [WARN]   Keen: SurvivalReborn: Skipped adding an invalid, null, or dead character.
15:06:49.5522 [WARN]   Keen: Player is attempting a faction state change they have no rights to do - 144115188075856474
15:06:49.5522 [WARN]   Keen: Player is attempting a faction state change they have no rights to do - 144115188075856474
15:14:10.0066 [WARN]   Keen: SurvivalReborn: Character definition for  is null!
15:14:10.0066 [WARN]   Keen: SurvivalReborn: Skipped adding an invalid, null, or dead character.
15:32:33.8808 [INFO]   Torch.Managers.MultiplayerManagerBase: xXHolicsXx (76561199253002098) Disconnected.
15:59:53.0234 [INFO]   Torch.Server.Managers.MultiplayerManagerDedicated: Connection attempt by 76561199253002098 from 193.42.0.243
15:59:53.0394 [INFO]   Torch.Managers.MultiplayerManagerBase: Player xXHolicsXx joined (76561199253002098)
16:01:16.9363 [WARN]   Keen: SurvivalReborn: Character definition for  is null!
16:01:16.9363 [WARN]   Keen: SurvivalReborn: Skipped adding an invalid, null, or dead character.
16:01:16.9875 [WARN]   Keen: Player is attempting a faction state change they have no rights to do - 144115188075856474
16:01:16.9875 [WARN]   Keen: Player is attempting a faction state change they have no rights to do - 144115188075856474
16:55:54.3401 [WARN]   Keen: Invalid triangle in C:\P51SESurvivalServer\SEServer\Instance\content\244850\1365616918\Models\Cubes\SmallModulator.mwm
16:58:15.8576 [WARN]   Keen: SurvivalReborn: Character definition for  is null!
16:58:15.8576 [WARN]   Keen: SurvivalReborn: Skipped adding an invalid, null, or dead character.
16:59:24.9179 [WARN]   Keen: Invalid triangle in C:\P51SESurvivalServer\SEServer\Instance\content\244850\1365616918\Models\Cubes\SmallModulator.mwm
17:01:44.2703 [WARN]   Keen: Validation of sync value ID 1 failed.
17:02:59.4873 [WARN]   Keen: Validation of sync value ID 1 failed.
17:04:37.5473 [WARN]   Keen: Invalid triangle in C:\P51SESurvivalServer\SEServer\Instance\content\244850\1365616918\Models\Cubes\SmallModulator.mwm
17:04:38.6458 [WARN]   Keen: Invalid triangle in C:\P51SESurvivalServer\SEServer\Instance\content\244850\1365616918\Models\Cubes\SmallModulator.mwm
17:04:38.6458 [WARN]   Keen: Invalid triangle in C:\P51SESurvivalServer\SEServer\Instance\content\244850\1365616918\Models\Cubes\SmallModulator.mwm
17:04:38.6458 [WARN]   Keen: Invalid triangle in C:\P51SESurvivalServer\SEServer\Instance\content\244850\1365616918\Models\Cubes\SmallModulator.mwm
17:04:38.6458 [WARN]   Keen: Invalid triangle in C:\P51SESurvivalServer\SEServer\Instance\content\244850\1365616918\Models\Cubes\SmallModulator.mwm
17:04:38.6458 [WARN]   Keen: Invalid triangle in C:\P51SESurvivalServer\SEServer\Instance\content\244850\1365616918\Models\Cubes\SmallModulator.mwm
17:04:38.6458 [WARN]   Keen: Invalid triangle in C:\P51SESurvivalServer\SEServer\Instance\content\244850\1365616918\Models\Cubes\SmallModulator.mwm
17:04:38.6458 [WARN]   Keen: Invalid triangle in C:\P51SESurvivalServer\SEServer\Instance\content\244850\1365616918\Models\Cubes\SmallModulator.mwm
17:04:38.6458 [WARN]   Keen: Invalid triangle in C:\P51SESurvivalServer\SEServer\Instance\content\244850\1365616918\Models\Cubes\SmallModulator.mwm
17:04:38.6458 [WARN]   Keen: Invalid triangle in C:\P51SESurvivalServer\SEServer\Instance\content\244850\1365616918\Models\Cubes\SmallModulator.mwm
17:04:38.6458 [WARN]   Keen: Invalid triangle in C:\P51SESurvivalServer\SEServer\Instance\content\244850\1365616918\Models\Cubes\SmallModulator.mwm
17:04:38.6458 [WARN]   Keen: Invalid triangle in C:\P51SESurvivalServer\SEServer\Instance\content\244850\1365616918\Models\Cubes\SmallModulator.mwm
17:04:38.6458 [WARN]   Keen: Invalid triangle in C:\P51SESurvivalServer\SEServer\Instance\content\244850\1365616918\Models\Cubes\SmallModulator.mwm
17:04:38.6458 [WARN]   Keen: Invalid triangle in C:\P51SESurvivalServer\SEServer\Instance\content\244850\1365616918\Models\Cubes\SmallModulator.mwm
17:04:38.6458 [WARN]   Keen: Invalid triangle in C:\P51SESurvivalServer\SEServer\Instance\content\244850\1365616918\Models\Cubes\SmallModulator.mwm
17:04:38.6458 [WARN]   Keen: Invalid triangle in C:\P51SESurvivalServer\SEServer\Instance\content\244850\1365616918\Models\Cubes\SmallModulator.mwm
17:04:38.6458 [WARN]   Keen: Invalid triangle in C:\P51SESurvivalServer\SEServer\Instance\content\244850\1365616918\Models\Cubes\SmallModulator.mwm
17:04:38.6458 [WARN]   Keen: Invalid triangle in C:\P51SESurvivalServer\SEServer\Instance\content\244850\1365616918\Models\Cubes\SmallModulator.mwm
17:04:40.5825 [WARN]   Keen: Invalid triangle in C:\P51SESurvivalServer\SEServer\Instance\content\244850\1365616918\Models\Cubes\SmallModulator.mwm
17:04:40.5825 [WARN]   Keen: Invalid triangle in C:\P51SESurvivalServer\SEServer\Instance\content\244850\1365616918\Models\Cubes\SmallModulator.mwm
17:04:41.5138 [WARN]   Keen: Invalid triangle in C:\P51SESurvivalServer\SEServer\Instance\content\244850\1365616918\Models\Cubes\SmallModulator.mwm
17:07:06.6896 [WARN]   Keen: SurvivalReborn: Character definition for  is null!
17:07:06.6896 [WARN]   Keen: SurvivalReborn: Skipped adding an invalid, null, or dead character.
17:07:08.3574 [WARN]   Keen: SurvivalReborn: Character definition for  is null!
17:07:08.3574 [WARN]   Keen: SurvivalReborn: Skipped adding an invalid, null, or dead character.
17:07:10.0242 [WARN]   Keen: SurvivalReborn: Character definition for  is null!
17:07:10.0242 [WARN]   Keen: SurvivalReborn: Skipped adding an invalid, null, or dead character.
17:07:11.6896 [WARN]   Keen: SurvivalReborn: Character definition for  is null!
17:07:11.6896 [WARN]   Keen: SurvivalReborn: Skipped adding an invalid, null, or dead character.
17:07:13.3559 [WARN]   Keen: SurvivalReborn: Character definition for  is null!
17:07:13.3559 [WARN]   Keen: SurvivalReborn: Skipped adding an invalid, null, or dead character.
17:07:15.0220 [WARN]   Keen: SurvivalReborn: Character definition for  is null!
17:07:15.0220 [WARN]   Keen: SurvivalReborn: Skipped adding an invalid, null, or dead character.
17:07:16.6897 [WARN]   Keen: SurvivalReborn: Character definition for  is null!
17:07:16.6897 [WARN]   Keen: SurvivalReborn: Skipped adding an invalid, null, or dead character.
17:07:18.3565 [WARN]   Keen: SurvivalReborn: Character definition for  is null!
17:07:18.3565 [WARN]   Keen: SurvivalReborn: Skipped adding an invalid, null, or dead character.
17:07:20.0216 [WARN]   Keen: SurvivalReborn: Character definition for  is null!
17:07:20.0216 [WARN]   Keen: SurvivalReborn: Skipped adding an invalid, null, or dead character.
17:07:21.6883 [WARN]   Keen: SurvivalReborn: Character definition for  is null!
17:07:21.6883 [WARN]   Keen: SurvivalReborn: Skipped adding an invalid, null, or dead character.
17:07:23.3575 [WARN]   Keen: SurvivalReborn: Character definition for  is null!
17:07:23.3575 [WARN]   Keen: SurvivalReborn: Skipped adding an invalid, null, or dead character.
17:11:18.5931 [WARN]   Keen: SurvivalReborn: Character definition for  is null!
17:11:18.5931 [WARN]   Keen: SurvivalReborn: Skipped adding an invalid, null, or dead character.
17:11:20.2584 [WARN]   Keen: SurvivalReborn: Character definition for  is null!
17:11:20.2584 [WARN]   Keen: SurvivalReborn: Skipped adding an invalid, null, or dead character.
17:11:27.7660 [WARN]   Keen: Trying to remove entity with name MyRemoteControl {16B7B1CB31EF636} Remote Control 3 that is not yet replicated on client
17:16:47.0242 [WARN]   Keen: SurvivalReborn: Character definition for  is null!
17:16:47.0242 [WARN]   Keen: SurvivalReborn: Skipped adding an invalid, null, or dead character.
17:16:48.6906 [WARN]   Keen: SurvivalReborn: Character definition for  is null!
17:16:48.6906 [WARN]   Keen: SurvivalReborn: Skipped adding an invalid, null, or dead character.
17:16:50.3560 [WARN]   Keen: SurvivalReborn: Character definition for  is null!
17:16:50.3560 [WARN]   Keen: SurvivalReborn: Skipped adding an invalid, null, or dead character.
17:16:52.0247 [WARN]   Keen: SurvivalReborn: Character definition for  is null!
17:16:52.0247 [WARN]   Keen: SurvivalReborn: Skipped adding an invalid, null, or dead character.
17:46:52.5321 [INFO]   Chat: [Global:0] xXHolicsXx: i swear to god if it comes over here
18:10:30.3836 [WARN]   Keen: SurvivalReborn: Character definition for  is null!
18:10:30.3836 [WARN]   Keen: SurvivalReborn: Skipped adding an invalid, null, or dead character.
18:10:32.0496 [WARN]   Keen: SurvivalReborn: Character definition for  is null!
18:10:32.0496 [WARN]   Keen: SurvivalReborn: Skipped adding an invalid, null, or dead character.
18:10:33.7178 [WARN]   Keen: SurvivalReborn: Character definition for  is null!
18:10:33.7178 [WARN]   Keen: SurvivalReborn: Skipped adding an invalid, null, or dead character.
18:26:31.0793 [WARN]   Keen: SurvivalReborn: Character definition for  is null!
18:26:31.0793 [WARN]   Keen: SurvivalReborn: Skipped adding an invalid, null, or dead character.
18:44:21.2711 [WARN]   Keen: SurvivalReborn: Character definition for  is null!
18:44:21.2711 [WARN]   Keen: SurvivalReborn: Skipped adding an invalid, null, or dead character.
19:19:01.5923 [WARN]   Keen: SurvivalReborn: Character definition for  is null!
19:19:01.5923 [WARN]   Keen: SurvivalReborn: Skipped adding an invalid, null, or dead character.
19:19:03.2595 [WARN]   Keen: SurvivalReborn: Character definition for  is null!
19:19:03.2595 [WARN]   Keen: SurvivalReborn: Skipped adding an invalid, null, or dead character.
19:20:11.6834 [WARN]   Keen: SurvivalReborn: Character definition for  is null!
19:20:11.6834 [WARN]   Keen: SurvivalReborn: Skipped adding an invalid, null, or dead character.
19:20:13.3472 [WARN]   Keen: SurvivalReborn: Character definition for  is null!
19:20:13.3472 [WARN]   Keen: SurvivalReborn: Skipped adding an invalid, null, or dead character.
19:20:15.0132 [WARN]   Keen: SurvivalReborn: Character definition for  is null!
19:20:15.0132 [WARN]   Keen: SurvivalReborn: Skipped adding an invalid, null, or dead character.
19:20:16.6804 [WARN]   Keen: SurvivalReborn: Character definition for  is null!
19:20:16.6804 [WARN]   Keen: SurvivalReborn: Skipped adding an invalid, null, or dead character.
19:56:33.0156 [ERROR]  Keen: No ice material suitable for ice cluster. Ice cluster will not be generated!
19:56:33.0156 [ERROR]  Keen: No ice material suitable for ice cluster. Ice cluster will not be generated!
19:56:33.0156 [ERROR]  Keen: No ice material suitable for ice cluster. Ice cluster will not be generated!
19:56:33.0156 [ERROR]  Keen: No ice material suitable for ice cluster. Ice cluster will not be generated!
19:56:33.0156 [ERROR]  Keen: No ice material suitable for ice cluster. Ice cluster will not be generated!
19:56:33.0156 [ERROR]  Keen: No ice material suitable for ice cluster. Ice cluster will not be generated!
19:56:33.0156 [ERROR]  Keen: No ice material suitable for ice cluster. Ice cluster will not be generated!
19:56:33.0156 [ERROR]  Keen: No ice material suitable for ice cluster. Ice cluster will not be generated!
19:56:35.9326 [WARN]   Keen: Trying to remove entity with name MyRemoteControl {10332970CD50F3B} A.IS-MIN-I3 Remote Control 1 that is not yet replicated on client
20:00:39.2501 [WARN]   Keen: Trying to remove entity with name MyRemoteControl {10332970CD50F3B} A.IS-MIN-I3 Remote Control 1 that is not yet replicated on client
20:33:14.3751 [WARN]   Keen: Trying to remove entity with name MyRemoteControl {14CB29DF0757173} A.IS-MIN-I3 Remote Control 1 that is not yet replicated on client
20:33:15.6195 [WARN]   Keen: Trying to remove entity with name Default_Astronaut_Female that is not yet replicated on client
20:33:16.7636 [WARN]   Keen: Trying to remove entity with name MyRemoteControl {158C806CE51038B} Remote Control that is not yet replicated on client
20:33:18.7882 [WARN]   Keen: Trying to remove entity with name MyRemoteControl {1C25A2F8E940F84} Remote Control that is not yet replicated on client
21:12:45.0061 [WARN]   Keen: Trying to remove entity with name MyRemoteControl {1D90D6F8B2198ED} Welder Remote Control 2 that is not yet replicated on client
21:26:53.8673 [WARN]   Keen: SurvivalReborn: Character definition for  is null!
21:26:53.8673 [WARN]   Keen: SurvivalReborn: Skipped adding an invalid, null, or dead character.
21:26:55.5362 [WARN]   Keen: SurvivalReborn: Character definition for  is null!
21:26:55.5362 [WARN]   Keen: SurvivalReborn: Skipped adding an invalid, null, or dead character.
21:43:47.3647 [INFO]   Torch.Server.Managers.MultiplayerManagerDedicated: Connection attempt by 76561198143574867 from 97.126.91.148
21:43:47.3811 [INFO]   Torch.Managers.MultiplayerManagerBase: Player Pyro joined (76561198143574867)
21:48:04.0933 [WARN]   Keen: SurvivalReborn: Character definition for  is null!
21:48:04.0933 [WARN]   Keen: SurvivalReborn: Skipped adding an invalid, null, or dead character.
21:48:05.7608 [WARN]   Keen: SurvivalReborn: Character definition for  is null!
21:48:05.7608 [WARN]   Keen: SurvivalReborn: Skipped adding an invalid, null, or dead character.
21:48:07.4267 [WARN]   Keen: SurvivalReborn: Character definition for  is null!
21:48:07.4267 [WARN]   Keen: SurvivalReborn: Skipped adding an invalid, null, or dead character.
21:48:09.0958 [WARN]   Keen: SurvivalReborn: Character definition for  is null!
21:48:09.0958 [WARN]   Keen: SurvivalReborn: Skipped adding an invalid, null, or dead character.
21:52:15.9256 [WARN]   Keen: SurvivalReborn: Character definition for  is null!
21:52:15.9256 [WARN]   Keen: SurvivalReborn: Skipped adding an invalid, null, or dead character.
21:54:19.4077 [WARN]   Keen: Trying to remove entity with name MyRemoteControl {1C25A2F8E940F84} Remote Control that is not yet replicated on client
21:54:21.1382 [WARN]   Keen: Trying to remove entity with name Default_Astronaut_Female that is not yet replicated on client
21:54:23.1882 [WARN]   Keen: Trying to remove entity with name MyRemoteControl {158C806CE51038B} Remote Control that is not yet replicated on client
21:55:05.8862 [WARN]   Keen: Trying to remove entity with name MyRemoteControl {14CB29DF0757173} A.IS-MIN-I3 Remote Control 1 that is not yet replicated on client
21:55:06.7595 [WARN]   Keen: Trying to remove entity with name MyRemoteControl {1C25A2F8E940F84} Remote Control that is not yet replicated on client
21:55:08.1080 [WARN]   Keen: Trying to remove entity with name MyRemoteControl {158C806CE51038B} Remote Control that is not yet replicated on client
21:56:35.9227 [INFO]   Torch.Managers.MultiplayerManagerBase: Pyro (76561198143574867) Disconnected.
21:57:17.2701 [INFO]   Torch.Managers.MultiplayerManagerBase: [007...867] (76561198143574867) Disconnected.
22:01:34.5853 [WARN]   Keen: SurvivalReborn: Character definition for  is null!
22:01:34.5853 [WARN]   Keen: SurvivalReborn: Skipped adding an invalid, null, or dead character.
22:01:36.2636 [WARN]   Keen: SurvivalReborn: Character definition for  is null!
22:01:36.2636 [WARN]   Keen: SurvivalReborn: Skipped adding an invalid, null, or dead character.
22:01:37.9202 [WARN]   Keen: SurvivalReborn: Character definition for  is null!
22:01:37.9202 [WARN]   Keen: SurvivalReborn: Skipped adding an invalid, null, or dead character.
22:01:39.5855 [WARN]   Keen: SurvivalReborn: Character definition for  is null!
22:01:39.5855 [WARN]   Keen: SurvivalReborn: Skipped adding an invalid, null, or dead character.
22:18:14.7490 [WARN]   Keen: SurvivalReborn: Character definition for  is null!
22:18:14.7490 [WARN]   Keen: SurvivalReborn: Skipped adding an invalid, null, or dead character.
22:18:16.4176 [WARN]   Keen: SurvivalReborn: Character definition for  is null!
22:18:16.4176 [WARN]   Keen: SurvivalReborn: Skipped adding an invalid, null, or dead character.
22:18:18.0830 [WARN]   Keen: SurvivalReborn: Character definition for  is null!
22:18:18.0830 [WARN]   Keen: SurvivalReborn: Skipped adding an invalid, null, or dead character.
22:18:19.7510 [WARN]   Keen: SurvivalReborn: Character definition for  is null!
22:18:19.7510 [WARN]   Keen: SurvivalReborn: Skipped adding an invalid, null, or dead character.
22:18:21.4183 [WARN]   Keen: SurvivalReborn: Character definition for  is null!
22:18:21.4183 [WARN]   Keen: SurvivalReborn: Skipped adding an invalid, null, or dead character.
22:18:23.0847 [WARN]   Keen: SurvivalReborn: Character definition for  is null!
22:18:23.0847 [WARN]   Keen: SurvivalReborn: Skipped adding an invalid, null, or dead character.
22:18:24.7505 [WARN]   Keen: SurvivalReborn: Character definition for  is null!
22:18:24.7505 [WARN]   Keen: SurvivalReborn: Skipped adding an invalid, null, or dead character.
22:18:26.4159 [WARN]   Keen: SurvivalReborn: Character definition for  is null!
22:18:26.4159 [WARN]   Keen: SurvivalReborn: Skipped adding an invalid, null, or dead character.
23:08:06.2079 [WARN]   Keen: SurvivalReborn: Character definition for  is null!
23:08:06.2079 [WARN]   Keen: SurvivalReborn: Skipped adding an invalid, null, or dead character.
23:08:07.8747 [WARN]   Keen: SurvivalReborn: Character definition for  is null!
23:08:07.8747 [WARN]   Keen: SurvivalReborn: Skipped adding an invalid, null, or dead character.
23:10:46.2228 [INFO]   Chat: [Global:0] xXHolicsXx: test
