00:18:10.8847 [WARN]   Keen: Trying to remove entity with name MyRemoteControl {1055BF57C3CF056} Remote Control that is not yet replicated on client
00:19:17.6637 [ERROR]  Keen: Quantized BVH Result - model 'Models\Cubes\Large\BatteryLarge.mwm' Planes is null
00:32:36.6824 [WARN]   Keen: Trying to remove entity with name MyRemoteControl {1055BF57C3CF056} Remote Control that is not yet replicated on client
00:43:08.9084 [ERROR]  Keen: No ice material suitable for ice cluster. Ice cluster will not be generated!
00:43:08.9084 [ERROR]  Keen: No ice material suitable for ice cluster. Ice cluster will not be generated!
00:43:17.6784 [ERROR]  Keen: No ice material suitable for ice cluster. Ice cluster will not be generated!
00:43:17.6784 [ERROR]  Keen: No ice material suitable for ice cluster. Ice cluster will not be generated!
00:43:26.8488 [ERROR]  Keen: No ice material suitable for ice cluster. Ice cluster will not be generated!
00:43:26.8488 [ERROR]  Keen: No ice material suitable for ice cluster. Ice cluster will not be generated!
00:43:50.5728 [ERROR]  Keen: No ice material suitable for ice cluster. Ice cluster will not be generated!
01:07:21.4009 [ERROR]  Keen: No ice material suitable for ice cluster. Ice cluster will not be generated!
01:17:58.8985 [WARN]   Keen: Trying to remove entity with name MyRemoteControl {1055BF57C3CF056} Remote Control that is not yet replicated on client
01:21:42.4594 [WARN]   Keen: Trying to remove entity with name MyRemoteControl {1055BF57C3CF056} Remote Control that is not yet replicated on client
01:25:14.7383 [WARN]   Keen: SurvivalReborn: Character definition for  is null!
01:25:14.7383 [WARN]   Keen: SurvivalReborn: Skipped adding an invalid, null, or dead character.
01:25:16.4061 [WARN]   Keen: SurvivalReborn: Character definition for  is null!
01:25:16.4061 [WARN]   Keen: SurvivalReborn: Skipped adding an invalid, null, or dead character.
01:25:18.0728 [WARN]   Keen: SurvivalReborn: Character definition for  is null!
01:25:18.0728 [WARN]   Keen: SurvivalReborn: Skipped adding an invalid, null, or dead character.
01:25:26.9471 [WARN]   Keen: Trying to remove entity with name MyRemoteControl {1055BF57C3CF056} Remote Control that is not yet replicated on client
01:41:24.6975 [WARN]   Keen: Trying to remove entity with name MyRemoteControl {1055BF57C3CF056} Remote Control that is not yet replicated on client
01:42:25.0515 [WARN]   Keen: SurvivalReborn: Character definition for  is null!
01:42:25.0515 [WARN]   Keen: SurvivalReborn: Skipped adding an invalid, null, or dead character.
01:42:26.7173 [WARN]   Keen: SurvivalReborn: Character definition for  is null!
01:42:26.7173 [WARN]   Keen: SurvivalReborn: Skipped adding an invalid, null, or dead character.
01:42:28.3846 [WARN]   Keen: SurvivalReborn: Character definition for  is null!
01:42:28.3846 [WARN]   Keen: SurvivalReborn: Skipped adding an invalid, null, or dead character.
01:42:30.0523 [WARN]   Keen: SurvivalReborn: Character definition for  is null!
01:42:30.0523 [WARN]   Keen: SurvivalReborn: Skipped adding an invalid, null, or dead character.
01:42:31.7173 [WARN]   Keen: SurvivalReborn: Character definition for  is null!
01:42:31.7173 [WARN]   Keen: SurvivalReborn: Skipped adding an invalid, null, or dead character.
01:42:33.3863 [WARN]   Keen: SurvivalReborn: Character definition for  is null!
01:42:33.3863 [WARN]   Keen: SurvivalReborn: Skipped adding an invalid, null, or dead character.
01:42:35.0517 [WARN]   Keen: SurvivalReborn: Character definition for  is null!
01:42:35.0517 [WARN]   Keen: SurvivalReborn: Skipped adding an invalid, null, or dead character.
01:42:36.7195 [WARN]   Keen: SurvivalReborn: Character definition for  is null!
01:42:36.7195 [WARN]   Keen: SurvivalReborn: Skipped adding an invalid, null, or dead character.
01:42:38.3868 [WARN]   Keen: SurvivalReborn: Character definition for  is null!
01:42:38.3868 [WARN]   Keen: SurvivalReborn: Skipped adding an invalid, null, or dead character.
01:42:40.0539 [WARN]   Keen: SurvivalReborn: Character definition for  is null!
01:42:40.0539 [WARN]   Keen: SurvivalReborn: Skipped adding an invalid, null, or dead character.
01:42:41.7180 [WARN]   Keen: SurvivalReborn: Character definition for  is null!
01:42:41.7180 [WARN]   Keen: SurvivalReborn: Skipped adding an invalid, null, or dead character.
01:42:43.3845 [WARN]   Keen: SurvivalReborn: Character definition for  is null!
01:42:43.3845 [WARN]   Keen: SurvivalReborn: Skipped adding an invalid, null, or dead character.
01:42:45.0515 [WARN]   Keen: SurvivalReborn: Character definition for  is null!
01:42:45.0515 [WARN]   Keen: SurvivalReborn: Skipped adding an invalid, null, or dead character.
01:42:46.7174 [WARN]   Keen: SurvivalReborn: Character definition for  is null!
01:42:46.7174 [WARN]   Keen: SurvivalReborn: Skipped adding an invalid, null, or dead character.
01:42:48.3845 [WARN]   Keen: SurvivalReborn: Character definition for  is null!
01:42:48.3845 [WARN]   Keen: SurvivalReborn: Skipped adding an invalid, null, or dead character.
01:58:55.2922 [WARN]   Keen: SurvivalReborn: Character definition for  is null!
01:58:55.2922 [WARN]   Keen: SurvivalReborn: Skipped adding an invalid, null, or dead character.
01:58:56.9596 [WARN]   Keen: SurvivalReborn: Character definition for  is null!
01:58:56.9596 [WARN]   Keen: SurvivalReborn: Skipped adding an invalid, null, or dead character.
01:58:58.6244 [WARN]   Keen: SurvivalReborn: Character definition for  is null!
01:58:58.6244 [WARN]   Keen: SurvivalReborn: Skipped adding an invalid, null, or dead character.
01:59:00.2930 [WARN]   Keen: SurvivalReborn: Character definition for  is null!
01:59:00.2930 [WARN]   Keen: SurvivalReborn: Skipped adding an invalid, null, or dead character.
02:01:43.2807 [WARN]   Keen: Trying to remove entity with name MyRemoteControl {1055BF57C3CF056} Remote Control that is not yet replicated on client
02:25:10.3913 [WARN]   Keen: Trying to remove entity with name MyRemoteControl {1055BF57C3CF056} Remote Control that is not yet replicated on client
02:31:33.9562 [WARN]   Keen: Trying to remove entity with name MyRemoteControl {1055BF57C3CF056} Remote Control that is not yet replicated on client
02:36:54.4979 [WARN]   Keen: Trying to remove entity with name MyRemoteControl {1055BF57C3CF056} Remote Control that is not yet replicated on client
02:55:27.8272 [WARN]   Keen: SurvivalReborn: Character definition for  is null!
02:55:27.8272 [WARN]   Keen: SurvivalReborn: Skipped adding an invalid, null, or dead character.
02:55:29.5114 [WARN]   Keen: SurvivalReborn: Character definition for  is null!
02:55:29.5114 [WARN]   Keen: SurvivalReborn: Skipped adding an invalid, null, or dead character.
02:55:32.8278 [WARN]   Keen: SurvivalReborn: Character definition for  is null!
02:55:32.8278 [WARN]   Keen: SurvivalReborn: Skipped adding an invalid, null, or dead character.
02:55:34.4981 [WARN]   Keen: SurvivalReborn: Character definition for  is null!
02:55:34.4981 [WARN]   Keen: SurvivalReborn: Skipped adding an invalid, null, or dead character.
02:55:36.1617 [WARN]   Keen: SurvivalReborn: Character definition for  is null!
02:55:36.1617 [WARN]   Keen: SurvivalReborn: Skipped adding an invalid, null, or dead character.
02:56:30.7574 [WARN]   Keen: Validation of sync value ID 1 failed.
03:13:26.6758 [WARN]   Keen: SurvivalReborn: Character definition for  is null!
03:13:26.6758 [WARN]   Keen: SurvivalReborn: Skipped adding an invalid, null, or dead character.
03:37:40.3498 [INFO]   Torch.Managers.MultiplayerManagerBase: xXHolicsXx (76561199253002098) Disconnected.
03:38:39.3029 [INFO]   Torch.Managers.MultiplayerManagerBase: [007...098] (76561199253002098) Disconnected.
12:16:37.4656 [INFO]   Torch: Stopping server.
12:16:37.4656 [WARN]   Torch: Failed to wait for the game to be stopped
12:16:37.4656 [INFO]   Torch: Server stopped.
12:16:37.4905 [INFO]   Torch.Session.TorchSessionManager: Unloading torch session for Protocol 51 Star System
12:16:37.4905 [INFO]   Torch.Server.Managers.MultiplayerManagerDedicated: Removed authentication intercept
12:16:41.0395 [INFO]   Torch.Session.TorchSessionManager: Unloaded torch session for Protocol 51 Star System
