17:30:49.9865 [INFO]   Torch.Patches.MessageSizeLimitPatch: Patched MessageSizeLimit
17:30:49.9934 [INFO]   Torch.Managers.PatchManager.PatchManager: Patching begins...
17:30:50.1119 [INFO]   Torch.Managers.PatchManager.PatchManager: Patched 2/14.  (14%)
17:30:50.1119 [INFO]   Torch.Managers.PatchManager.PatchManager: Patched 3/14.  (21%)
17:30:50.1441 [INFO]   Torch.Managers.PatchManager.PatchManager: Patched 5/14.  (35%)
17:30:50.1441 [INFO]   Torch.Managers.PatchManager.PatchManager: Patched 6/14.  (42%)
17:30:50.1441 [INFO]   Torch.Managers.PatchManager.PatchManager: Patched 7/14.  (50%)
17:30:50.1441 [INFO]   Torch.Managers.PatchManager.PatchManager: Patched 9/14.  (64%)
17:30:50.1441 [INFO]   Torch.Managers.PatchManager.PatchManager: Patched 10/14.  (71%)
17:30:50.1441 [INFO]   Torch.Managers.PatchManager.PatchManager: Patched 12/14.  (85%)
17:30:50.1697 [INFO]   Torch.Managers.PatchManager.PatchManager: Patched 13/14.  (92%)
17:30:50.1697 [INFO]   Torch.Managers.PatchManager.PatchManager: Patched 14/14.  (100%)
17:30:50.1697 [INFO]   Torch.Managers.PatchManager.PatchManager: Patching done
17:30:50.1697 [INFO]   Torch.Patches.ModsDownloadingPatch: Patching mods downloading
17:30:50.2195 [INFO]   Torch.Patches.PromotePatch: patching promote
17:30:50.2195 [INFO]   Torch.Patches.ServerResponsePatch: Patching Steam response polling
17:30:50.2195 [INFO]   Torch.Patches.SteamLoginPatch: Applied custom WaitStart timeout
17:30:50.2396 [INFO]   Torch: Initializing server
17:30:50.4400 [INFO]   Torch: RELEASE
17:30:50.4400 [INFO]   Torch: Torch Version: v1.3.1.228-master
17:30:50.4400 [INFO]   Torch: Game Version: 1.202.68
17:30:50.4400 [INFO]   Torch: Executing assembly: Torch.Server, Version=1.3.1.228, Culture=neutral, PublicKeyToken=null
17:30:50.4400 [INFO]   Torch: Executing directory: C:\SEServer\
17:30:50.4471 [INFO]   Torch.Managers.PluginManager: Loading plugins...
17:30:50.4471 [INFO]   Torch.Managers.PluginManager: Checking for plugin updates...
17:30:50.4471 [INFO]   Torch.Managers.PluginManager: Updated 0 plugins.
17:30:50.4641 [INFO]   Torch.Managers.PluginManager: Loaded 0 plugins.
17:30:50.7142 [INFO]   Torch.VRageGame: Loading Dedicated Config
17:30:50.7142 [INFO]   Torch.VRageGame: Initializing network services
17:30:50.7142 [INFO]   Torch.VRageGame: Initializing services
17:30:50.7142 [INFO]   Torch.VRageGame: Services initialized
17:30:50.7392 [INFO]   Torch.VRageGame: Setting up serializers
17:30:51.7624 [INFO]   InstanceManager: Loading instance C:\SEServer\Instance
17:30:51.7624 [WARN]   InstanceManager: No worlds found in the current instance C:\SEServer\Instance.
17:30:51.7764 [INFO]   Torch: Initialized server 'Instance' at 'C:\SEServer\Instance'
17:30:52.3488 [INFO]   Torch.Managers.UpdateManager: Torch is up to date.
